#
# There is insufficient memory for the Java Runtime Environment to continue.
# Native memory allocation (malloc) failed to allocate 952816 bytes for Chunk::new
# Possible reasons:
#   The system is out of physical RAM or swap space
#   The process is running with CompressedOops enabled, and the Java Heap may be blocking the growth of the native heap
# Possible solutions:
#   Reduce memory load on the system
#   Increase physical memory or swap space
#   Check if swap backing store is full
#   Decrease Java heap size (-Xmx/-Xms)
#   Decrease number of Java threads
#   Decrease Java thread stack sizes (-Xss)
#   Set larger code cache with -XX:ReservedCodeCacheSize=
#   JVM is running with Zero Based Compressed Oops mode in which the Java heap is
#     placed in the first 32GB address space. The Java Heap base address is the
#     maximum limit for the native heap growth. Please use -XX:HeapBaseMinAddress
#     to set the Java Heap base and to place the Java Heap above 32GB virtual address.
# This output file may be truncated or incomplete.
#
#  Out of Memory Error (arena.cpp:189), pid=35240, tid=35272
#
# JRE version: OpenJDK Runtime Environment (17.0.6) (build 17.0.6+0-b2043.56-10027231)
# Java VM: OpenJDK 64-Bit Server VM (17.0.6+0-b2043.56-10027231, mixed mode, tiered, compressed oops, compressed class ptrs, g1 gc, windows-amd64)
# No core dump will be written. Minidumps are not enabled by default on client versions of Windows
#

---------------  S U M M A R Y ------------

Command Line: org.jetbrains.kotlin.cli.jvm.K2JVMCompiler @C:\Users\ABDO\Desktop\i-Freeze\SecuriteAndroidApp\app\build\20240211_2241286928819745574.compiler.options

Host: Intel(R) Core(TM) i5-4200M CPU @ 2.50GHz, 4 cores, 11G,  Windows 10 , 64 bit Build 19041 (10.0.19041.3636)
Time: Sun Feb 11 15:57:43 2024 Egypt Standard Time elapsed time: 19.235747 seconds (0d 0h 0m 19s)

---------------  T H R E A D  ---------------

Current thread (0x000001db51c8e080):  JavaThread "C2 CompilerThread0" daemon [_thread_in_native, id=35272, stack(0x00000077d6600000,0x00000077d6700000)]


Current CompileTask:
C2:  19235 7175       4       org.jetbrains.kotlin.load.java.structure.impl.classFiles.BinaryJavaMethodBase$Companion::create (572 bytes)

Stack: [0x00000077d6600000,0x00000077d6700000]
Native frames: (J=compiled Java code, j=interpreted, Vv=VM code, C=native code)
V  [jvm.dll+0x683c9a]
V  [jvm.dll+0x8427a4]
V  [jvm.dll+0x843f9e]
V  [jvm.dll+0x844603]
V  [jvm.dll+0x249b75]
V  [jvm.dll+0xabcac]
V  [jvm.dll+0xac27c]
V  [jvm.dll+0x2b0eef]
V  [jvm.dll+0x58a267]
V  [jvm.dll+0x2243b2]
V  [jvm.dll+0x22478f]
V  [jvm.dll+0x21e055]
V  [jvm.dll+0x21b51b]
V  [jvm.dll+0x1a4fdd]
V  [jvm.dll+0x22b098]
V  [jvm.dll+0x229159]
V  [jvm.dll+0x7f81ec]
V  [jvm.dll+0x7f274a]
V  [jvm.dll+0x682ad5]
C  [ucrtbase.dll+0x21bb2]
C  [KERNEL32.DLL+0x17344]
C  [ntdll.dll+0x526b1]


---------------  P R O C E S S  ---------------

Threads class SMR info:
_java_thread_list=0x000001db524754b0, length=13, elements={
0x000001db35cf34d0, 0x000001db513ce9c0, 0x000001db51c448e0, 0x000001db51c73d10,
0x000001db51c777e0, 0x000001db51c78190, 0x000001db51c78b40, 0x000001db51c8e080,
0x000001db51c979a0, 0x000001db51ca3fb0, 0x000001db51de11a0, 0x000001db51de6690,
0x000001db58e79330
}

Java Threads: ( => current thread )
  0x000001db35cf34d0 JavaThread "main" [_thread_in_vm, id=35908, stack(0x00000077d5900000,0x00000077d5a00000)]
  0x000001db513ce9c0 JavaThread "Reference Handler" daemon [_thread_blocked, id=39004, stack(0x00000077d6000000,0x00000077d6100000)]
  0x000001db51c448e0 JavaThread "Finalizer" daemon [_thread_blocked, id=35356, stack(0x00000077d6100000,0x00000077d6200000)]
  0x000001db51c73d10 JavaThread "Signal Dispatcher" daemon [_thread_blocked, id=40352, stack(0x00000077d6200000,0x00000077d6300000)]
  0x000001db51c777e0 JavaThread "Attach Listener" daemon [_thread_blocked, id=15624, stack(0x00000077d6300000,0x00000077d6400000)]
  0x000001db51c78190 JavaThread "Service Thread" daemon [_thread_blocked, id=38872, stack(0x00000077d6400000,0x00000077d6500000)]
  0x000001db51c78b40 JavaThread "Monitor Deflation Thread" daemon [_thread_blocked, id=40672, stack(0x00000077d6500000,0x00000077d6600000)]
=>0x000001db51c8e080 JavaThread "C2 CompilerThread0" daemon [_thread_in_native, id=35272, stack(0x00000077d6600000,0x00000077d6700000)]
  0x000001db51c979a0 JavaThread "C1 CompilerThread0" daemon [_thread_blocked, id=34836, stack(0x00000077d6700000,0x00000077d6800000)]
  0x000001db51ca3fb0 JavaThread "Sweeper thread" daemon [_thread_blocked, id=33032, stack(0x00000077d6800000,0x00000077d6900000)]
  0x000001db51de11a0 JavaThread "Notification Thread" daemon [_thread_blocked, id=28856, stack(0x00000077d6900000,0x00000077d6a00000)]
  0x000001db51de6690 JavaThread "Common-Cleaner" daemon [_thread_blocked, id=12052, stack(0x00000077d6b00000,0x00000077d6c00000)]
  0x000001db58e79330 JavaThread "C2 CompilerThread1" daemon [_thread_in_native, id=37432, stack(0x00000077d6f00000,0x00000077d7000000)]

Other Threads:
  0x000001db51392c10 VMThread "VM Thread" [stack: 0x00000077d5f00000,0x00000077d6000000] [id=38436]
  0x000001db35d5cfa0 WatcherThread [stack: 0x00000077d6a00000,0x00000077d6b00000] [id=36344]
  0x000001db35d48c30 GCTaskThread "GC Thread#0" [stack: 0x00000077d5a00000,0x00000077d5b00000] [id=33272]
  0x000001db5211c940 GCTaskThread "GC Thread#1" [stack: 0x00000077d6c00000,0x00000077d6d00000] [id=37836]
  0x000001db5211cbf0 GCTaskThread "GC Thread#2" [stack: 0x00000077d6d00000,0x00000077d6e00000] [id=35668]
  0x000001db5211cea0 GCTaskThread "GC Thread#3" [stack: 0x00000077d6e00000,0x00000077d6f00000] [id=37044]
  0x000001db35d552b0 ConcurrentGCThread "G1 Main Marker" [stack: 0x00000077d5b00000,0x00000077d5c00000] [id=37900]
  0x000001db35d56cd0 ConcurrentGCThread "G1 Conc#0" [stack: 0x00000077d5c00000,0x00000077d5d00000] [id=28180]
  0x000001db35dbea10 ConcurrentGCThread "G1 Refine#0" [stack: 0x00000077d5d00000,0x00000077d5e00000] [id=39956]
  0x000001db538d28f0 ConcurrentGCThread "G1 Refine#1" [stack: 0x00000077d7000000,0x00000077d7100000] [id=36084]
  0x000001db51244a30 ConcurrentGCThread "G1 Service" [stack: 0x00000077d5e00000,0x00000077d5f00000] [id=39256]

Threads with active compile tasks:
C2 CompilerThread0    19267 7175       4       org.jetbrains.kotlin.load.java.structure.impl.classFiles.BinaryJavaMethodBase$Companion::create (572 bytes)
C2 CompilerThread1    19267 7189 %     4       org.jetbrains.kotlin.cli.jvm.index.JvmDependenciesIndexImpl::search @ 178 (379 bytes)

VM state: not at safepoint (normal execution)

VM Mutex/Monitor currently owned by a thread: None

Heap address: 0x0000000748c00000, size: 2932 MB, Compressed Oops mode: Zero based, Oop shift amount: 3

CDS archive(s) not mapped
Compressed class space mapped at: 0x0000000800000000-0x0000000840000000, reserved size: 1073741824
Narrow klass base: 0x0000000800000000, Narrow klass shift: 0, Narrow klass range: 0x40000000

GC Precious Log:
 CPUs: 4 total, 4 available
 Memory: 11721M
 Large Page Support: Disabled
 NUMA Support: Disabled
 Compressed Oops: Enabled (Zero based)
 Heap Region Size: 2M
 Heap Min Capacity: 8M
 Heap Initial Capacity: 184M
 Heap Max Capacity: 2932M
 Pre-touch: Disabled
 Parallel Workers: 4
 Concurrent Workers: 1
 Concurrent Refinement Workers: 4
 Periodic GC: Disabled

Heap:
 garbage-first heap   total 96256K, used 70522K [0x0000000748c00000, 0x0000000800000000)
  region size 2048K, 9 young (18432K), 2 survivors (4096K)
 Metaspace       used 61150K, committed 61504K, reserved 1105920K
  class space    used 7197K, committed 7360K, reserved 1048576K

Heap Regions: E=young(eden), S=young(survivor), O=old, HS=humongous(starts), HC=humongous(continues), CS=collection set, F=free, OA=open archive, CA=closed archive, TAMS=top-at-mark-start (previous, next)
|   0|0x0000000748c00000, 0x0000000748e00000, 0x0000000748e00000|100%|HS|  |TAMS 0x0000000748e00000, 0x0000000748c00000| Complete 
|   1|0x0000000748e00000, 0x0000000749000000, 0x0000000749000000|100%|HC|  |TAMS 0x0000000749000000, 0x0000000748e00000| Complete 
|   2|0x0000000749000000, 0x00000007491fb200, 0x0000000749200000| 99%| O|  |TAMS 0x00000007491fb200, 0x0000000749000000| Untracked 
|   3|0x0000000749200000, 0x0000000749400000, 0x0000000749400000|100%|HS|  |TAMS 0x0000000749400000, 0x0000000749200000| Complete 
|   4|0x0000000749400000, 0x0000000749600000, 0x0000000749600000|100%|HC|  |TAMS 0x0000000749600000, 0x0000000749400000| Complete 
|   5|0x0000000749600000, 0x0000000749800000, 0x0000000749800000|100%| O|  |TAMS 0x0000000749800000, 0x0000000749600000| Untracked 
|   6|0x0000000749800000, 0x0000000749a00000, 0x0000000749a00000|100%| O|  |TAMS 0x0000000749a00000, 0x0000000749800000| Untracked 
|   7|0x0000000749a00000, 0x0000000749c00000, 0x0000000749c00000|100%| O|  |TAMS 0x0000000749c00000, 0x0000000749a00000| Untracked 
|   8|0x0000000749c00000, 0x0000000749e00000, 0x0000000749e00000|100%| O|  |TAMS 0x0000000749e00000, 0x0000000749c00000| Untracked 
|   9|0x0000000749e00000, 0x000000074a000000, 0x000000074a000000|100%| O|  |TAMS 0x000000074a000000, 0x0000000749e00000| Untracked 
|  10|0x000000074a000000, 0x000000074a200000, 0x000000074a200000|100%| O|  |TAMS 0x000000074a200000, 0x000000074a000000| Untracked 
|  11|0x000000074a200000, 0x000000074a400000, 0x000000074a400000|100%| O|  |TAMS 0x000000074a400000, 0x000000074a200000| Untracked 
|  12|0x000000074a400000, 0x000000074a600000, 0x000000074a600000|100%| O|  |TAMS 0x000000074a600000, 0x000000074a400000| Untracked 
|  13|0x000000074a600000, 0x000000074a800000, 0x000000074a800000|100%| O|  |TAMS 0x000000074a800000, 0x000000074a600000| Untracked 
|  14|0x000000074a800000, 0x000000074aa00000, 0x000000074aa00000|100%| O|  |TAMS 0x000000074aa00000, 0x000000074a800000| Untracked 
|  15|0x000000074aa00000, 0x000000074ac00000, 0x000000074ac00000|100%| O|  |TAMS 0x000000074ac00000, 0x000000074aa00000| Untracked 
|  16|0x000000074ac00000, 0x000000074ae00000, 0x000000074ae00000|100%| O|  |TAMS 0x000000074ae00000, 0x000000074ac00000| Untracked 
|  17|0x000000074ae00000, 0x000000074b000000, 0x000000074b000000|100%| O|  |TAMS 0x000000074b000000, 0x000000074ae00000| Untracked 
|  18|0x000000074b000000, 0x000000074b200000, 0x000000074b200000|100%| O|  |TAMS 0x000000074b200000, 0x000000074b000000| Untracked 
|  19|0x000000074b200000, 0x000000074b400000, 0x000000074b400000|100%|HS|  |TAMS 0x000000074b400000, 0x000000074b200000| Complete 
|  20|0x000000074b400000, 0x000000074b600000, 0x000000074b600000|100%| O|  |TAMS 0x000000074b600000, 0x000000074b400000| Untracked 
|  21|0x000000074b600000, 0x000000074b800000, 0x000000074b800000|100%| O|  |TAMS 0x000000074b800000, 0x000000074b600000| Untracked 
|  22|0x000000074b800000, 0x000000074ba00000, 0x000000074ba00000|100%| O|  |TAMS 0x000000074ba00000, 0x000000074b800000| Untracked 
|  23|0x000000074ba00000, 0x000000074bc00000, 0x000000074bc00000|100%| O|  |TAMS 0x000000074ba98c00, 0x000000074ba00000| Untracked 
|  24|0x000000074bc00000, 0x000000074be00000, 0x000000074be00000|100%| O|  |TAMS 0x000000074bc00000, 0x000000074bc00000| Untracked 
|  25|0x000000074be00000, 0x000000074c000000, 0x000000074c000000|100%| O|  |TAMS 0x000000074be00000, 0x000000074be00000| Untracked 
|  26|0x000000074c000000, 0x000000074c18e200, 0x000000074c200000| 77%| O|  |TAMS 0x000000074c000000, 0x000000074c000000| Untracked 
|  27|0x000000074c200000, 0x000000074c200000, 0x000000074c400000|  0%| F|  |TAMS 0x000000074c200000, 0x000000074c200000| Untracked 
|  28|0x000000074c400000, 0x000000074c400000, 0x000000074c600000|  0%| F|  |TAMS 0x000000074c400000, 0x000000074c400000| Untracked 
|  29|0x000000074c600000, 0x000000074c600000, 0x000000074c800000|  0%| F|  |TAMS 0x000000074c600000, 0x000000074c600000| Untracked 
|  30|0x000000074c800000, 0x000000074c800000, 0x000000074ca00000|  0%| F|  |TAMS 0x000000074c800000, 0x000000074c800000| Untracked 
|  31|0x000000074ca00000, 0x000000074ca00000, 0x000000074cc00000|  0%| F|  |TAMS 0x000000074ca00000, 0x000000074ca00000| Untracked 
|  32|0x000000074cc00000, 0x000000074cc00000, 0x000000074ce00000|  0%| F|  |TAMS 0x000000074cc00000, 0x000000074cc00000| Untracked 
|  33|0x000000074ce00000, 0x000000074ce00000, 0x000000074d000000|  0%| F|  |TAMS 0x000000074ce00000, 0x000000074ce00000| Untracked 
|  34|0x000000074d000000, 0x000000074d000000, 0x000000074d200000|  0%| F|  |TAMS 0x000000074d000000, 0x000000074d000000| Untracked 
|  35|0x000000074d200000, 0x000000074d200000, 0x000000074d400000|  0%| F|  |TAMS 0x000000074d200000, 0x000000074d200000| Untracked 
|  36|0x000000074d400000, 0x000000074d400000, 0x000000074d600000|  0%| F|  |TAMS 0x000000074d400000, 0x000000074d400000| Untracked 
|  37|0x000000074d600000, 0x000000074d7557c0, 0x000000074d800000| 66%| S|CS|TAMS 0x000000074d600000, 0x000000074d600000| Complete 
|  38|0x000000074d800000, 0x000000074da00000, 0x000000074da00000|100%| S|CS|TAMS 0x000000074d800000, 0x000000074d800000| Complete 
|  39|0x000000074da00000, 0x000000074da00000, 0x000000074dc00000|  0%| F|  |TAMS 0x000000074da00000, 0x000000074da00000| Untracked 
|  40|0x000000074dc00000, 0x000000074dcf6878, 0x000000074de00000| 48%| E|  |TAMS 0x000000074dc00000, 0x000000074dc00000| Complete 
|  41|0x000000074de00000, 0x000000074e000000, 0x000000074e000000|100%| E|CS|TAMS 0x000000074de00000, 0x000000074de00000| Complete 
|  42|0x000000074e000000, 0x000000074e200000, 0x000000074e200000|100%| E|CS|TAMS 0x000000074e000000, 0x000000074e000000| Complete 
|  72|0x0000000751c00000, 0x0000000751e00000, 0x0000000751e00000|100%| E|CS|TAMS 0x0000000751c00000, 0x0000000751c00000| Complete 
|  73|0x0000000751e00000, 0x0000000752000000, 0x0000000752000000|100%| E|CS|TAMS 0x0000000751e00000, 0x0000000751e00000| Complete 
|  74|0x0000000752000000, 0x0000000752200000, 0x0000000752200000|100%| E|CS|TAMS 0x0000000752000000, 0x0000000752000000| Complete 
|  91|0x0000000754200000, 0x0000000754400000, 0x0000000754400000|100%| E|CS|TAMS 0x0000000754200000, 0x0000000754200000| Complete 

Card table byte_map: [0x000001db48780000,0x000001db48d40000] _byte_map_base: 0x000001db44d3a000

Marking Bits (Prev, Next): (CMBitMap*) 0x000001db35d49280, (CMBitMap*) 0x000001db35d49240
 Prev Bits: [0x000001db4c0d0000, 0x000001db4eea0000)
 Next Bits: [0x000001db49300000, 0x000001db4c0d0000)

Polling page: 0x000001db33b30000

Metaspace:

Usage:
  Non-class:     52.69 MB used.
      Class:      7.03 MB used.
       Both:     59.72 MB used.

Virtual space:
  Non-class space:       56.00 MB reserved,      52.88 MB ( 94%) committed,  7 nodes.
      Class space:        1.00 GB reserved,       7.19 MB ( <1%) committed,  1 nodes.
             Both:        1.05 GB reserved,      60.06 MB (  6%) committed. 

Chunk freelists:
   Non-Class:  2.85 MB
       Class:  816.00 KB
        Both:  3.65 MB

MaxMetaspaceSize: unlimited
CompressedClassSpaceSize: 1.00 GB
Initial GC threshold: 21.00 MB
Current GC threshold: 98.12 MB
CDS: off
MetaspaceReclaimPolicy: balanced
 - commit_granule_bytes: 65536.
 - commit_granule_words: 8192.
 - virtual_space_node_default_size: 1048576.
 - enlarge_chunks_in_place: 1.
 - new_chunks_are_fully_committed: 0.
 - uncommit_free_chunks: 1.
 - use_allocation_guard: 0.
 - handle_deallocations: 1.


Internal statistics:

num_allocs_failed_limit: 3.
num_arena_births: 300.
num_arena_deaths: 0.
num_vsnodes_births: 8.
num_vsnodes_deaths: 0.
num_space_committed: 959.
num_space_uncommitted: 0.
num_chunks_returned_to_freelist: 3.
num_chunks_taken_from_freelist: 2187.
num_chunk_merges: 0.
num_chunk_splits: 1713.
num_chunks_enlarged: 1479.
num_purges: 0.
num_inconsistent_stats: 0.

CodeHeap 'non-profiled nmethods': size=120000Kb used=3217Kb max_used=3358Kb free=116782Kb
 bounds [0x000001db40c90000, 0x000001db40fe0000, 0x000001db481c0000]
CodeHeap 'profiled nmethods': size=120000Kb used=14384Kb max_used=14384Kb free=105615Kb
 bounds [0x000001db391c0000, 0x000001db39fd0000, 0x000001db406f0000]
CodeHeap 'non-nmethods': size=5760Kb used=1307Kb max_used=1348Kb free=4453Kb
 bounds [0x000001db406f0000, 0x000001db40960000, 0x000001db40c90000]
 total_blobs=6926 nmethods=6304 adapters=533
 compilation: enabled
              stopped_count=0, restarted_count=0
 full_count=0

Compilation events (20 events):
Event: 19.214 Thread 0x000001db51c979a0 7266       3       org.jetbrains.kotlin.descriptors.impl.ClassDescriptorBase::<init> (57 bytes)
Event: 19.214 Thread 0x000001db51c979a0 nmethod 7266 0x000001db39fcae90 code [0x000001db39fcb080, 0x000001db39fcb488]
Event: 19.217 Thread 0x000001db51c979a0 7267       3       org.jetbrains.kotlin.load.java.structure.impl.classFiles.BinaryJavaModifierListOwner::isAbstract (10 bytes)
Event: 19.218 Thread 0x000001db51c979a0 nmethod 7267 0x000001db39fcb590 code [0x000001db39fcb740, 0x000001db39fcb928]
Event: 19.218 Thread 0x000001db51c979a0 7268       3       org.jetbrains.kotlin.descriptors.Modality$Companion::convertFromFlags (35 bytes)
Event: 19.218 Thread 0x000001db51c979a0 nmethod 7268 0x000001db39fcba10 code [0x000001db39fcbbc0, 0x000001db39fcbe58]
Event: 19.225 Thread 0x000001db51c979a0 7269       3       org.jetbrains.kotlin.com.intellij.util.containers.SLRUMap$2::removeEldestEntry (27 bytes)
Event: 19.225 Thread 0x000001db51c979a0 nmethod 7269 0x000001db39fcbf10 code [0x000001db39fcc0c0, 0x000001db39fcc3c8]
Event: 19.230 Thread 0x000001db51c979a0 7270       3       org.jetbrains.kotlin.metadata.jvm.JvmProtoBuf$JvmPropertySignature$Builder::maybeForceBuilderInitialization (1 bytes)
Event: 19.230 Thread 0x000001db51c979a0 nmethod 7270 0x000001db39fcc510 code [0x000001db39fcc6a0, 0x000001db39fcc7b8]
Event: 19.230 Thread 0x000001db51c979a0 7271       3       org.jetbrains.kotlin.metadata.jvm.JvmProtoBuf$JvmPropertySignature$Builder::mergeFrom (7 bytes)
Event: 19.230 Thread 0x000001db51c979a0 nmethod 7271 0x000001db39fcc890 code [0x000001db39fcca20, 0x000001db39fccb68]
Event: 19.230 Thread 0x000001db51c979a0 7272   !   3       org.jetbrains.kotlin.metadata.jvm.JvmProtoBuf$JvmPropertySignature$Builder::mergeFrom (60 bytes)
Event: 19.230 Thread 0x000001db51c979a0 nmethod 7272 0x000001db39fccc10 code [0x000001db39fcce00, 0x000001db39fcd438]
Event: 19.231 Thread 0x000001db51c979a0 7273       3       org.jetbrains.kotlin.metadata.jvm.JvmProtoBuf$JvmPropertySignature$1::parsePartialFrom (7 bytes)
Event: 19.231 Thread 0x000001db51c979a0 nmethod 7273 0x000001db39fcd690 code [0x000001db39fcd820, 0x000001db39fcd968]
Event: 19.231 Thread 0x000001db51c979a0 7274       3       org.jetbrains.kotlin.metadata.jvm.JvmProtoBuf$JvmPropertySignature$1::parsePartialFrom (11 bytes)
Event: 19.231 Thread 0x000001db51c979a0 nmethod 7274 0x000001db39fcda10 code [0x000001db39fcdbc0, 0x000001db39fcddc8]
Event: 19.231 Thread 0x000001db51c979a0 7275       3       org.jetbrains.kotlin.metadata.jvm.JvmProtoBuf$JvmPropertySignature::<init> (7 bytes)
Event: 19.231 Thread 0x000001db51c979a0 nmethod 7275 0x000001db39fcdf10 code [0x000001db39fce0a0, 0x000001db39fce1e8]

GC Heap History (20 events):
Event: 10.307 GC heap before
{Heap before GC invocations=16 (full 0):
 garbage-first heap   total 61440K, used 46430K [0x0000000748c00000, 0x0000000800000000)
  region size 2048K, 7 young (14336K), 1 survivors (2048K)
 Metaspace       used 46848K, committed 47104K, reserved 1097728K
  class space    used 5627K, committed 5760K, reserved 1048576K
}
Event: 10.318 GC heap after
{Heap after GC invocations=17 (full 0):
 garbage-first heap   total 61440K, used 36088K [0x0000000748c00000, 0x0000000800000000)
  region size 2048K, 1 young (2048K), 1 survivors (2048K)
 Metaspace       used 46848K, committed 47104K, reserved 1097728K
  class space    used 5627K, committed 5760K, reserved 1048576K
}
Event: 11.020 GC heap before
{Heap before GC invocations=18 (full 0):
 garbage-first heap   total 65536K, used 46328K [0x0000000748c00000, 0x0000000800000000)
  region size 2048K, 6 young (12288K), 1 survivors (2048K)
 Metaspace       used 48624K, committed 48896K, reserved 1097728K
  class space    used 5853K, committed 6016K, reserved 1048576K
}
Event: 11.031 GC heap after
{Heap after GC invocations=19 (full 0):
 garbage-first heap   total 65536K, used 37766K [0x0000000748c00000, 0x0000000800000000)
  region size 2048K, 1 young (2048K), 1 survivors (2048K)
 Metaspace       used 48624K, committed 48896K, reserved 1097728K
  class space    used 5853K, committed 6016K, reserved 1048576K
}
Event: 11.138 GC heap before
{Heap before GC invocations=19 (full 0):
 garbage-first heap   total 65536K, used 39814K [0x0000000748c00000, 0x0000000800000000)
  region size 2048K, 3 young (6144K), 1 survivors (2048K)
 Metaspace       used 49316K, committed 49600K, reserved 1097728K
  class space    used 5945K, committed 6080K, reserved 1048576K
}
Event: 11.144 GC heap after
{Heap after GC invocations=20 (full 0):
 garbage-first heap   total 79872K, used 37997K [0x0000000748c00000, 0x0000000800000000)
  region size 2048K, 1 young (2048K), 1 survivors (2048K)
 Metaspace       used 49316K, committed 49600K, reserved 1097728K
  class space    used 5945K, committed 6080K, reserved 1048576K
}
Event: 12.588 GC heap before
{Heap before GC invocations=21 (full 0):
 garbage-first heap   total 79872K, used 60525K [0x0000000748c00000, 0x0000000800000000)
  region size 2048K, 11 young (22528K), 1 survivors (2048K)
 Metaspace       used 53219K, committed 53504K, reserved 1097728K
  class space    used 6401K, committed 6528K, reserved 1048576K
}
Event: 12.603 GC heap after
{Heap after GC invocations=22 (full 0):
 garbage-first heap   total 79872K, used 43659K [0x0000000748c00000, 0x0000000800000000)
  region size 2048K, 2 young (4096K), 2 survivors (4096K)
 Metaspace       used 53219K, committed 53504K, reserved 1097728K
  class space    used 6401K, committed 6528K, reserved 1048576K
}
Event: 14.014 GC heap before
{Heap before GC invocations=22 (full 0):
 garbage-first heap   total 79872K, used 62091K [0x0000000748c00000, 0x0000000800000000)
  region size 2048K, 11 young (22528K), 2 survivors (4096K)
 Metaspace       used 56778K, committed 57024K, reserved 1105920K
  class space    used 6797K, committed 6912K, reserved 1048576K
}
Event: 14.031 GC heap after
{Heap after GC invocations=23 (full 0):
 garbage-first heap   total 79872K, used 46150K [0x0000000748c00000, 0x0000000800000000)
  region size 2048K, 2 young (4096K), 2 survivors (4096K)
 Metaspace       used 56778K, committed 57024K, reserved 1105920K
  class space    used 6797K, committed 6912K, reserved 1048576K
}
Event: 14.458 GC heap before
{Heap before GC invocations=24 (full 0):
 garbage-first heap   total 86016K, used 58438K [0x0000000748c00000, 0x0000000800000000)
  region size 2048K, 8 young (16384K), 2 survivors (4096K)
 Metaspace       used 56963K, committed 57280K, reserved 1105920K
  class space    used 6813K, committed 6976K, reserved 1048576K
}
Event: 14.469 GC heap after
{Heap after GC invocations=25 (full 0):
 garbage-first heap   total 86016K, used 48119K [0x0000000748c00000, 0x0000000800000000)
  region size 2048K, 1 young (2048K), 1 survivors (2048K)
 Metaspace       used 56963K, committed 57280K, reserved 1105920K
  class space    used 6813K, committed 6976K, reserved 1048576K
}
Event: 14.725 GC heap before
{Heap before GC invocations=25 (full 0):
 garbage-first heap   total 86016K, used 64503K [0x0000000748c00000, 0x0000000800000000)
  region size 2048K, 9 young (18432K), 1 survivors (2048K)
 Metaspace       used 57009K, committed 57344K, reserved 1105920K
  class space    used 6813K, committed 6976K, reserved 1048576K
}
Event: 14.731 GC heap after
{Heap after GC invocations=26 (full 0):
 garbage-first heap   total 86016K, used 48676K [0x0000000748c00000, 0x0000000800000000)
  region size 2048K, 2 young (4096K), 2 survivors (4096K)
 Metaspace       used 57009K, committed 57344K, reserved 1105920K
  class space    used 6813K, committed 6976K, reserved 1048576K
}
Event: 15.588 GC heap before
{Heap before GC invocations=27 (full 0):
 garbage-first heap   total 92160K, used 65060K [0x0000000748c00000, 0x0000000800000000)
  region size 2048K, 10 young (20480K), 2 survivors (4096K)
 Metaspace       used 57700K, committed 57984K, reserved 1105920K
  class space    used 6897K, committed 7040K, reserved 1048576K
}
Event: 15.597 GC heap after
{Heap after GC invocations=28 (full 0):
 garbage-first heap   total 92160K, used 49545K [0x0000000748c00000, 0x0000000800000000)
  region size 2048K, 1 young (2048K), 1 survivors (2048K)
 Metaspace       used 57700K, committed 57984K, reserved 1105920K
  class space    used 6897K, committed 7040K, reserved 1048576K
}
Event: 17.580 GC heap before
{Heap before GC invocations=28 (full 0):
 garbage-first heap   total 92160K, used 72073K [0x0000000748c00000, 0x0000000800000000)
  region size 2048K, 12 young (24576K), 1 survivors (2048K)
 Metaspace       used 59683K, committed 59968K, reserved 1105920K
  class space    used 7102K, committed 7232K, reserved 1048576K
}
Event: 17.601 GC heap after
{Heap after GC invocations=29 (full 0):
 garbage-first heap   total 92160K, used 54556K [0x0000000748c00000, 0x0000000800000000)
  region size 2048K, 2 young (4096K), 2 survivors (4096K)
 Metaspace       used 59683K, committed 59968K, reserved 1105920K
  class space    used 7102K, committed 7232K, reserved 1048576K
}
Event: 18.692 GC heap before
{Heap before GC invocations=30 (full 0):
 garbage-first heap   total 96256K, used 70940K [0x0000000748c00000, 0x0000000800000000)
  region size 2048K, 10 young (20480K), 2 survivors (4096K)
 Metaspace       used 60880K, committed 61184K, reserved 1105920K
  class space    used 7180K, committed 7296K, reserved 1048576K
}
Event: 18.714 GC heap after
{Heap after GC invocations=31 (full 0):
 garbage-first heap   total 96256K, used 58234K [0x0000000748c00000, 0x0000000800000000)
  region size 2048K, 2 young (4096K), 2 survivors (4096K)
 Metaspace       used 60880K, committed 61184K, reserved 1105920K
  class space    used 7180K, committed 7296K, reserved 1048576K
}

Dll operation events (2 events):
Event: 0.010 Loaded shared library C:\Program Files\Android\Android Studio1\jbr\bin\java.dll
Event: 2.586 Loaded shared library C:\Program Files\Android\Android Studio1\jbr\bin\verify.dll

Deoptimization events (20 events):
Event: 18.958 Thread 0x000001db35cf34d0 Uncommon trap: trap_request=0xffffffc6 fr.pc=0x000001db40e66b50 relative=0x0000000000001110
Event: 18.958 Thread 0x000001db35cf34d0 Uncommon trap: reason=bimorphic_or_optimized_type_check action=maybe_recompile pc=0x000001db40e66b50 method=kotlin.collections.CollectionsKt___CollectionsKt.toList(Ljava/lang/Iterable;)Ljava/util/List; @ 71 c2
Event: 18.958 Thread 0x000001db35cf34d0 DEOPT PACKING pc=0x000001db40e66b50 sp=0x00000077d59fba90
Event: 18.958 Thread 0x000001db35cf34d0 DEOPT UNPACKING pc=0x000001db407469a3 sp=0x00000077d59fba60 mode 2
Event: 18.958 Thread 0x000001db35cf34d0 Uncommon trap: trap_request=0xffffffde fr.pc=0x000001db40d7b66c relative=0x00000000000001cc
Event: 18.958 Thread 0x000001db35cf34d0 Uncommon trap: reason=class_check action=maybe_recompile pc=0x000001db40d7b66c method=java.util.Collections$UnmodifiableCollection$1.<init>(Ljava/util/Collections$UnmodifiableCollection;)V @ 17 c2
Event: 18.958 Thread 0x000001db35cf34d0 DEOPT PACKING pc=0x000001db40d7b66c sp=0x00000077d59fba20
Event: 18.958 Thread 0x000001db35cf34d0 DEOPT UNPACKING pc=0x000001db407469a3 sp=0x00000077d59fb978 mode 2
Event: 18.958 Thread 0x000001db35cf34d0 Uncommon trap: trap_request=0xffffffde fr.pc=0x000001db40e719f4 relative=0x00000000000000d4
Event: 18.958 Thread 0x000001db35cf34d0 Uncommon trap: reason=class_check action=maybe_recompile pc=0x000001db40e719f4 method=java.util.Collections$UnmodifiableCollection$1.next()Ljava/lang/Object; @ 4 c2
Event: 18.958 Thread 0x000001db35cf34d0 DEOPT PACKING pc=0x000001db40e719f4 sp=0x00000077d59fba40
Event: 18.958 Thread 0x000001db35cf34d0 DEOPT UNPACKING pc=0x000001db407469a3 sp=0x00000077d59fb9f0 mode 2
Event: 18.958 Thread 0x000001db35cf34d0 Uncommon trap: trap_request=0xffffffde fr.pc=0x000001db40dc0be8 relative=0x0000000000000068
Event: 18.958 Thread 0x000001db35cf34d0 Uncommon trap: reason=class_check action=maybe_recompile pc=0x000001db40dc0be8 method=java.util.Collections$UnmodifiableCollection.size()I @ 4 c2
Event: 18.959 Thread 0x000001db35cf34d0 DEOPT PACKING pc=0x000001db40dc0be8 sp=0x00000077d59fbce0
Event: 18.959 Thread 0x000001db35cf34d0 DEOPT UNPACKING pc=0x000001db407469a3 sp=0x00000077d59fbc68 mode 2
Event: 18.959 Thread 0x000001db35cf34d0 Uncommon trap: trap_request=0xffffff45 fr.pc=0x000001db40d51584 relative=0x0000000000000264
Event: 18.959 Thread 0x000001db35cf34d0 Uncommon trap: reason=unstable_if action=reinterpret pc=0x000001db40d51584 method=java.util.HashMap.getNode(Ljava/lang/Object;)Ljava/util/HashMap$Node; @ 66 c2
Event: 18.959 Thread 0x000001db35cf34d0 DEOPT PACKING pc=0x000001db40d51584 sp=0x00000077d59fc8d0
Event: 18.959 Thread 0x000001db35cf34d0 DEOPT UNPACKING pc=0x000001db407469a3 sp=0x00000077d59fc7e8 mode 2

Classes unloaded (0 events):
No events

Classes redefined (0 events):
No events

Internal exceptions (20 events):
Event: 7.274 Thread 0x000001db35cf34d0 Exception <a 'java/lang/NoSuchMethodError'{0x00000007521ba2b8}: 'java.lang.Object java.lang.invoke.DirectMethodHandle$Holder.invokeVirtual(java.lang.Object, java.lang.Object, java.lang.Object)'> (0x00000007521ba2b8) 
thrown [s\src\hotspot\share\interpreter\linkResolver.cpp, line 771]
Event: 9.562 Thread 0x000001db35cf34d0 Exception <a 'java/lang/NoSuchMethodError'{0x0000000751c41968}: 'java.lang.Object java.lang.invoke.DirectMethodHandle$Holder.newInvokeSpecial(java.lang.Object, java.lang.Object, int)'> (0x0000000751c41968) 
thrown [s\src\hotspot\share\interpreter\linkResolver.cpp, line 771]
Event: 9.725 Thread 0x000001db35cf34d0 Exception <a 'java/lang/NoSuchMethodError'{0x0000000751dc0628}: 'java.lang.Object java.lang.invoke.DirectMethodHandle$Holder.invokeInterface(java.lang.Object, java.lang.Object)'> (0x0000000751dc0628) 
thrown [s\src\hotspot\share\interpreter\linkResolver.cpp, line 771]
Event: 9.756 Thread 0x000001db35cf34d0 Implicit null exception at 0x000001db40e10950 to 0x000001db40e10a20
Event: 10.179 Thread 0x000001db35cf34d0 Implicit null exception at 0x000001db40e1a34c to 0x000001db40e1a434
Event: 10.552 Thread 0x000001db35cf34d0 Exception <a 'java/lang/NoSuchMethodError'{0x000000075205baa8}: 'java.lang.Object java.lang.invoke.DirectMethodHandle$Holder.newInvokeSpecial(java.lang.Object, java.lang.Object, java.lang.Object, int)'> (0x000000075205baa8) 
thrown [s\src\hotspot\share\interpreter\linkResolver.cpp, line 771]
Event: 10.553 Thread 0x000001db35cf34d0 Exception <a 'java/lang/NoSuchMethodError'{0x0000000752060130}: 'java.lang.Object java.lang.invoke.DirectMethodHandle$Holder.invokeSpecial(java.lang.Object, java.lang.Object, java.lang.Object, java.lang.Object, int)'> (0x0000000752060130) 
thrown [s\src\hotspot\share\interpreter\linkResolver.cpp, line 771]
Event: 10.553 Thread 0x000001db35cf34d0 Exception <a 'java/lang/NoSuchMethodError'{0x0000000752063fa0}: 'java.lang.Object java.lang.invoke.Invokers$Holder.linkToTargetMethod(java.lang.Object, java.lang.Object, int, java.lang.Object)'> (0x0000000752063fa0) 
thrown [s\src\hotspot\share\interpreter\linkResolver.cpp, line 771]
Event: 13.259 Thread 0x000001db35cf34d0 Exception <a 'java/lang/NoSuchMethodError'{0x000000074d1579e0}: 'int java.lang.invoke.DirectMethodHandle$Holder.invokeStaticInit(java.lang.Object, int)'> (0x000000074d1579e0) 
thrown [s\src\hotspot\share\interpreter\linkResolver.cpp, line 771]
Event: 14.009 Thread 0x000001db35cf34d0 Exception <a 'java/lang/NoSuchMethodError'{0x000000074c9bb788}: 'java.lang.Object java.lang.invoke.DirectMethodHandle$Holder.newInvokeSpecial(java.lang.Object, java.lang.Object, java.lang.Object, java.lang.Object, java.lang.Object, java.lang.Object)'> (0x000000074c9bb788) 
thrown [s\src\hotspot\share\interpreter\linkResolver.cpp, line 771]
Event: 15.547 Thread 0x000001db35cf34d0 Implicit null exception at 0x000001db40e8d331 to 0x000001db40e8d730
Event: 15.718 Thread 0x000001db35cf34d0 Exception <a 'java/lang/NoSuchMethodError'{0x00000007543d2160}: 'java.lang.Object java.lang.invoke.DirectMethodHandle$Holder.newInvokeSpecial(java.lang.Object, java.lang.Object, java.lang.Object, java.lang.Object, java.lang.Object, java.lang.Object, java.lang.Object, java.lang.Object)'> (0x00000007543d2160) 
thrown [s\src\hotspot\share\interpreter\linkResolver.cpp, line 771]
Event: 15.719 Thread 0x000001db35cf34d0 Exception <a 'java/lang/NoSuchMethodError'{0x00000007543d7778}: 'java.lang.Object java.lang.invoke.DirectMethodHandle$Holder.invokeSpecial(java.lang.Object, java.lang.Object, java.lang.Object, java.lang.Object, java.lang.Object, java.lang.Object, java.lang.Object, java.lang.Object, java.lang.Object)'> (0x00000007543d7778) 
thrown [s\src\hotspot\share\interpreter\linkResolver.cpp, line 771]
Event: 15.719 Thread 0x000001db35cf34d0 Exception <a 'java/lang/NoSuchMethodError'{0x00000007543dc6a8}: 'java.lang.Object java.lang.invoke.Invokers$Holder.linkToTargetMethod(java.lang.Object, java.lang.Object, java.lang.Object, java.lang.Object, java.lang.Object, java.lang.Object, java.lang.Object, java.lang.Object)'> (0x00000007543dc6a8) 
thrown [s\src\hotspot\share\interpreter\linkResolver.cpp, line 771]
Event: 15.726 Thread 0x000001db35cf34d0 Implicit null exception at 0x000001db40d574ed to 0x000001db40d576cc
Event: 17.606 Thread 0x000001db35cf34d0 Exception <a 'java/lang/NoSuchMethodError'{0x0000000754204a00}: 'java.lang.Object java.lang.invoke.DirectMethodHandle$Holder.invokeStatic(java.lang.Object, java.lang.Object, java.lang.Object, java.lang.Object, int)'> (0x0000000754204a00) 
thrown [s\src\hotspot\share\interpreter\linkResolver.cpp, line 771]
Event: 17.611 Thread 0x000001db35cf34d0 Exception <a 'java/lang/NoSuchMethodError'{0x000000075420e348}: 'java.lang.Object java.lang.invoke.DirectMethodHandle$Holder.newInvokeSpecial(java.lang.Object, java.lang.Object, java.lang.Object, java.lang.Object, int)'> (0x000000075420e348) 
thrown [s\src\hotspot\share\interpreter\linkResolver.cpp, line 771]
Event: 17.611 Thread 0x000001db35cf34d0 Exception <a 'java/lang/NoSuchMethodError'{0x0000000754212bd0}: 'java.lang.Object java.lang.invoke.DirectMethodHandle$Holder.invokeSpecial(java.lang.Object, java.lang.Object, java.lang.Object, java.lang.Object, java.lang.Object, int)'> (0x0000000754212bd0) 
thrown [s\src\hotspot\share\interpreter\linkResolver.cpp, line 771]
Event: 17.612 Thread 0x000001db35cf34d0 Exception <a 'java/lang/NoSuchMethodError'{0x0000000754216e08}: 'java.lang.Object java.lang.invoke.Invokers$Holder.linkToTargetMethod(java.lang.Object, java.lang.Object, java.lang.Object, int, java.lang.Object)'> (0x0000000754216e08) 
thrown [s\src\hotspot\share\interpreter\linkResolver.cpp, line 771]
Event: 17.920 Thread 0x000001db35cf34d0 Exception <a 'java/lang/NoSuchMethodError'{0x0000000751fdf030}: 'java.lang.Object java.lang.invoke.DirectMethodHandle$Holder.invokeStaticInit(java.lang.Object, java.lang.Object, java.lang.Object)'> (0x0000000751fdf030) 
thrown [s\src\hotspot\share\interpreter\linkResolver.cpp, line 771]

VM Operations (20 events):
Event: 17.580 Executing VM operation: G1CollectForAllocation
Event: 17.601 Executing VM operation: G1CollectForAllocation done
Event: 17.644 Executing VM operation: HandshakeAllThreads
Event: 17.644 Executing VM operation: HandshakeAllThreads done
Event: 17.723 Executing VM operation: G1Concurrent
Event: 17.731 Executing VM operation: G1Concurrent done
Event: 17.782 Executing VM operation: G1Concurrent
Event: 17.783 Executing VM operation: G1Concurrent done
Event: 17.788 Executing VM operation: HandshakeAllThreads
Event: 17.788 Executing VM operation: HandshakeAllThreads done
Event: 18.120 Executing VM operation: ICBufferFull
Event: 18.121 Executing VM operation: ICBufferFull done
Event: 18.273 Executing VM operation: ICBufferFull
Event: 18.273 Executing VM operation: ICBufferFull done
Event: 18.445 Executing VM operation: ICBufferFull
Event: 18.445 Executing VM operation: ICBufferFull done
Event: 18.692 Executing VM operation: G1CollectForAllocation
Event: 18.714 Executing VM operation: G1CollectForAllocation done
Event: 18.962 Executing VM operation: ICBufferFull
Event: 18.962 Executing VM operation: ICBufferFull done

Events (20 events):
Event: 17.279 Thread 0x000001db51ca3fb0 flushing nmethod 0x000001db39bc1c10
Event: 17.279 Thread 0x000001db51ca3fb0 flushing nmethod 0x000001db39bc4d90
Event: 17.279 Thread 0x000001db51ca3fb0 flushing nmethod 0x000001db39bccf90
Event: 17.279 Thread 0x000001db51ca3fb0 flushing nmethod 0x000001db39be7d90
Event: 17.279 Thread 0x000001db51ca3fb0 flushing nmethod 0x000001db39c02890
Event: 17.279 Thread 0x000001db51ca3fb0 flushing nmethod 0x000001db39c06490
Event: 17.279 Thread 0x000001db51ca3fb0 flushing nmethod 0x000001db39c39390
Event: 17.279 Thread 0x000001db51ca3fb0 flushing nmethod 0x000001db39c41d10
Event: 17.279 Thread 0x000001db51ca3fb0 flushing nmethod 0x000001db39c45310
Event: 17.280 Thread 0x000001db51ca3fb0 flushing nmethod 0x000001db39c65d90
Event: 17.280 Thread 0x000001db51ca3fb0 flushing nmethod 0x000001db39c74c90
Event: 17.280 Thread 0x000001db51ca3fb0 flushing nmethod 0x000001db39c7ad10
Event: 17.280 Thread 0x000001db51ca3fb0 flushing nmethod 0x000001db39c89290
Event: 17.280 Thread 0x000001db51ca3fb0 flushing nmethod 0x000001db39cd7690
Event: 17.362 loading class java/util/RegularEnumSet$EnumSetIterator
Event: 17.362 loading class java/util/RegularEnumSet$EnumSetIterator done
Event: 17.618 loading class java/util/function/ToIntFunction
Event: 17.618 loading class java/util/function/ToIntFunction done
Event: 18.585 Thread 0x000001db53fcebd0 Thread exited: 0x000001db53fcebd0
Event: 18.984 Thread 0x000001db58e79330 Thread added: 0x000001db58e79330


Dynamic libraries:
0x00007ff7c5ed0000 - 0x00007ff7c5eda000 	C:\Program Files\Android\Android Studio1\jbr\bin\java.exe
0x00007fffa4c70000 - 0x00007fffa4e68000 	C:\WINDOWS\SYSTEM32\ntdll.dll
0x00007fffa4950000 - 0x00007fffa4a0d000 	C:\WINDOWS\System32\KERNEL32.DLL
0x00007fffa2340000 - 0x00007fffa2636000 	C:\WINDOWS\System32\KERNELBASE.dll
0x00007fffa2800000 - 0x00007fffa2900000 	C:\WINDOWS\System32\ucrtbase.dll
0x00007fff9d470000 - 0x00007fff9d48b000 	C:\Program Files\Android\Android Studio1\jbr\bin\VCRUNTIME140.dll
0x00007fff8e890000 - 0x00007fff8e8a7000 	C:\Program Files\Android\Android Studio1\jbr\bin\jli.dll
0x00007fffa3bd0000 - 0x00007fffa3d6e000 	C:\WINDOWS\System32\USER32.dll
0x00007fffa2c00000 - 0x00007fffa2c22000 	C:\WINDOWS\System32\win32u.dll
0x00007fff90320000 - 0x00007fff905ba000 	C:\WINDOWS\WinSxS\amd64_microsoft.windows.common-controls_6595b64144ccf1df_6.0.19041.3636_none_60b6a03d71f818d5\COMCTL32.dll
0x00007fffa4710000 - 0x00007fffa473c000 	C:\WINDOWS\System32\GDI32.dll
0x00007fffa48b0000 - 0x00007fffa494e000 	C:\WINDOWS\System32\msvcrt.dll
0x00007fffa2a60000 - 0x00007fffa2b7a000 	C:\WINDOWS\System32\gdi32full.dll
0x00007fffa2760000 - 0x00007fffa27fd000 	C:\WINDOWS\System32\msvcp_win.dll
0x00007fffa42d0000 - 0x00007fffa4300000 	C:\WINDOWS\System32\IMM32.DLL
0x00007fff9f500000 - 0x00007fff9f50c000 	C:\Program Files\Android\Android Studio1\jbr\bin\vcruntime140_1.dll
0x00007fff8b9c0000 - 0x00007fff8ba4d000 	C:\Program Files\Android\Android Studio1\jbr\bin\msvcp140.dll
0x00007fff20270000 - 0x00007fff20ede000 	C:\Program Files\Android\Android Studio1\jbr\bin\server\jvm.dll
0x00007fffa2cc0000 - 0x00007fffa2d73000 	C:\WINDOWS\System32\ADVAPI32.dll
0x00007fffa4540000 - 0x00007fffa45df000 	C:\WINDOWS\System32\sechost.dll
0x00007fffa45e0000 - 0x00007fffa4706000 	C:\WINDOWS\System32\RPCRT4.dll
0x00007fffa2b80000 - 0x00007fffa2ba7000 	C:\WINDOWS\System32\bcrypt.dll
0x00007fff9dcf0000 - 0x00007fff9dcf9000 	C:\WINDOWS\SYSTEM32\WSOCK32.dll
0x00007fff90610000 - 0x00007fff90637000 	C:\WINDOWS\SYSTEM32\WINMM.dll
0x00007fff9c670000 - 0x00007fff9c67a000 	C:\WINDOWS\SYSTEM32\VERSION.dll
0x00007fffa4bc0000 - 0x00007fffa4c2b000 	C:\WINDOWS\System32\WS2_32.dll
0x00007fffa01f0000 - 0x00007fffa0202000 	C:\WINDOWS\SYSTEM32\kernel.appcore.dll
0x00007fff9de40000 - 0x00007fff9de4a000 	C:\Program Files\Android\Android Studio1\jbr\bin\jimage.dll
0x00007fff8d0f0000 - 0x00007fff8d2d4000 	C:\WINDOWS\SYSTEM32\DBGHELP.DLL
0x00007fff8e4f0000 - 0x00007fff8e524000 	C:\WINDOWS\SYSTEM32\dbgcore.DLL
0x00007fffa2c30000 - 0x00007fffa2cb2000 	C:\WINDOWS\System32\bcryptPrimitives.dll
0x00007fff9b660000 - 0x00007fff9b685000 	C:\Program Files\Android\Android Studio1\jbr\bin\java.dll
0x00007fff9bab0000 - 0x00007fff9bac8000 	C:\Program Files\Android\Android Studio1\jbr\bin\zip.dll
0x00007fffa2d80000 - 0x00007fffa34c5000 	C:\WINDOWS\System32\SHELL32.dll
0x00007fffa03f0000 - 0x00007fffa0b8b000 	C:\WINDOWS\SYSTEM32\windows.storage.dll
0x00007fffa34d0000 - 0x00007fffa3824000 	C:\WINDOWS\System32\combase.dll
0x00007fffa1d70000 - 0x00007fffa1d9d000 	C:\WINDOWS\SYSTEM32\Wldp.dll
0x00007fffa4490000 - 0x00007fffa453d000 	C:\WINDOWS\System32\SHCORE.dll
0x00007fffa4430000 - 0x00007fffa4485000 	C:\WINDOWS\System32\shlwapi.dll
0x00007fffa2270000 - 0x00007fffa2295000 	C:\WINDOWS\SYSTEM32\profapi.dll
0x00007fff9b790000 - 0x00007fff9b7a9000 	C:\Program Files\Android\Android Studio1\jbr\bin\net.dll
0x00007fff9a470000 - 0x00007fff9a57a000 	C:\WINDOWS\SYSTEM32\WINHTTP.dll
0x00007fffa1ad0000 - 0x00007fffa1b3a000 	C:\WINDOWS\system32\mswsock.dll
0x00007fff980a0000 - 0x00007fff980b6000 	C:\Program Files\Android\Android Studio1\jbr\bin\nio.dll
0x00007fff9c0f0000 - 0x00007fff9c100000 	C:\Program Files\Android\Android Studio1\jbr\bin\verify.dll

dbghelp: loaded successfully - version: 4.0.5 - missing functions: none
symbol engine: initialized successfully - sym options: 0x614 - pdb path: .;C:\Program Files\Android\Android Studio1\jbr\bin;C:\WINDOWS\SYSTEM32;C:\WINDOWS\WinSxS\amd64_microsoft.windows.common-controls_6595b64144ccf1df_6.0.19041.3636_none_60b6a03d71f818d5;C:\Program Files\Android\Android Studio1\jbr\bin\server

VM Arguments:
java_command: org.jetbrains.kotlin.cli.jvm.K2JVMCompiler @C:\Users\ABDO\Desktop\i-Freeze\SecuriteAndroidApp\app\build\20240211_2241286928819745574.compiler.options
java_class_path (initial): C:\Users\ABDO\.gradle\caches\modules-2\files-2.1\org.jetbrains.kotlin\kotlin-compiler-embeddable\1.8.10\b0757fd774344d54ce93f5ad6c30ba1c1731c8ff\kotlin-compiler-embeddable-1.8.10.jar;C:\Users\ABDO\.gradle\caches\modules-2\files-2.1\org.jetbrains.kotlin\kotlin-stdlib\1.8.10\6d5560a229477df9406943d5feda5618e98eb64c\kotlin-stdlib-1.8.10.jar;C:\Users\ABDO\.gradle\caches\modules-2\files-2.1\org.jetbrains.kotlin\kotlin-script-runtime\1.8.10\b13ea9c7e46d589139e56086a878763290e20bd5\kotlin-script-runtime-1.8.10.jar;C:\Users\ABDO\.gradle\caches\modules-2\files-2.1\org.jetbrains.kotlin\kotlin-reflect\1.6.10\1cbe9c92c12a94eea200d23c2bbaedaf3daf5132\kotlin-reflect-1.6.10.jar;C:\Users\ABDO\.gradle\caches\modules-2\files-2.1\org.jetbrains.kotlin\kotlin-daemon-embeddable\1.8.10\ad8541d9bc1cf9e52c3204161247910c2cf601d4\kotlin-daemon-embeddable-1.8.10.jar;C:\Users\ABDO\.gradle\caches\modules-2\files-2.1\org.jetbrains.intellij.deps\trove4j\1.0.20200330\3afb14d5f9ceb459d724e907a21145e8ff394f02\trove4j-1.0.20200330.jar;C:\Users\ABDO\.gradle\caches\modules-2\files-2.1\net.java.dev.jna\jna\5.6.0\330f2244e9030119ab3030fc3fededc86713d9cc\jna-5.6.0.jar;C:\Users\ABDO\.gradle\caches\modules-2\files-2.1\org.jetbrains.kotlin\kotlin-stdlib-common\1.8.10\a61b182458550492c12aee66157d7b524a63a5ec\kotlin-stdlib-common-1.8.10.jar;C:\Users\ABDO\.gradle\caches\modules-2\files-2.1\org.jetbrains\annotations\13.0\919f0dfe192fb4e063e7dacadee7f8bb9a2672a9\annotations-13.0.jar
Launcher Type: SUN_STANDARD

[Global flags]
     intx CICompilerCount                          = 3                                         {product} {ergonomic}
     uint ConcGCThreads                            = 1                                         {product} {ergonomic}
     uint G1ConcRefinementThreads                  = 4                                         {product} {ergonomic}
   size_t G1HeapRegionSize                         = 2097152                                   {product} {ergonomic}
    uintx GCDrainStackTargetSize                   = 64                                        {product} {ergonomic}
   size_t InitialHeapSize                          = 192937984                                 {product} {ergonomic}
   size_t MarkStackSize                            = 4194304                                   {product} {ergonomic}
   size_t MaxHeapSize                              = 3074424832                                {product} {ergonomic}
   size_t MaxNewSize                               = 1843396608                                {product} {ergonomic}
   size_t MinHeapDeltaBytes                        = 2097152                                   {product} {ergonomic}
   size_t MinHeapSize                              = 8388608                                   {product} {ergonomic}
    uintx NonNMethodCodeHeapSize                   = 5832780                                {pd product} {ergonomic}
    uintx NonProfiledCodeHeapSize                  = 122912730                              {pd product} {ergonomic}
    uintx ProfiledCodeHeapSize                     = 122912730                              {pd product} {ergonomic}
    uintx ReservedCodeCacheSize                    = 251658240                              {pd product} {ergonomic}
     bool SegmentedCodeCache                       = true                                      {product} {ergonomic}
   size_t SoftMaxHeapSize                          = 3074424832                             {manageable} {ergonomic}
     bool UseCompressedClassPointers               = true                           {product lp64_product} {ergonomic}
     bool UseCompressedOops                        = true                           {product lp64_product} {ergonomic}
     bool UseG1GC                                  = true                                      {product} {ergonomic}
     bool UseLargePagesIndividualAllocation        = false                                  {pd product} {ergonomic}

Logging:
Log output configuration:
 #0: stdout all=warning uptime,level,tags
 #1: stderr all=off uptime,level,tags

Environment Variables:
JAVA_HOME=C:\Program Files\Java\jdk-11
PATH=C:\Program Files\Common Files\Oracle\Java\javapath;C:\Program Files (x86)\Common Files\Intel\Shared Libraries\redist\intel64\compiler;C:\WINDOWS\system32;C:\WINDOWS;C:\WINDOWS\System32\Wbem;C:\WINDOWS\System32\WindowsPowerShell\v1.0\;C:\WINDOWS\System32\OpenSSH\;C:\Program Files\dotnet\;C:\Program Files\Git\cmd;C:\gradle\gradle-8.2.1\bin;C:\Program Files\Java\jdk-11\bin;C:\Program Files\Android\Android Studio1\gradle\gradle-8.0\bin;C:\Users\ABDO\AppData\Local\Programs\Microsoft VS Code\bin
USERNAME=ABDO
OS=Windows_NT
PROCESSOR_IDENTIFIER=Intel64 Family 6 Model 60 Stepping 3, GenuineIntel
TMP=C:\Users\ABDO\AppData\Local\Temp
TEMP=C:\Users\ABDO\AppData\Local\Temp


JNI global refs:
JNI global refs: 11, weak refs: 4

JNI global refs memory usage: 843, weak refs: 841


---------------  S Y S T E M  ---------------

OS:
 Windows 10 , 64 bit Build 19041 (10.0.19041.3636)
OS uptime: 2 days 6:15 hours

CPU: total 4 (initial active 4) (2 cores per cpu, 2 threads per core) family 6 model 60 stepping 3 microcode 0x28, cx8, cmov, fxsr, ht, mmx, sse, sse2, sse3, ssse3, sse4.1, sse4.2, popcnt, lzcnt, tsc, tscinvbit, avx, avx2, aes, erms, clmul, bmi1, bmi2, fma, vzeroupper, clflush

Memory: 4k page, system-wide physical 11721M (533M free)
TotalPageFile size 24521M (AvailPageFile size 5M)
current process WorkingSet (physical memory assigned to process): 269M, peak: 269M
current process commit charge ("private bytes"): 297M, peak: 297M

vm_info: OpenJDK 64-Bit Server VM (17.0.6+0-b2043.56-10027231) for windows-amd64 JRE (17.0.6+0-b2043.56-10027231), built on Apr 28 2023 00:43:19 by "androidbuild" with MS VC++ 16.10 / 16.11 (VS2019)

END.
