#
# There is insufficient memory for the Java Runtime Environment to continue.
# Native memory allocation (mmap) failed to map 67108864 bytes for G1 virtual space
# Possible reasons:
#   The system is out of physical RAM or swap space
#   The process is running with CompressedOops enabled, and the Java Heap may be blocking the growth of the native heap
# Possible solutions:
#   Reduce memory load on the system
#   Increase physical memory or swap space
#   Check if swap backing store is full
#   Decrease Java heap size (-Xmx/-Xms)
#   Decrease number of Java threads
#   Decrease Java thread stack sizes (-Xss)
#   Set larger code cache with -XX:ReservedCodeCacheSize=
#   JVM is running with Zero Based Compressed Oops mode in which the Java heap is
#     placed in the first 32GB address space. The Java Heap base address is the
#     maximum limit for the native heap growth. Please use -XX:HeapBaseMinAddress
#     to set the Java Heap base and to place the Java Heap above 32GB virtual address.
# This output file may be truncated or incomplete.
#
#  Out of Memory Error (os_windows.cpp:3769), pid=39760, tid=40632
#
# JRE version: OpenJDK Runtime Environment (17.0.6) (build 17.0.6+0-b2043.56-10027231)
# Java VM: OpenJDK 64-Bit Server VM (17.0.6+0-b2043.56-10027231, mixed mode, tiered, compressed oops, compressed class ptrs, g1 gc, windows-amd64)
# No core dump will be written. Minidumps are not enabled by default on client versions of Windows
#

---------------  S U M M A R Y ------------

Command Line: org.jetbrains.kotlin.cli.jvm.K2JVMCompiler @C:\Users\ABDO\Desktop\i-Freeze\SecuriteAndroidApp\app\build\20240211_5638110907531115114.compiler.options

Host: Intel(R) Core(TM) i5-4200M CPU @ 2.50GHz, 4 cores, 11G,  Windows 10 , 64 bit Build 19041 (10.0.19041.3636)
Time: Sun Feb 11 15:53:38 2024 Egypt Standard Time elapsed time: 7.116235 seconds (0d 0h 0m 7s)

---------------  T H R E A D  ---------------

Current thread (0x000002332b8217e0):  VMThread "VM Thread" [stack: 0x0000008158c00000,0x0000008158d00000] [id=40632]

Stack: [0x0000008158c00000,0x0000008158d00000]
Native frames: (J=compiled Java code, j=interpreted, Vv=VM code, C=native code)
V  [jvm.dll+0x683c9a]
V  [jvm.dll+0x8427a4]
V  [jvm.dll+0x843f9e]
V  [jvm.dll+0x844603]
V  [jvm.dll+0x249b75]
V  [jvm.dll+0x680b69]
V  [jvm.dll+0x67505a]
V  [jvm.dll+0x309acb]
V  [jvm.dll+0x310f86]
V  [jvm.dll+0x3608ee]
V  [jvm.dll+0x360b1f]
V  [jvm.dll+0x2dfbf8]
V  [jvm.dll+0x2ddec4]
V  [jvm.dll+0x2dd4cc]
V  [jvm.dll+0x321f3b]
V  [jvm.dll+0x848ccb]
V  [jvm.dll+0x849a04]
V  [jvm.dll+0x849f1d]
V  [jvm.dll+0x84a2f4]
V  [jvm.dll+0x84a3c0]
V  [jvm.dll+0x7f274a]
V  [jvm.dll+0x682ad5]
C  [ucrtbase.dll+0x21bb2]
C  [KERNEL32.DLL+0x17344]
C  [ntdll.dll+0x526b1]

VM_Operation (0x00000081586fbfa0): G1CollectForAllocation, mode: safepoint, requested by thread 0x0000023310142a30


---------------  P R O C E S S  ---------------

Threads class SMR info:
_java_thread_list=0x000002332dfcc720, length=13, elements={
0x0000023310142a30, 0x000002332b8254f0, 0x000002332b826360, 0x000002332c40d2e0,
0x000002332c442770, 0x000002332c445130, 0x000002332c445ae0, 0x000002332c446870,
0x000002332c447310, 0x000002332c447d00, 0x000002332c5abd00, 0x000002332c5bd070,
0x00000233300e3450
}

Java Threads: ( => current thread )
  0x0000023310142a30 JavaThread "main" [_thread_blocked, id=39552, stack(0x0000008158600000,0x0000008158700000)]
  0x000002332b8254f0 JavaThread "Reference Handler" daemon [_thread_blocked, id=40116, stack(0x0000008158d00000,0x0000008158e00000)]
  0x000002332b826360 JavaThread "Finalizer" daemon [_thread_blocked, id=30196, stack(0x0000008158e00000,0x0000008158f00000)]
  0x000002332c40d2e0 JavaThread "Signal Dispatcher" daemon [_thread_blocked, id=39676, stack(0x0000008158f00000,0x0000008159000000)]
  0x000002332c442770 JavaThread "Attach Listener" daemon [_thread_blocked, id=37872, stack(0x0000008159000000,0x0000008159100000)]
  0x000002332c445130 JavaThread "Service Thread" daemon [_thread_blocked, id=38308, stack(0x0000008159100000,0x0000008159200000)]
  0x000002332c445ae0 JavaThread "Monitor Deflation Thread" daemon [_thread_blocked, id=39536, stack(0x0000008159200000,0x0000008159300000)]
  0x000002332c446870 JavaThread "C2 CompilerThread0" daemon [_thread_blocked, id=36172, stack(0x0000008159300000,0x0000008159400000)]
  0x000002332c447310 JavaThread "C1 CompilerThread0" daemon [_thread_blocked, id=35492, stack(0x0000008159400000,0x0000008159500000)]
  0x000002332c447d00 JavaThread "Sweeper thread" daemon [_thread_blocked, id=38596, stack(0x0000008159500000,0x0000008159600000)]
  0x000002332c5abd00 JavaThread "Notification Thread" daemon [_thread_blocked, id=27964, stack(0x0000008159600000,0x0000008159700000)]
  0x000002332c5bd070 JavaThread "Common-Cleaner" daemon [_thread_blocked, id=11784, stack(0x0000008159800000,0x0000008159900000)]
  0x00000233300e3450 JavaThread "C2 CompilerThread1" daemon [_thread_blocked, id=34288, stack(0x0000008159900000,0x0000008159a00000)]

Other Threads:
=>0x000002332b8217e0 VMThread "VM Thread" [stack: 0x0000008158c00000,0x0000008158d00000] [id=40632]
  0x00000233101ad500 WatcherThread [stack: 0x0000008159700000,0x0000008159800000] [id=18284]
  0x0000023310198a90 GCTaskThread "GC Thread#0" [stack: 0x0000008158700000,0x0000008158800000] [id=38344]
  0x000002332c99ef30 GCTaskThread "GC Thread#1" [stack: 0x0000008159a00000,0x0000008159b00000] [id=37956]
  0x000002332c99f7e0 GCTaskThread "GC Thread#2" [stack: 0x0000008159b00000,0x0000008159c00000] [id=40664]
  0x000002332c99fa90 GCTaskThread "GC Thread#3" [stack: 0x0000008159c00000,0x0000008159d00000] [id=39340]
  0x00000233101a5110 ConcurrentGCThread "G1 Main Marker" [stack: 0x0000008158800000,0x0000008158900000] [id=39776]
  0x00000233101a62c0 ConcurrentGCThread "G1 Conc#0" [stack: 0x0000008158900000,0x0000008158a00000] [id=34528]
  0x0000023310206d70 ConcurrentGCThread "G1 Refine#0" [stack: 0x0000008158a00000,0x0000008158b00000] [id=36220]
  0x0000023310207790 ConcurrentGCThread "G1 Service" [stack: 0x0000008158b00000,0x0000008158c00000] [id=29276]

Threads with active compile tasks:
C2 CompilerThread0     7140 3278       4       jdk.internal.org.objectweb.asm.Frame::execute (2305 bytes)

VM state: at safepoint (normal execution)

VM Mutex/Monitor currently owned by a thread:  ([mutex/lock_event])
[0x000002331013f570] Threads_lock - owner thread: 0x000002332b8217e0
[0x000002331013ed00] Heap_lock - owner thread: 0x0000023310142a30

Heap address: 0x0000000748c00000, size: 2932 MB, Compressed Oops mode: Zero based, Oop shift amount: 3

CDS archive(s) not mapped
Compressed class space mapped at: 0x0000000800000000-0x0000000840000000, reserved size: 1073741824
Narrow klass base: 0x0000000800000000, Narrow klass shift: 0, Narrow klass range: 0x40000000

GC Precious Log:
 CPUs: 4 total, 4 available
 Memory: 11721M
 Large Page Support: Disabled
 NUMA Support: Disabled
 Compressed Oops: Enabled (Zero based)
 Heap Region Size: 2M
 Heap Min Capacity: 8M
 Heap Initial Capacity: 184M
 Heap Max Capacity: 2932M
 Pre-touch: Disabled
 Parallel Workers: 4
 Concurrent Workers: 1
 Concurrent Refinement Workers: 4
 Periodic GC: Disabled

Heap:
 garbage-first heap   total 59392K, used 35268K [0x0000000748c00000, 0x0000000800000000)
  region size 2048K, 1 young (2048K), 1 survivors (2048K)
 Metaspace       used 43898K, committed 44224K, reserved 1089536K
  class space    used 5311K, committed 5440K, reserved 1048576K

Heap Regions: E=young(eden), S=young(survivor), O=old, HS=humongous(starts), HC=humongous(continues), CS=collection set, F=free, OA=open archive, CA=closed archive, TAMS=top-at-mark-start (previous, next)
|   0|0x0000000748c00000, 0x0000000748e00000, 0x0000000748e00000|100%|HS|  |TAMS 0x0000000748e00000, 0x0000000748e00000| Complete 
|   1|0x0000000748e00000, 0x0000000749000000, 0x0000000749000000|100%|HC|  |TAMS 0x0000000749000000, 0x0000000749000000| Complete 
|   2|0x0000000749000000, 0x00000007491fce00, 0x0000000749200000| 99%| O|  |TAMS 0x00000007491fce00, 0x00000007491fce00| Untracked 
|   3|0x0000000749200000, 0x0000000749400000, 0x0000000749400000|100%|HS|  |TAMS 0x0000000749400000, 0x0000000749400000| Complete 
|   4|0x0000000749400000, 0x0000000749600000, 0x0000000749600000|100%|HC|  |TAMS 0x0000000749600000, 0x0000000749600000| Complete 
|   5|0x0000000749600000, 0x0000000749800000, 0x0000000749800000|100%| O|  |TAMS 0x0000000749800000, 0x0000000749800000| Untracked 
|   6|0x0000000749800000, 0x0000000749a00000, 0x0000000749a00000|100%| O|  |TAMS 0x0000000749a00000, 0x0000000749a00000| Untracked 
|   7|0x0000000749a00000, 0x0000000749c00000, 0x0000000749c00000|100%| O|  |TAMS 0x0000000749c00000, 0x0000000749c00000| Untracked 
|   8|0x0000000749c00000, 0x0000000749e00000, 0x0000000749e00000|100%| O|  |TAMS 0x0000000749e00000, 0x0000000749e00000| Untracked 
|   9|0x0000000749e00000, 0x000000074a000000, 0x000000074a000000|100%| O|  |TAMS 0x000000074a000000, 0x000000074a000000| Untracked 
|  10|0x000000074a000000, 0x000000074a200000, 0x000000074a200000|100%| O|  |TAMS 0x000000074a200000, 0x000000074a200000| Untracked 
|  11|0x000000074a200000, 0x000000074a400000, 0x000000074a400000|100%| O|  |TAMS 0x000000074a400000, 0x000000074a400000| Untracked 
|  12|0x000000074a400000, 0x000000074a600000, 0x000000074a600000|100%| O|  |TAMS 0x000000074a400000, 0x000000074a5ff200| Untracked 
|  13|0x000000074a600000, 0x000000074a800000, 0x000000074a800000|100%| O|  |TAMS 0x000000074a800000, 0x000000074a800000| Untracked 
|  14|0x000000074a800000, 0x000000074a962200, 0x000000074aa00000| 69%| O|  |TAMS 0x000000074a800000, 0x000000074a800000| Untracked 
|  15|0x000000074aa00000, 0x000000074ac00000, 0x000000074ac00000|100%| O|  |TAMS 0x000000074ac00000, 0x000000074ac00000| Untracked 
|  16|0x000000074ac00000, 0x000000074ae00000, 0x000000074ae00000|100%| O|  |TAMS 0x000000074acc4400, 0x000000074ae00000| Untracked 
|  17|0x000000074ae00000, 0x000000074ae00000, 0x000000074b000000|  0%| F|  |TAMS 0x000000074ae00000, 0x000000074ae00000| Untracked 
|  18|0x000000074b000000, 0x000000074b000000, 0x000000074b200000|  0%| F|  |TAMS 0x000000074b000000, 0x000000074b000000| Untracked 
|  19|0x000000074b200000, 0x000000074b200000, 0x000000074b400000|  0%| F|  |TAMS 0x000000074b200000, 0x000000074b200000| Untracked 
|  20|0x000000074b400000, 0x000000074b400000, 0x000000074b600000|  0%| F|  |TAMS 0x000000074b400000, 0x000000074b400000| Untracked 
|  21|0x000000074b600000, 0x000000074b600000, 0x000000074b800000|  0%| F|  |TAMS 0x000000074b600000, 0x000000074b600000| Untracked 
|  22|0x000000074b800000, 0x000000074b912100, 0x000000074ba00000| 53%| S|CS|TAMS 0x000000074b800000, 0x000000074b800000| Complete 
|  23|0x000000074ba00000, 0x000000074ba00000, 0x000000074bc00000|  0%| F|  |TAMS 0x000000074ba00000, 0x000000074ba00000| Untracked 
|  24|0x000000074bc00000, 0x000000074bc00000, 0x000000074be00000|  0%| F|  |TAMS 0x000000074bc00000, 0x000000074bc00000| Untracked 
|  73|0x0000000751e00000, 0x0000000751e00000, 0x0000000752000000|  0%| F|  |TAMS 0x0000000751e00000, 0x0000000751e00000| Untracked 
|  74|0x0000000752000000, 0x0000000752000000, 0x0000000752200000|  0%| F|  |TAMS 0x0000000752000000, 0x0000000752000000| Untracked 
|  75|0x0000000752200000, 0x0000000752200000, 0x0000000752400000|  0%| F|  |TAMS 0x0000000752200000, 0x0000000752200000| Untracked 
|  91|0x0000000754200000, 0x0000000754200000, 0x0000000754400000|  0%| F|  |TAMS 0x0000000754200000, 0x0000000754200000| Untracked 

Card table byte_map: [0x0000023322bd0000,0x0000023323190000] _byte_map_base: 0x000002331f18a000

Marking Bits (Prev, Next): (CMBitMap*) 0x00000233101990e0, (CMBitMap*) 0x00000233101990a0
 Prev Bits: [0x0000023326520000, 0x00000233292f0000)
 Next Bits: [0x0000023323750000, 0x0000023326520000)

Polling page: 0x000002330e150000

Metaspace:

Usage:
  Non-class:     37.68 MB used.
      Class:      5.19 MB used.
       Both:     42.87 MB used.

Virtual space:
  Non-class space:       40.00 MB reserved,      37.88 MB ( 95%) committed,  5 nodes.
      Class space:        1.00 GB reserved,       5.31 MB ( <1%) committed,  1 nodes.
             Both:        1.04 GB reserved,      43.19 MB (  4%) committed. 

Chunk freelists:
   Non-Class:  1.98 MB
       Class:  2.55 MB
        Both:  4.53 MB

MaxMetaspaceSize: unlimited
CompressedClassSpaceSize: 1.00 GB
Initial GC threshold: 21.00 MB
Current GC threshold: 65.31 MB
CDS: off
MetaspaceReclaimPolicy: balanced
 - commit_granule_bytes: 65536.
 - commit_granule_words: 8192.
 - virtual_space_node_default_size: 1048576.
 - enlarge_chunks_in_place: 1.
 - new_chunks_are_fully_committed: 0.
 - uncommit_free_chunks: 1.
 - use_allocation_guard: 0.
 - handle_deallocations: 1.


Internal statistics:

num_allocs_failed_limit: 9.
num_arena_births: 196.
num_arena_deaths: 0.
num_vsnodes_births: 6.
num_vsnodes_deaths: 0.
num_space_committed: 689.
num_space_uncommitted: 0.
num_chunks_returned_to_freelist: 9.
num_chunks_taken_from_freelist: 1388.
num_chunk_merges: 9.
num_chunk_splits: 1105.
num_chunks_enlarged: 968.
num_purges: 0.
num_inconsistent_stats: 0.

CodeHeap 'non-profiled nmethods': size=120000Kb used=1519Kb max_used=1519Kb free=118480Kb
 bounds [0x000002331b0e0000, 0x000002331b350000, 0x0000023322610000]
CodeHeap 'profiled nmethods': size=120000Kb used=6764Kb max_used=6764Kb free=113235Kb
 bounds [0x0000023313610000, 0x0000023313cb0000, 0x000002331ab40000]
CodeHeap 'non-nmethods': size=5760Kb used=1307Kb max_used=1307Kb free=4453Kb
 bounds [0x000002331ab40000, 0x000002331adb0000, 0x000002331b0e0000]
 total_blobs=3966 nmethods=3380 adapters=496
 compilation: enabled
              stopped_count=0, restarted_count=0
 full_count=0

Compilation events (20 events):
Event: 6.995 Thread 0x00000233300e3450 nmethod 3373 0x000002331b257510 code [0x000002331b2576a0, 0x000002331b257a98]
Event: 6.995 Thread 0x00000233300e3450 3374       4       java.lang.PublicMethods$MethodList::merge (192 bytes)
Event: 6.995 Thread 0x000002332c447310 nmethod 3376 0x0000023313ca0210 code [0x0000023313ca0960, 0x0000023313ca47a8]
Event: 7.003 Thread 0x00000233300e3450 nmethod 3374 0x000002331b257c10 code [0x000002331b257da0, 0x000002331b258178]
Event: 7.003 Thread 0x00000233300e3450 3375       4       java.lang.PublicMethods::merge (81 bytes)
Event: 7.046 Thread 0x000002332c447310 3378       3       org.jetbrains.kotlin.container.ComponentStorage::collectAdhocComponents (190 bytes)
Event: 7.047 Thread 0x000002332c447310 nmethod 3378 0x0000023313ca5d90 code [0x0000023313ca6080, 0x0000023313ca75f8]
Event: 7.047 Thread 0x000002332c447310 3379       3       sun.reflect.annotation.AnnotationParser::parseIntArray (84 bytes)
Event: 7.048 Thread 0x000002332c447310 nmethod 3379 0x0000023313ca7b90 code [0x0000023313ca7da0, 0x0000023313ca83c8]
Event: 7.054 Thread 0x00000233300e3450 nmethod 3375 0x000002331b258410 code [0x000002331b258660, 0x000002331b2599b0]
Event: 7.054 Thread 0x00000233300e3450 3377   !   4       java.util.jar.JarFile::checkForSpecialAttributes (163 bytes)
Event: 7.054 Thread 0x000002332c447310 3380       3       java.lang.Class::createAnnotationData (195 bytes)
Event: 7.056 Thread 0x000002332c447310 nmethod 3380 0x0000023313ca8690 code [0x0000023313ca8a00, 0x0000023313ca9ff8]
Event: 7.056 Thread 0x000002332c447310 3381       3       java.lang.Class$Atomic::casAnnotationData (13 bytes)
Event: 7.057 Thread 0x000002332c447310 nmethod 3381 0x0000023313caa710 code [0x0000023313caa8a0, 0x0000023313caa9f8]
Event: 7.070 Thread 0x00000233300e3450 nmethod 3377 0x000002331b25a710 code [0x000002331b25a920, 0x000002331b25b400]
Event: 7.070 Thread 0x00000233300e3450 3382       4       java.util.LinkedHashMap::valuesToArray (38 bytes)
Event: 7.079 Thread 0x00000233300e3450 nmethod 3382 0x000002331b25b890 code [0x000002331b25ba20, 0x000002331b25be38]
Event: 7.086 Thread 0x000002332c447310 3383       3       java.lang.Class::getMethods (26 bytes)
Event: 7.087 Thread 0x000002332c447310 nmethod 3383 0x0000023313caaa90 code [0x0000023313caac80, 0x0000023313caaf98]

GC Heap History (20 events):
Event: 2.713 GC heap after
{Heap after GC invocations=3 (full 0):
 garbage-first heap   total 188416K, used 10582K [0x0000000748c00000, 0x0000000800000000)
  region size 2048K, 3 young (6144K), 3 survivors (6144K)
 Metaspace       used 21330K, committed 21504K, reserved 1073152K
  class space    used 2366K, committed 2432K, reserved 1048576K
}
Event: 3.753 GC heap before
{Heap before GC invocations=4 (full 0):
 garbage-first heap   total 49152K, used 37206K [0x0000000748c00000, 0x0000000800000000)
  region size 2048K, 15 young (30720K), 3 survivors (6144K)
 Metaspace       used 28930K, committed 29184K, reserved 1081344K
  class space    used 3214K, committed 3328K, reserved 1048576K
}
Event: 3.763 GC heap after
{Heap after GC invocations=5 (full 0):
 garbage-first heap   total 49152K, used 16797K [0x0000000748c00000, 0x0000000800000000)
  region size 2048K, 3 young (6144K), 3 survivors (6144K)
 Metaspace       used 28930K, committed 29184K, reserved 1081344K
  class space    used 3214K, committed 3328K, reserved 1048576K
}
Event: 4.468 GC heap before
{Heap before GC invocations=5 (full 0):
 garbage-first heap   total 49152K, used 33181K [0x0000000748c00000, 0x0000000800000000)
  region size 2048K, 11 young (22528K), 3 survivors (6144K)
 Metaspace       used 33323K, committed 33600K, reserved 1081344K
  class space    used 4046K, committed 4160K, reserved 1048576K
}
Event: 4.485 GC heap after
{Heap after GC invocations=6 (full 0):
 garbage-first heap   total 49152K, used 20685K [0x0000000748c00000, 0x0000000800000000)
  region size 2048K, 2 young (4096K), 2 survivors (4096K)
 Metaspace       used 33323K, committed 33600K, reserved 1081344K
  class space    used 4046K, committed 4160K, reserved 1048576K
}
Event: 4.856 GC heap before
{Heap before GC invocations=6 (full 0):
 garbage-first heap   total 49152K, used 35021K [0x0000000748c00000, 0x0000000800000000)
  region size 2048K, 9 young (18432K), 2 survivors (4096K)
 Metaspace       used 33417K, committed 33664K, reserved 1081344K
  class space    used 4046K, committed 4160K, reserved 1048576K
}
Event: 4.874 GC heap after
{Heap after GC invocations=7 (full 0):
 garbage-first heap   total 49152K, used 22322K [0x0000000748c00000, 0x0000000800000000)
  region size 2048K, 2 young (4096K), 2 survivors (4096K)
 Metaspace       used 33417K, committed 33664K, reserved 1081344K
  class space    used 4046K, committed 4160K, reserved 1048576K
}
Event: 5.176 GC heap before
{Heap before GC invocations=7 (full 0):
 garbage-first heap   total 49152K, used 36658K [0x0000000748c00000, 0x0000000800000000)
  region size 2048K, 8 young (16384K), 2 survivors (4096K)
 Metaspace       used 33840K, committed 34112K, reserved 1081344K
  class space    used 4076K, committed 4224K, reserved 1048576K
}
Event: 5.195 GC heap after
{Heap after GC invocations=8 (full 0):
 garbage-first heap   total 59392K, used 27602K [0x0000000748c00000, 0x0000000800000000)
  region size 2048K, 1 young (2048K), 1 survivors (2048K)
 Metaspace       used 33840K, committed 34112K, reserved 1081344K
  class space    used 4076K, committed 4224K, reserved 1048576K
}
Event: 5.616 GC heap before
{Heap before GC invocations=8 (full 0):
 garbage-first heap   total 59392K, used 37842K [0x0000000748c00000, 0x0000000800000000)
  region size 2048K, 7 young (14336K), 1 survivors (2048K)
 Metaspace       used 35881K, committed 36096K, reserved 1081344K
  class space    used 4516K, committed 4608K, reserved 1048576K
}
Event: 5.624 GC heap after
{Heap after GC invocations=9 (full 0):
 garbage-first heap   total 59392K, used 29178K [0x0000000748c00000, 0x0000000800000000)
  region size 2048K, 1 young (2048K), 1 survivors (2048K)
 Metaspace       used 35881K, committed 36096K, reserved 1081344K
  class space    used 4516K, committed 4608K, reserved 1048576K
}
Event: 6.022 GC heap before
{Heap before GC invocations=10 (full 0):
 garbage-first heap   total 59392K, used 45562K [0x0000000748c00000, 0x0000000800000000)
  region size 2048K, 8 young (16384K), 1 survivors (2048K)
 Metaspace       used 38768K, committed 39040K, reserved 1089536K
  class space    used 4839K, committed 4928K, reserved 1048576K
}
Event: 6.031 GC heap after
{Heap after GC invocations=11 (full 0):
 garbage-first heap   total 59392K, used 31771K [0x0000000748c00000, 0x0000000800000000)
  region size 2048K, 1 young (2048K), 1 survivors (2048K)
 Metaspace       used 38768K, committed 39040K, reserved 1089536K
  class space    used 4839K, committed 4928K, reserved 1048576K
}
Event: 6.044 GC heap before
{Heap before GC invocations=11 (full 0):
 garbage-first heap   total 59392K, used 33819K [0x0000000748c00000, 0x0000000800000000)
  region size 2048K, 2 young (4096K), 1 survivors (2048K)
 Metaspace       used 38771K, committed 39040K, reserved 1089536K
  class space    used 4839K, committed 4928K, reserved 1048576K
}
Event: 6.054 GC heap after
{Heap after GC invocations=12 (full 0):
 garbage-first heap   total 59392K, used 32400K [0x0000000748c00000, 0x0000000800000000)
  region size 2048K, 1 young (2048K), 1 survivors (2048K)
 Metaspace       used 38771K, committed 39040K, reserved 1089536K
  class space    used 4839K, committed 4928K, reserved 1048576K
}
Event: 6.330 GC heap before
{Heap before GC invocations=12 (full 0):
 garbage-first heap   total 59392K, used 42640K [0x0000000748c00000, 0x0000000800000000)
  region size 2048K, 6 young (12288K), 1 survivors (2048K)
 Metaspace       used 39581K, committed 39808K, reserved 1089536K
  class space    used 4935K, committed 5056K, reserved 1048576K
}
Event: 6.334 GC heap after
{Heap after GC invocations=13 (full 0):
 garbage-first heap   total 59392K, used 32624K [0x0000000748c00000, 0x0000000800000000)
  region size 2048K, 1 young (2048K), 1 survivors (2048K)
 Metaspace       used 39581K, committed 39808K, reserved 1089536K
  class space    used 4935K, committed 5056K, reserved 1048576K
}
Event: 6.742 GC heap before
{Heap before GC invocations=14 (full 0):
 garbage-first heap   total 59392K, used 40816K [0x0000000748c00000, 0x0000000800000000)
  region size 2048K, 6 young (12288K), 1 survivors (2048K)
 Metaspace       used 41554K, committed 41792K, reserved 1089536K
  class space    used 5140K, committed 5248K, reserved 1048576K
}
Event: 6.752 GC heap after
{Heap after GC invocations=15 (full 0):
 garbage-first heap   total 59392K, used 34262K [0x0000000748c00000, 0x0000000800000000)
  region size 2048K, 1 young (2048K), 1 survivors (2048K)
 Metaspace       used 41554K, committed 41792K, reserved 1089536K
  class space    used 5140K, committed 5248K, reserved 1048576K
}
Event: 7.092 GC heap before
{Heap before GC invocations=15 (full 0):
 garbage-first heap   total 59392K, used 42454K [0x0000000748c00000, 0x0000000800000000)
  region size 2048K, 6 young (12288K), 1 survivors (2048K)
 Metaspace       used 43898K, committed 44224K, reserved 1089536K
  class space    used 5311K, committed 5440K, reserved 1048576K
}

Dll operation events (2 events):
Event: 0.010 Loaded shared library C:\Program Files\Android\Android Studio1\jbr\bin\java.dll
Event: 2.315 Loaded shared library C:\Program Files\Android\Android Studio1\jbr\bin\verify.dll

Deoptimization events (20 events):
Event: 7.008 Thread 0x0000023310142a30 Uncommon trap: trap_request=0xffffffde fr.pc=0x000002331b243aac relative=0x0000000000000f2c
Event: 7.008 Thread 0x0000023310142a30 Uncommon trap: reason=class_check action=maybe_recompile pc=0x000002331b243aac method=java.util.HashMap.putVal(ILjava/lang/Object;Ljava/lang/Object;ZZ)Ljava/lang/Object; @ 203 c2
Event: 7.008 Thread 0x0000023310142a30 DEOPT PACKING pc=0x000002331b243aac sp=0x00000081586fd6b0
Event: 7.008 Thread 0x0000023310142a30 DEOPT UNPACKING pc=0x000002331ab969a3 sp=0x00000081586fd640 mode 2
Event: 7.084 Thread 0x0000023310142a30 Uncommon trap: trap_request=0xffffffd6 fr.pc=0x000002331b25bda8 relative=0x0000000000000388
Event: 7.084 Thread 0x0000023310142a30 Uncommon trap: reason=array_check action=maybe_recompile pc=0x000002331b25bda8 method=java.util.LinkedHashMap.valuesToArray([Ljava/lang/Object;)[Ljava/lang/Object; @ 25 c2
Event: 7.084 Thread 0x0000023310142a30 DEOPT PACKING pc=0x000002331b25bda8 sp=0x00000081586fd600
Event: 7.085 Thread 0x0000023310142a30 DEOPT UNPACKING pc=0x000002331ab969a3 sp=0x00000081586fd5a8 mode 2
Event: 7.085 Thread 0x0000023310142a30 Uncommon trap: trap_request=0xffffffd6 fr.pc=0x000002331b25bda8 relative=0x0000000000000388
Event: 7.085 Thread 0x0000023310142a30 Uncommon trap: reason=array_check action=maybe_recompile pc=0x000002331b25bda8 method=java.util.LinkedHashMap.valuesToArray([Ljava/lang/Object;)[Ljava/lang/Object; @ 25 c2
Event: 7.085 Thread 0x0000023310142a30 DEOPT PACKING pc=0x000002331b25bda8 sp=0x00000081586fd600
Event: 7.085 Thread 0x0000023310142a30 DEOPT UNPACKING pc=0x000002331ab969a3 sp=0x00000081586fd5a8 mode 2
Event: 7.085 Thread 0x0000023310142a30 Uncommon trap: trap_request=0xffffffd6 fr.pc=0x000002331b25bda8 relative=0x0000000000000388
Event: 7.085 Thread 0x0000023310142a30 Uncommon trap: reason=array_check action=maybe_recompile pc=0x000002331b25bda8 method=java.util.LinkedHashMap.valuesToArray([Ljava/lang/Object;)[Ljava/lang/Object; @ 25 c2
Event: 7.085 Thread 0x0000023310142a30 DEOPT PACKING pc=0x000002331b25bda8 sp=0x00000081586fd600
Event: 7.085 Thread 0x0000023310142a30 DEOPT UNPACKING pc=0x000002331ab969a3 sp=0x00000081586fd5a8 mode 2
Event: 7.086 Thread 0x0000023310142a30 Uncommon trap: trap_request=0xffffffd6 fr.pc=0x000002331b25bda8 relative=0x0000000000000388
Event: 7.086 Thread 0x0000023310142a30 Uncommon trap: reason=array_check action=maybe_recompile pc=0x000002331b25bda8 method=java.util.LinkedHashMap.valuesToArray([Ljava/lang/Object;)[Ljava/lang/Object; @ 25 c2
Event: 7.086 Thread 0x0000023310142a30 DEOPT PACKING pc=0x000002331b25bda8 sp=0x00000081586fd790
Event: 7.086 Thread 0x0000023310142a30 DEOPT UNPACKING pc=0x000002331ab969a3 sp=0x00000081586fd738 mode 2

Classes unloaded (0 events):
No events

Classes redefined (0 events):
No events

Internal exceptions (20 events):
Event: 2.153 Thread 0x0000023310142a30 Exception <a 'java/lang/NoSuchMethodError'{0x00000007530db690}: 'long java.lang.invoke.Invokers$Holder.invoke_MT(java.lang.Object, java.lang.Object, java.lang.Object, java.lang.Object)'> (0x00000007530db690) 
thrown [s\src\hotspot\share\interpreter\linkResolver.cpp, line 771]
Event: 2.155 Thread 0x0000023310142a30 Exception <a 'java/lang/NoSuchMethodError'{0x00000007530e6eb0}: 'int java.lang.invoke.DirectMethodHandle$Holder.invokeSpecial(java.lang.Object, java.lang.Object, java.lang.Object)'> (0x00000007530e6eb0) 
thrown [s\src\hotspot\share\interpreter\linkResolver.cpp, line 771]
Event: 2.157 Thread 0x0000023310142a30 Exception <a 'java/lang/NoSuchMethodError'{0x00000007530eaee0}: 'int java.lang.invoke.DirectMethodHandle$Holder.invokeSpecial(java.lang.Object, java.lang.Object, java.lang.Object, java.lang.Object)'> (0x00000007530eaee0) 
thrown [s\src\hotspot\share\interpreter\linkResolver.cpp, line 771]
Event: 2.158 Thread 0x0000023310142a30 Exception <a 'java/lang/NoSuchMethodError'{0x00000007530ee548}: 'int java.lang.invoke.Invokers$Holder.invoke_MT(java.lang.Object, java.lang.Object, java.lang.Object, java.lang.Object)'> (0x00000007530ee548) 
thrown [s\src\hotspot\share\interpreter\linkResolver.cpp, line 771]
Event: 2.163 Thread 0x0000023310142a30 Exception <a 'java/lang/NoSuchMethodError'{0x00000007530fe168}: 'int java.lang.invoke.DelegatingMethodHandle$Holder.reinvoke_L(java.lang.Object, java.lang.Object, java.lang.Object, long, int)'> (0x00000007530fe168) 
thrown [s\src\hotspot\share\interpreter\linkResolver.cpp, line 771]
Event: 2.321 Thread 0x0000023310142a30 Exception <a 'java/lang/NoSuchMethodError'{0x0000000752c6b578}: 'java.lang.Object java.lang.invoke.DirectMethodHandle$Holder.invokeStaticInit(java.lang.Object)'> (0x0000000752c6b578) 
thrown [s\src\hotspot\share\interpreter\linkResolver.cpp, line 771]
Event: 2.775 Thread 0x0000023310142a30 Exception <a 'java/lang/NoSuchMethodError'{0x000000074b252610}: 'java.lang.Object java.lang.invoke.DirectMethodHandle$Holder.invokeStaticInit(java.lang.Object, int)'> (0x000000074b252610) 
thrown [s\src\hotspot\share\interpreter\linkResolver.cpp, line 771]
Event: 2.793 Thread 0x0000023310142a30 Exception <a 'java/lang/NoSuchMethodError'{0x000000074b2d1cc0}: 'void java.lang.invoke.DirectMethodHandle$Holder.invokeStatic(java.lang.Object, java.lang.Object)'> (0x000000074b2d1cc0) 
thrown [s\src\hotspot\share\interpreter\linkResolver.cpp, line 771]
Event: 2.821 Thread 0x0000023310142a30 Exception <a 'java/lang/NoSuchMethodError'{0x000000074b3f68b8}: 'long java.lang.invoke.DirectMethodHandle$Holder.invokeStatic(java.lang.Object)'> (0x000000074b3f68b8) 
thrown [s\src\hotspot\share\interpreter\linkResolver.cpp, line 771]
Event: 2.822 Thread 0x0000023310142a30 Exception <a 'java/lang/NoSuchMethodError'{0x000000074b3fa010}: 'long java.lang.invoke.DirectMethodHandle$Holder.invokeStaticInit(java.lang.Object)'> (0x000000074b3fa010) 
thrown [s\src\hotspot\share\interpreter\linkResolver.cpp, line 771]
Event: 3.008 Thread 0x0000023310142a30 Exception <a 'java/lang/NoSuchMethodError'{0x000000074af74708}: 'int java.lang.invoke.DirectMethodHandle$Holder.invokeStaticInit(java.lang.Object, java.lang.Object, java.lang.Object)'> (0x000000074af74708) 
thrown [s\src\hotspot\share\interpreter\linkResolver.cpp, line 771]
Event: 3.015 Thread 0x0000023310142a30 Exception <a 'java/lang/NoSuchMethodError'{0x000000074af9bdc0}: 'int java.lang.invoke.DirectMethodHandle$Holder.invokeStaticInit(java.lang.Object, java.lang.Object)'> (0x000000074af9bdc0) 
thrown [s\src\hotspot\share\interpreter\linkResolver.cpp, line 771]
Event: 3.041 Thread 0x0000023310142a30 Exception <a 'java/lang/NoSuchMethodError'{0x000000074ac71e70}: 'void java.lang.invoke.DirectMethodHandle$Holder.invokeSpecial(java.lang.Object, java.lang.Object, java.lang.Object)'> (0x000000074ac71e70) 
thrown [s\src\hotspot\share\interpreter\linkResolver.cpp, line 771]
Event: 3.617 Thread 0x0000023310142a30 Exception <a 'java/lang/NoSuchMethodError'{0x000000074a017210}: 'void java.lang.invoke.DirectMethodHandle$Holder.invokeStatic(java.lang.Object, java.lang.Object, java.lang.Object, java.lang.Object)'> (0x000000074a017210) 
thrown [s\src\hotspot\share\interpreter\linkResolver.cpp, line 771]
Event: 3.743 Thread 0x0000023310142a30 Exception <a 'java/lang/NoSuchMethodError'{0x0000000749fc8078}: 'void java.lang.invoke.DirectMethodHandle$Holder.invokeStaticInit(java.lang.Object, java.lang.Object)'> (0x0000000749fc8078) 
thrown [s\src\hotspot\share\interpreter\linkResolver.cpp, line 771]
Event: 3.873 Thread 0x0000023310142a30 Exception <a 'java/lang/NoSuchMethodError'{0x00000007520e8fa8}: 'void java.lang.invoke.DirectMethodHandle$Holder.invokeVirtual(java.lang.Object, java.lang.Object)'> (0x00000007520e8fa8) 
thrown [s\src\hotspot\share\interpreter\linkResolver.cpp, line 771]
Event: 3.882 Thread 0x0000023310142a30 Exception <a 'java/lang/NoSuchMethodError'{0x000000075214e888}: 'int java.lang.invoke.DirectMethodHandle$Holder.invokeVirtual(java.lang.Object, java.lang.Object)'> (0x000000075214e888) 
thrown [s\src\hotspot\share\interpreter\linkResolver.cpp, line 771]
Event: 3.930 Thread 0x0000023310142a30 Exception <a 'java/lang/NoSuchMethodError'{0x00000007521f1a78}: 'java.lang.Object java.lang.invoke.Invokers$Holder.invokeExact_MT(java.lang.Object, java.lang.Object, java.lang.Object, java.lang.Object, java.lang.Object, java.lang.Object)'> (0x00000007521f1a78) 
thrown [s\src\hotspot\share\interpreter\linkResolver.cpp, line 771]
Event: 4.232 Thread 0x0000023310142a30 Exception <a 'java/lang/NoSuchMethodError'{0x000000074b07d230}: 'java.lang.Object java.lang.invoke.Invokers$Holder.invoke_MT(java.lang.Object, java.lang.Object, java.lang.Object)'> (0x000000074b07d230) 
thrown [s\src\hotspot\share\interpreter\linkResolver.cpp, line 771]
Event: 5.962 Thread 0x0000023310142a30 Exception <a 'java/lang/NoSuchMethodError'{0x000000074bbe5a90}: 'java.lang.Object java.lang.invoke.DirectMethodHandle$Holder.invokeVirtual(java.lang.Object, java.lang.Object, java.lang.Object)'> (0x000000074bbe5a90) 
thrown [s\src\hotspot\share\interpreter\linkResolver.cpp, line 771]

VM Operations (20 events):
Event: 5.651 Executing VM operation: CollectForMetadataAllocation done
Event: 5.674 Executing VM operation: G1Concurrent
Event: 5.678 Executing VM operation: G1Concurrent done
Event: 5.698 Executing VM operation: G1Concurrent
Event: 5.698 Executing VM operation: G1Concurrent done
Event: 6.022 Executing VM operation: G1CollectForAllocation
Event: 6.031 Executing VM operation: G1CollectForAllocation done
Event: 6.043 Executing VM operation: G1CollectForAllocation
Event: 6.054 Executing VM operation: G1CollectForAllocation done
Event: 6.329 Executing VM operation: G1CollectForAllocation
Event: 6.335 Executing VM operation: G1CollectForAllocation done
Event: 6.400 Executing VM operation: G1Concurrent
Event: 6.405 Executing VM operation: G1Concurrent done
Event: 6.433 Executing VM operation: G1Concurrent
Event: 6.448 Executing VM operation: G1Concurrent done
Event: 6.742 Executing VM operation: G1CollectForAllocation
Event: 6.752 Executing VM operation: G1CollectForAllocation done
Event: 6.864 Executing VM operation: HandshakeAllThreads
Event: 6.864 Executing VM operation: HandshakeAllThreads done
Event: 7.092 Executing VM operation: G1CollectForAllocation

Events (20 events):
Event: 6.585 loading class sun/reflect/generics/tree/BottomSignature
Event: 6.585 loading class sun/reflect/generics/tree/BottomSignature done
Event: 6.585 loading class sun/reflect/generics/tree/Wildcard
Event: 6.585 loading class sun/reflect/generics/tree/Wildcard done
Event: 6.585 loading class sun/reflect/generics/tree/VoidDescriptor
Event: 6.585 loading class sun/reflect/generics/tree/VoidDescriptor done
Event: 6.585 loading class sun/reflect/generics/tree/MethodTypeSignature
Event: 6.585 loading class sun/reflect/generics/tree/MethodTypeSignature done
Event: 6.585 loading class sun/reflect/generics/reflectiveObjects/WildcardTypeImpl
Event: 6.585 loading class java/lang/reflect/WildcardType
Event: 6.585 loading class java/lang/reflect/WildcardType done
Event: 6.585 loading class sun/reflect/generics/reflectiveObjects/WildcardTypeImpl done
Event: 6.586 loading class java/util/function/IntFunction
Event: 6.586 loading class java/util/function/IntFunction done
Event: 6.737 loading class java/lang/TypeNotPresentException
Event: 6.737 loading class java/lang/TypeNotPresentException done
Event: 6.863 loading class sun/reflect/generics/scope/MethodScope
Event: 6.863 loading class sun/reflect/generics/scope/MethodScope done
Event: 6.863 loading class sun/reflect/generics/repository/MethodRepository
Event: 6.863 loading class sun/reflect/generics/repository/MethodRepository done


Dynamic libraries:
0x00007ff7c5ed0000 - 0x00007ff7c5eda000 	C:\Program Files\Android\Android Studio1\jbr\bin\java.exe
0x00007fffa4c70000 - 0x00007fffa4e68000 	C:\WINDOWS\SYSTEM32\ntdll.dll
0x00007fffa4950000 - 0x00007fffa4a0d000 	C:\WINDOWS\System32\KERNEL32.DLL
0x00007fffa2340000 - 0x00007fffa2636000 	C:\WINDOWS\System32\KERNELBASE.dll
0x00007fffa2800000 - 0x00007fffa2900000 	C:\WINDOWS\System32\ucrtbase.dll
0x00007fff9d470000 - 0x00007fff9d48b000 	C:\Program Files\Android\Android Studio1\jbr\bin\VCRUNTIME140.dll
0x00007fff8e890000 - 0x00007fff8e8a7000 	C:\Program Files\Android\Android Studio1\jbr\bin\jli.dll
0x00007fffa3bd0000 - 0x00007fffa3d6e000 	C:\WINDOWS\System32\USER32.dll
0x00007fffa2c00000 - 0x00007fffa2c22000 	C:\WINDOWS\System32\win32u.dll
0x00007fff90320000 - 0x00007fff905ba000 	C:\WINDOWS\WinSxS\amd64_microsoft.windows.common-controls_6595b64144ccf1df_6.0.19041.3636_none_60b6a03d71f818d5\COMCTL32.dll
0x00007fffa4710000 - 0x00007fffa473c000 	C:\WINDOWS\System32\GDI32.dll
0x00007fffa48b0000 - 0x00007fffa494e000 	C:\WINDOWS\System32\msvcrt.dll
0x00007fffa2a60000 - 0x00007fffa2b7a000 	C:\WINDOWS\System32\gdi32full.dll
0x00007fffa2760000 - 0x00007fffa27fd000 	C:\WINDOWS\System32\msvcp_win.dll
0x00007fffa42d0000 - 0x00007fffa4300000 	C:\WINDOWS\System32\IMM32.DLL
0x00007fff9f500000 - 0x00007fff9f50c000 	C:\Program Files\Android\Android Studio1\jbr\bin\vcruntime140_1.dll
0x00007fff8b9c0000 - 0x00007fff8ba4d000 	C:\Program Files\Android\Android Studio1\jbr\bin\msvcp140.dll
0x00007fff20270000 - 0x00007fff20ede000 	C:\Program Files\Android\Android Studio1\jbr\bin\server\jvm.dll
0x00007fffa2cc0000 - 0x00007fffa2d73000 	C:\WINDOWS\System32\ADVAPI32.dll
0x00007fffa4540000 - 0x00007fffa45df000 	C:\WINDOWS\System32\sechost.dll
0x00007fffa45e0000 - 0x00007fffa4706000 	C:\WINDOWS\System32\RPCRT4.dll
0x00007fffa2b80000 - 0x00007fffa2ba7000 	C:\WINDOWS\System32\bcrypt.dll
0x00007fff9dcf0000 - 0x00007fff9dcf9000 	C:\WINDOWS\SYSTEM32\WSOCK32.dll
0x00007fff90610000 - 0x00007fff90637000 	C:\WINDOWS\SYSTEM32\WINMM.dll
0x00007fffa4bc0000 - 0x00007fffa4c2b000 	C:\WINDOWS\System32\WS2_32.dll
0x00007fff9c670000 - 0x00007fff9c67a000 	C:\WINDOWS\SYSTEM32\VERSION.dll
0x00007fffa01f0000 - 0x00007fffa0202000 	C:\WINDOWS\SYSTEM32\kernel.appcore.dll
0x00007fff9de40000 - 0x00007fff9de4a000 	C:\Program Files\Android\Android Studio1\jbr\bin\jimage.dll
0x00007fff8d0f0000 - 0x00007fff8d2d4000 	C:\WINDOWS\SYSTEM32\DBGHELP.DLL
0x00007fff8e4f0000 - 0x00007fff8e524000 	C:\WINDOWS\SYSTEM32\dbgcore.DLL
0x00007fffa2c30000 - 0x00007fffa2cb2000 	C:\WINDOWS\System32\bcryptPrimitives.dll
0x00007fff9b660000 - 0x00007fff9b685000 	C:\Program Files\Android\Android Studio1\jbr\bin\java.dll
0x00007fff9bab0000 - 0x00007fff9bac8000 	C:\Program Files\Android\Android Studio1\jbr\bin\zip.dll
0x00007fffa2d80000 - 0x00007fffa34c5000 	C:\WINDOWS\System32\SHELL32.dll
0x00007fffa03f0000 - 0x00007fffa0b8b000 	C:\WINDOWS\SYSTEM32\windows.storage.dll
0x00007fffa34d0000 - 0x00007fffa3824000 	C:\WINDOWS\System32\combase.dll
0x00007fffa1d70000 - 0x00007fffa1d9d000 	C:\WINDOWS\SYSTEM32\Wldp.dll
0x00007fffa4490000 - 0x00007fffa453d000 	C:\WINDOWS\System32\SHCORE.dll
0x00007fffa4430000 - 0x00007fffa4485000 	C:\WINDOWS\System32\shlwapi.dll
0x00007fffa2270000 - 0x00007fffa2295000 	C:\WINDOWS\SYSTEM32\profapi.dll
0x00007fff9b790000 - 0x00007fff9b7a9000 	C:\Program Files\Android\Android Studio1\jbr\bin\net.dll
0x00007fff9a470000 - 0x00007fff9a57a000 	C:\WINDOWS\SYSTEM32\WINHTTP.dll
0x00007fffa1ad0000 - 0x00007fffa1b3a000 	C:\WINDOWS\system32\mswsock.dll
0x00007fff980a0000 - 0x00007fff980b6000 	C:\Program Files\Android\Android Studio1\jbr\bin\nio.dll
0x00007fff9c0f0000 - 0x00007fff9c100000 	C:\Program Files\Android\Android Studio1\jbr\bin\verify.dll

dbghelp: loaded successfully - version: 4.0.5 - missing functions: none
symbol engine: initialized successfully - sym options: 0x614 - pdb path: .;C:\Program Files\Android\Android Studio1\jbr\bin;C:\WINDOWS\SYSTEM32;C:\WINDOWS\WinSxS\amd64_microsoft.windows.common-controls_6595b64144ccf1df_6.0.19041.3636_none_60b6a03d71f818d5;C:\Program Files\Android\Android Studio1\jbr\bin\server

VM Arguments:
java_command: org.jetbrains.kotlin.cli.jvm.K2JVMCompiler @C:\Users\ABDO\Desktop\i-Freeze\SecuriteAndroidApp\app\build\20240211_5638110907531115114.compiler.options
java_class_path (initial): C:\Users\ABDO\.gradle\caches\modules-2\files-2.1\org.jetbrains.kotlin\kotlin-compiler-embeddable\1.8.10\b0757fd774344d54ce93f5ad6c30ba1c1731c8ff\kotlin-compiler-embeddable-1.8.10.jar;C:\Users\ABDO\.gradle\caches\modules-2\files-2.1\org.jetbrains.kotlin\kotlin-stdlib\1.8.10\6d5560a229477df9406943d5feda5618e98eb64c\kotlin-stdlib-1.8.10.jar;C:\Users\ABDO\.gradle\caches\modules-2\files-2.1\org.jetbrains.kotlin\kotlin-script-runtime\1.8.10\b13ea9c7e46d589139e56086a878763290e20bd5\kotlin-script-runtime-1.8.10.jar;C:\Users\ABDO\.gradle\caches\modules-2\files-2.1\org.jetbrains.kotlin\kotlin-reflect\1.6.10\1cbe9c92c12a94eea200d23c2bbaedaf3daf5132\kotlin-reflect-1.6.10.jar;C:\Users\ABDO\.gradle\caches\modules-2\files-2.1\org.jetbrains.kotlin\kotlin-daemon-embeddable\1.8.10\ad8541d9bc1cf9e52c3204161247910c2cf601d4\kotlin-daemon-embeddable-1.8.10.jar;C:\Users\ABDO\.gradle\caches\modules-2\files-2.1\org.jetbrains.intellij.deps\trove4j\1.0.20200330\3afb14d5f9ceb459d724e907a21145e8ff394f02\trove4j-1.0.20200330.jar;C:\Users\ABDO\.gradle\caches\modules-2\files-2.1\net.java.dev.jna\jna\5.6.0\330f2244e9030119ab3030fc3fededc86713d9cc\jna-5.6.0.jar;C:\Users\ABDO\.gradle\caches\modules-2\files-2.1\org.jetbrains.kotlin\kotlin-stdlib-common\1.8.10\a61b182458550492c12aee66157d7b524a63a5ec\kotlin-stdlib-common-1.8.10.jar;C:\Users\ABDO\.gradle\caches\modules-2\files-2.1\org.jetbrains\annotations\13.0\919f0dfe192fb4e063e7dacadee7f8bb9a2672a9\annotations-13.0.jar
Launcher Type: SUN_STANDARD

[Global flags]
     intx CICompilerCount                          = 3                                         {product} {ergonomic}
     uint ConcGCThreads                            = 1                                         {product} {ergonomic}
     uint G1ConcRefinementThreads                  = 4                                         {product} {ergonomic}
   size_t G1HeapRegionSize                         = 2097152                                   {product} {ergonomic}
    uintx GCDrainStackTargetSize                   = 64                                        {product} {ergonomic}
   size_t InitialHeapSize                          = 192937984                                 {product} {ergonomic}
   size_t MarkStackSize                            = 4194304                                   {product} {ergonomic}
   size_t MaxHeapSize                              = 3074424832                                {product} {ergonomic}
   size_t MaxNewSize                               = 1843396608                                {product} {ergonomic}
   size_t MinHeapDeltaBytes                        = 2097152                                   {product} {ergonomic}
   size_t MinHeapSize                              = 8388608                                   {product} {ergonomic}
    uintx NonNMethodCodeHeapSize                   = 5832780                                {pd product} {ergonomic}
    uintx NonProfiledCodeHeapSize                  = 122912730                              {pd product} {ergonomic}
    uintx ProfiledCodeHeapSize                     = 122912730                              {pd product} {ergonomic}
    uintx ReservedCodeCacheSize                    = 251658240                              {pd product} {ergonomic}
     bool SegmentedCodeCache                       = true                                      {product} {ergonomic}
   size_t SoftMaxHeapSize                          = 3074424832                             {manageable} {ergonomic}
     bool UseCompressedClassPointers               = true                           {product lp64_product} {ergonomic}
     bool UseCompressedOops                        = true                           {product lp64_product} {ergonomic}
     bool UseG1GC                                  = true                                      {product} {ergonomic}
     bool UseLargePagesIndividualAllocation        = false                                  {pd product} {ergonomic}

Logging:
Log output configuration:
 #0: stdout all=warning uptime,level,tags
 #1: stderr all=off uptime,level,tags

Environment Variables:
JAVA_HOME=C:\Program Files\Java\jdk-11
PATH=C:\Program Files\Common Files\Oracle\Java\javapath;C:\Program Files (x86)\Common Files\Intel\Shared Libraries\redist\intel64\compiler;C:\WINDOWS\system32;C:\WINDOWS;C:\WINDOWS\System32\Wbem;C:\WINDOWS\System32\WindowsPowerShell\v1.0\;C:\WINDOWS\System32\OpenSSH\;C:\Program Files\dotnet\;C:\Program Files\Git\cmd;C:\gradle\gradle-8.2.1\bin;C:\Program Files\Java\jdk-11\bin;C:\Program Files\Android\Android Studio1\gradle\gradle-8.0\bin;C:\Users\ABDO\AppData\Local\Programs\Microsoft VS Code\bin
USERNAME=ABDO
OS=Windows_NT
PROCESSOR_IDENTIFIER=Intel64 Family 6 Model 60 Stepping 3, GenuineIntel
TMP=C:\Users\ABDO\AppData\Local\Temp
TEMP=C:\Users\ABDO\AppData\Local\Temp


JNI global refs:
JNI global refs: 7, weak refs: 0

JNI global refs memory usage: 843, weak refs: 841


---------------  S Y S T E M  ---------------

OS:
 Windows 10 , 64 bit Build 19041 (10.0.19041.3636)
OS uptime: 2 days 6:11 hours

CPU: total 4 (initial active 4) (2 cores per cpu, 2 threads per core) family 6 model 60 stepping 3 microcode 0x28, cx8, cmov, fxsr, ht, mmx, sse, sse2, sse3, ssse3, sse4.1, sse4.2, popcnt, lzcnt, tsc, tscinvbit, avx, avx2, aes, erms, clmul, bmi1, bmi2, fma, vzeroupper, clflush

Memory: 4k page, system-wide physical 11721M (522M free)
TotalPageFile size 24521M (AvailPageFile size 68M)
current process WorkingSet (physical memory assigned to process): 188M, peak: 190M
current process commit charge ("private bytes"): 216M, peak: 284M

vm_info: OpenJDK 64-Bit Server VM (17.0.6+0-b2043.56-10027231) for windows-amd64 JRE (17.0.6+0-b2043.56-10027231), built on Apr 28 2023 00:43:19 by "androidbuild" with MS VC++ 16.10 / 16.11 (VS2019)

END.
