#
# There is insufficient memory for the Java Runtime Environment to continue.
# Native memory allocation (malloc) failed to allocate 32744 bytes for ChunkPool::allocate
# Possible reasons:
#   The system is out of physical RAM or swap space
#   The process is running with CompressedOops enabled, and the Java Heap may be blocking the growth of the native heap
# Possible solutions:
#   Reduce memory load on the system
#   Increase physical memory or swap space
#   Check if swap backing store is full
#   Decrease Java heap size (-Xmx/-Xms)
#   Decrease number of Java threads
#   Decrease Java thread stack sizes (-Xss)
#   Set larger code cache with -XX:ReservedCodeCacheSize=
#   JVM is running with Zero Based Compressed Oops mode in which the Java heap is
#     placed in the first 32GB address space. The Java Heap base address is the
#     maximum limit for the native heap growth. Please use -XX:HeapBaseMinAddress
#     to set the Java Heap base and to place the Java Heap above 32GB virtual address.
# This output file may be truncated or incomplete.
#
#  Out of Memory Error (arena.cpp:78), pid=78616, tid=73764
#
# JRE version: OpenJDK Runtime Environment (17.0.6) (build 17.0.6+0-b2043.56-10027231)
# Java VM: OpenJDK 64-Bit Server VM (17.0.6+0-b2043.56-10027231, mixed mode, tiered, compressed oops, compressed class ptrs, g1 gc, windows-amd64)
# No core dump will be written. Minidumps are not enabled by default on client versions of Windows
#

---------------  S U M M A R Y ------------

Command Line: git4idea.http.GitAskPassApp Username for 'https://github.com': 

Host: Intel(R) Core(TM) i5-4200M CPU @ 2.50GHz, 4 cores, 11G,  Windows 10 , 64 bit Build 19041 (10.0.19041.3636)
Time: Tue Jan 23 14:59:58 2024 Egypt Standard Time elapsed time: 0.290483 seconds (0d 0h 0m 0s)

---------------  T H R E A D  ---------------

Current thread (0x00000265cd3c3980):  JavaThread "main" [_thread_in_vm, id=73764, stack(0x000000e3ca500000,0x000000e3ca600000)]

Stack: [0x000000e3ca500000,0x000000e3ca600000]
Native frames: (J=compiled Java code, j=interpreted, Vv=VM code, C=native code)
V  [jvm.dll+0x683c9a]
V  [jvm.dll+0x8427a4]
V  [jvm.dll+0x843f9e]
V  [jvm.dll+0x844603]
V  [jvm.dll+0x249b75]
V  [jvm.dll+0xabecc]
V  [jvm.dll+0xac27c]
V  [jvm.dll+0x1ebbe5]
V  [jvm.dll+0x1ee839]
V  [jvm.dll+0x1e3dcc]
V  [jvm.dll+0x547fed]
V  [jvm.dll+0x7bd3d5]
V  [jvm.dll+0x7bd4ee]
V  [jvm.dll+0x41182a]
V  [jvm.dll+0x4179a9]
C  [java.dll+0x17ec]

Java frames: (J=compiled Java code, j=interpreted, Vv=VM code)
j  java.lang.ClassLoader.defineClass1(Ljava/lang/ClassLoader;Ljava/lang/String;[BIILjava/security/ProtectionDomain;Ljava/lang/String;)Ljava/lang/Class;+0 java.base@17.0.6
j  java.lang.ClassLoader.defineClass(Ljava/lang/String;[BIILjava/security/ProtectionDomain;)Ljava/lang/Class;+27 java.base@17.0.6
j  java.security.SecureClassLoader.defineClass(Ljava/lang/String;[BIILjava/security/CodeSource;)Ljava/lang/Class;+12 java.base@17.0.6
j  jdk.internal.loader.BuiltinClassLoader.defineClass(Ljava/lang/String;Ljdk/internal/loader/Resource;)Ljava/lang/Class;+117 java.base@17.0.6
j  jdk.internal.loader.BuiltinClassLoader.findClassOnClassPathOrNull(Ljava/lang/String;)Ljava/lang/Class;+37 java.base@17.0.6
j  jdk.internal.loader.BuiltinClassLoader.loadClassOrNull(Ljava/lang/String;Z)Ljava/lang/Class;+111 java.base@17.0.6
j  jdk.internal.loader.BuiltinClassLoader.loadClass(Ljava/lang/String;Z)Ljava/lang/Class;+3 java.base@17.0.6
j  jdk.internal.loader.ClassLoaders$AppClassLoader.loadClass(Ljava/lang/String;Z)Ljava/lang/Class;+36 java.base@17.0.6
j  java.lang.ClassLoader.loadClass(Ljava/lang/String;)Ljava/lang/Class;+3 java.base@17.0.6
v  ~StubRoutines::call_stub
j  git4idea.http.GitAskPassApp.main([Ljava/lang/String;)V+28
v  ~StubRoutines::call_stub

---------------  P R O C E S S  ---------------

Threads class SMR info:
_java_thread_list=0x00000265eb5a8480, length=12, elements={
0x00000265cd3c3980, 0x00000265ea9f3760, 0x00000265eb412510, 0x00000265eaa18410,
0x00000265eb43e020, 0x00000265eb43e8e0, 0x00000265eb43f1a0, 0x00000265eb43fd90,
0x00000265eb442e50, 0x00000265eb460940, 0x00000265eb5a65b0, 0x00000265eb5ab130
}

Java Threads: ( => current thread )
=>0x00000265cd3c3980 JavaThread "main" [_thread_in_vm, id=73764, stack(0x000000e3ca500000,0x000000e3ca600000)]
  0x00000265ea9f3760 JavaThread "Reference Handler" daemon [_thread_blocked, id=78620, stack(0x000000e3cac00000,0x000000e3cad00000)]
  0x00000265eb412510 JavaThread "Finalizer" daemon [_thread_blocked, id=77392, stack(0x000000e3cad00000,0x000000e3cae00000)]
  0x00000265eaa18410 JavaThread "Signal Dispatcher" daemon [_thread_blocked, id=77904, stack(0x000000e3cae00000,0x000000e3caf00000)]
  0x00000265eb43e020 JavaThread "Attach Listener" daemon [_thread_blocked, id=77864, stack(0x000000e3caf00000,0x000000e3cb000000)]
  0x00000265eb43e8e0 JavaThread "Service Thread" daemon [_thread_blocked, id=77980, stack(0x000000e3cb000000,0x000000e3cb100000)]
  0x00000265eb43f1a0 JavaThread "Monitor Deflation Thread" daemon [_thread_blocked, id=77896, stack(0x000000e3cb100000,0x000000e3cb200000)]
  0x00000265eb43fd90 JavaThread "C2 CompilerThread0" daemon [_thread_in_native, id=78000, stack(0x000000e3cb200000,0x000000e3cb300000)]
  0x00000265eb442e50 JavaThread "C1 CompilerThread0" daemon [_thread_blocked, id=78060, stack(0x000000e3cb300000,0x000000e3cb400000)]
  0x00000265eb460940 JavaThread "Sweeper thread" daemon [_thread_blocked, id=78044, stack(0x000000e3cb400000,0x000000e3cb500000)]
  0x00000265eb5a65b0 JavaThread "Notification Thread" daemon [_thread_blocked, id=78200, stack(0x000000e3cb500000,0x000000e3cb600000)]
  0x00000265eb5ab130 JavaThread "Common-Cleaner" daemon [_thread_blocked, id=77868, stack(0x000000e3cb700000,0x000000e3cb800000)]

Other Threads:
  0x00000265ea9ec270 VMThread "VM Thread" [stack: 0x000000e3cab00000,0x000000e3cac00000] [id=78024]
  0x00000265eb5a6e90 WatcherThread [stack: 0x000000e3cb600000,0x000000e3cb700000] [id=77840]
  0x00000265cd4190c0 GCTaskThread "GC Thread#0" [stack: 0x000000e3ca600000,0x000000e3ca700000] [id=74528]
  0x00000265cd425650 ConcurrentGCThread "G1 Main Marker" [stack: 0x000000e3ca700000,0x000000e3ca800000] [id=77940]
  0x00000265cd426710 ConcurrentGCThread "G1 Conc#0" [stack: 0x000000e3ca800000,0x000000e3ca900000] [id=77932]
  0x00000265ea8604a0 ConcurrentGCThread "G1 Refine#0" [stack: 0x000000e3ca900000,0x000000e3caa00000] [id=78844]
  0x00000265ea860dd0 ConcurrentGCThread "G1 Service" [stack: 0x000000e3caa00000,0x000000e3cab00000] [id=78016]

Threads with active compile tasks:
C2 CompilerThread0      338  115 %     4       java.util.zip.ZipFile$Source::initCEN @ 240 (591 bytes)

VM state: not at safepoint (normal execution)

VM Mutex/Monitor currently owned by a thread: None

Heap address: 0x0000000748c00000, size: 2932 MB, Compressed Oops mode: Zero based, Oop shift amount: 3

CDS archive(s) not mapped
Compressed class space mapped at: 0x0000000800000000-0x0000000840000000, reserved size: 1073741824
Narrow klass base: 0x0000000800000000, Narrow klass shift: 0, Narrow klass range: 0x40000000

GC Precious Log:
 CPUs: 4 total, 4 available
 Memory: 11721M
 Large Page Support: Disabled
 NUMA Support: Disabled
 Compressed Oops: Enabled (Zero based)
 Heap Region Size: 2M
 Heap Min Capacity: 8M
 Heap Initial Capacity: 184M
 Heap Max Capacity: 2932M
 Pre-touch: Disabled
 Parallel Workers: 4
 Concurrent Workers: 1
 Concurrent Refinement Workers: 4
 Periodic GC: Disabled

Heap:
 garbage-first heap   total 188416K, used 14336K [0x0000000748c00000, 0x0000000800000000)
  region size 2048K, 1 young (2048K), 0 survivors (0K)
 Metaspace       used 4897K, committed 5056K, reserved 1056768K
  class space    used 421K, committed 512K, reserved 1048576K

Heap Regions: E=young(eden), S=young(survivor), O=old, HS=humongous(starts), HC=humongous(continues), CS=collection set, F=free, OA=open archive, CA=closed archive, TAMS=top-at-mark-start (previous, next)
|   0|0x0000000748c00000, 0x0000000748e00000, 0x0000000748e00000|100%|HS|  |TAMS 0x0000000748c00000, 0x0000000748c00000| Complete 
|   1|0x0000000748e00000, 0x0000000749000000, 0x0000000749000000|100%|HC|  |TAMS 0x0000000748e00000, 0x0000000748e00000| Complete 
|   2|0x0000000749000000, 0x0000000749200000, 0x0000000749200000|100%|HC|  |TAMS 0x0000000749000000, 0x0000000749000000| Complete 
|   3|0x0000000749200000, 0x0000000749400000, 0x0000000749400000|100%|HC|  |TAMS 0x0000000749200000, 0x0000000749200000| Complete 
|   4|0x0000000749400000, 0x0000000749600000, 0x0000000749600000|100%|HC|  |TAMS 0x0000000749400000, 0x0000000749400000| Complete 
|   5|0x0000000749600000, 0x0000000749800000, 0x0000000749800000|100%|HC|  |TAMS 0x0000000749600000, 0x0000000749600000| Complete 
|   6|0x0000000749800000, 0x0000000749a00000, 0x0000000749a00000|100%|HS|  |TAMS 0x0000000749800000, 0x0000000749800000| Complete 
|   7|0x0000000749a00000, 0x0000000749a00000, 0x0000000749c00000|  0%| F|  |TAMS 0x0000000749a00000, 0x0000000749a00000| Untracked 
|   8|0x0000000749c00000, 0x0000000749c00000, 0x0000000749e00000|  0%| F|  |TAMS 0x0000000749c00000, 0x0000000749c00000| Untracked 
|   9|0x0000000749e00000, 0x0000000749e00000, 0x000000074a000000|  0%| F|  |TAMS 0x0000000749e00000, 0x0000000749e00000| Untracked 
|  10|0x000000074a000000, 0x000000074a000000, 0x000000074a200000|  0%| F|  |TAMS 0x000000074a000000, 0x000000074a000000| Untracked 
|  11|0x000000074a200000, 0x000000074a200000, 0x000000074a400000|  0%| F|  |TAMS 0x000000074a200000, 0x000000074a200000| Untracked 
|  12|0x000000074a400000, 0x000000074a400000, 0x000000074a600000|  0%| F|  |TAMS 0x000000074a400000, 0x000000074a400000| Untracked 
|  13|0x000000074a600000, 0x000000074a600000, 0x000000074a800000|  0%| F|  |TAMS 0x000000074a600000, 0x000000074a600000| Untracked 
|  14|0x000000074a800000, 0x000000074a800000, 0x000000074aa00000|  0%| F|  |TAMS 0x000000074a800000, 0x000000074a800000| Untracked 
|  15|0x000000074aa00000, 0x000000074aa00000, 0x000000074ac00000|  0%| F|  |TAMS 0x000000074aa00000, 0x000000074aa00000| Untracked 
|  16|0x000000074ac00000, 0x000000074ac00000, 0x000000074ae00000|  0%| F|  |TAMS 0x000000074ac00000, 0x000000074ac00000| Untracked 
|  17|0x000000074ae00000, 0x000000074ae00000, 0x000000074b000000|  0%| F|  |TAMS 0x000000074ae00000, 0x000000074ae00000| Untracked 
|  18|0x000000074b000000, 0x000000074b000000, 0x000000074b200000|  0%| F|  |TAMS 0x000000074b000000, 0x000000074b000000| Untracked 
|  19|0x000000074b200000, 0x000000074b200000, 0x000000074b400000|  0%| F|  |TAMS 0x000000074b200000, 0x000000074b200000| Untracked 
|  20|0x000000074b400000, 0x000000074b400000, 0x000000074b600000|  0%| F|  |TAMS 0x000000074b400000, 0x000000074b400000| Untracked 
|  21|0x000000074b600000, 0x000000074b600000, 0x000000074b800000|  0%| F|  |TAMS 0x000000074b600000, 0x000000074b600000| Untracked 
|  22|0x000000074b800000, 0x000000074b800000, 0x000000074ba00000|  0%| F|  |TAMS 0x000000074b800000, 0x000000074b800000| Untracked 
|  23|0x000000074ba00000, 0x000000074ba00000, 0x000000074bc00000|  0%| F|  |TAMS 0x000000074ba00000, 0x000000074ba00000| Untracked 
|  24|0x000000074bc00000, 0x000000074bc00000, 0x000000074be00000|  0%| F|  |TAMS 0x000000074bc00000, 0x000000074bc00000| Untracked 
|  25|0x000000074be00000, 0x000000074be00000, 0x000000074c000000|  0%| F|  |TAMS 0x000000074be00000, 0x000000074be00000| Untracked 
|  26|0x000000074c000000, 0x000000074c000000, 0x000000074c200000|  0%| F|  |TAMS 0x000000074c000000, 0x000000074c000000| Untracked 
|  27|0x000000074c200000, 0x000000074c200000, 0x000000074c400000|  0%| F|  |TAMS 0x000000074c200000, 0x000000074c200000| Untracked 
|  28|0x000000074c400000, 0x000000074c400000, 0x000000074c600000|  0%| F|  |TAMS 0x000000074c400000, 0x000000074c400000| Untracked 
|  29|0x000000074c600000, 0x000000074c600000, 0x000000074c800000|  0%| F|  |TAMS 0x000000074c600000, 0x000000074c600000| Untracked 
|  30|0x000000074c800000, 0x000000074c800000, 0x000000074ca00000|  0%| F|  |TAMS 0x000000074c800000, 0x000000074c800000| Untracked 
|  31|0x000000074ca00000, 0x000000074ca00000, 0x000000074cc00000|  0%| F|  |TAMS 0x000000074ca00000, 0x000000074ca00000| Untracked 
|  32|0x000000074cc00000, 0x000000074cc00000, 0x000000074ce00000|  0%| F|  |TAMS 0x000000074cc00000, 0x000000074cc00000| Untracked 
|  33|0x000000074ce00000, 0x000000074ce00000, 0x000000074d000000|  0%| F|  |TAMS 0x000000074ce00000, 0x000000074ce00000| Untracked 
|  34|0x000000074d000000, 0x000000074d000000, 0x000000074d200000|  0%| F|  |TAMS 0x000000074d000000, 0x000000074d000000| Untracked 
|  35|0x000000074d200000, 0x000000074d200000, 0x000000074d400000|  0%| F|  |TAMS 0x000000074d200000, 0x000000074d200000| Untracked 
|  36|0x000000074d400000, 0x000000074d400000, 0x000000074d600000|  0%| F|  |TAMS 0x000000074d400000, 0x000000074d400000| Untracked 
|  37|0x000000074d600000, 0x000000074d600000, 0x000000074d800000|  0%| F|  |TAMS 0x000000074d600000, 0x000000074d600000| Untracked 
|  38|0x000000074d800000, 0x000000074d800000, 0x000000074da00000|  0%| F|  |TAMS 0x000000074d800000, 0x000000074d800000| Untracked 
|  39|0x000000074da00000, 0x000000074da00000, 0x000000074dc00000|  0%| F|  |TAMS 0x000000074da00000, 0x000000074da00000| Untracked 
|  40|0x000000074dc00000, 0x000000074dc00000, 0x000000074de00000|  0%| F|  |TAMS 0x000000074dc00000, 0x000000074dc00000| Untracked 
|  41|0x000000074de00000, 0x000000074de00000, 0x000000074e000000|  0%| F|  |TAMS 0x000000074de00000, 0x000000074de00000| Untracked 
|  42|0x000000074e000000, 0x000000074e000000, 0x000000074e200000|  0%| F|  |TAMS 0x000000074e000000, 0x000000074e000000| Untracked 
|  43|0x000000074e200000, 0x000000074e200000, 0x000000074e400000|  0%| F|  |TAMS 0x000000074e200000, 0x000000074e200000| Untracked 
|  44|0x000000074e400000, 0x000000074e400000, 0x000000074e600000|  0%| F|  |TAMS 0x000000074e400000, 0x000000074e400000| Untracked 
|  45|0x000000074e600000, 0x000000074e600000, 0x000000074e800000|  0%| F|  |TAMS 0x000000074e600000, 0x000000074e600000| Untracked 
|  46|0x000000074e800000, 0x000000074e800000, 0x000000074ea00000|  0%| F|  |TAMS 0x000000074e800000, 0x000000074e800000| Untracked 
|  47|0x000000074ea00000, 0x000000074ea00000, 0x000000074ec00000|  0%| F|  |TAMS 0x000000074ea00000, 0x000000074ea00000| Untracked 
|  48|0x000000074ec00000, 0x000000074ec00000, 0x000000074ee00000|  0%| F|  |TAMS 0x000000074ec00000, 0x000000074ec00000| Untracked 
|  49|0x000000074ee00000, 0x000000074ee00000, 0x000000074f000000|  0%| F|  |TAMS 0x000000074ee00000, 0x000000074ee00000| Untracked 
|  50|0x000000074f000000, 0x000000074f000000, 0x000000074f200000|  0%| F|  |TAMS 0x000000074f000000, 0x000000074f000000| Untracked 
|  51|0x000000074f200000, 0x000000074f200000, 0x000000074f400000|  0%| F|  |TAMS 0x000000074f200000, 0x000000074f200000| Untracked 
|  52|0x000000074f400000, 0x000000074f400000, 0x000000074f600000|  0%| F|  |TAMS 0x000000074f400000, 0x000000074f400000| Untracked 
|  53|0x000000074f600000, 0x000000074f600000, 0x000000074f800000|  0%| F|  |TAMS 0x000000074f600000, 0x000000074f600000| Untracked 
|  54|0x000000074f800000, 0x000000074f800000, 0x000000074fa00000|  0%| F|  |TAMS 0x000000074f800000, 0x000000074f800000| Untracked 
|  55|0x000000074fa00000, 0x000000074fa00000, 0x000000074fc00000|  0%| F|  |TAMS 0x000000074fa00000, 0x000000074fa00000| Untracked 
|  56|0x000000074fc00000, 0x000000074fc00000, 0x000000074fe00000|  0%| F|  |TAMS 0x000000074fc00000, 0x000000074fc00000| Untracked 
|  57|0x000000074fe00000, 0x000000074fe00000, 0x0000000750000000|  0%| F|  |TAMS 0x000000074fe00000, 0x000000074fe00000| Untracked 
|  58|0x0000000750000000, 0x0000000750000000, 0x0000000750200000|  0%| F|  |TAMS 0x0000000750000000, 0x0000000750000000| Untracked 
|  59|0x0000000750200000, 0x0000000750200000, 0x0000000750400000|  0%| F|  |TAMS 0x0000000750200000, 0x0000000750200000| Untracked 
|  60|0x0000000750400000, 0x0000000750400000, 0x0000000750600000|  0%| F|  |TAMS 0x0000000750400000, 0x0000000750400000| Untracked 
|  61|0x0000000750600000, 0x0000000750600000, 0x0000000750800000|  0%| F|  |TAMS 0x0000000750600000, 0x0000000750600000| Untracked 
|  62|0x0000000750800000, 0x0000000750800000, 0x0000000750a00000|  0%| F|  |TAMS 0x0000000750800000, 0x0000000750800000| Untracked 
|  63|0x0000000750a00000, 0x0000000750a00000, 0x0000000750c00000|  0%| F|  |TAMS 0x0000000750a00000, 0x0000000750a00000| Untracked 
|  64|0x0000000750c00000, 0x0000000750c00000, 0x0000000750e00000|  0%| F|  |TAMS 0x0000000750c00000, 0x0000000750c00000| Untracked 
|  65|0x0000000750e00000, 0x0000000750e00000, 0x0000000751000000|  0%| F|  |TAMS 0x0000000750e00000, 0x0000000750e00000| Untracked 
|  66|0x0000000751000000, 0x0000000751000000, 0x0000000751200000|  0%| F|  |TAMS 0x0000000751000000, 0x0000000751000000| Untracked 
|  67|0x0000000751200000, 0x0000000751200000, 0x0000000751400000|  0%| F|  |TAMS 0x0000000751200000, 0x0000000751200000| Untracked 
|  68|0x0000000751400000, 0x0000000751400000, 0x0000000751600000|  0%| F|  |TAMS 0x0000000751400000, 0x0000000751400000| Untracked 
|  69|0x0000000751600000, 0x0000000751600000, 0x0000000751800000|  0%| F|  |TAMS 0x0000000751600000, 0x0000000751600000| Untracked 
|  70|0x0000000751800000, 0x0000000751800000, 0x0000000751a00000|  0%| F|  |TAMS 0x0000000751800000, 0x0000000751800000| Untracked 
|  71|0x0000000751a00000, 0x0000000751a00000, 0x0000000751c00000|  0%| F|  |TAMS 0x0000000751a00000, 0x0000000751a00000| Untracked 
|  72|0x0000000751c00000, 0x0000000751c00000, 0x0000000751e00000|  0%| F|  |TAMS 0x0000000751c00000, 0x0000000751c00000| Untracked 
|  73|0x0000000751e00000, 0x0000000751e00000, 0x0000000752000000|  0%| F|  |TAMS 0x0000000751e00000, 0x0000000751e00000| Untracked 
|  74|0x0000000752000000, 0x0000000752000000, 0x0000000752200000|  0%| F|  |TAMS 0x0000000752000000, 0x0000000752000000| Untracked 
|  75|0x0000000752200000, 0x0000000752200000, 0x0000000752400000|  0%| F|  |TAMS 0x0000000752200000, 0x0000000752200000| Untracked 
|  76|0x0000000752400000, 0x0000000752400000, 0x0000000752600000|  0%| F|  |TAMS 0x0000000752400000, 0x0000000752400000| Untracked 
|  77|0x0000000752600000, 0x0000000752600000, 0x0000000752800000|  0%| F|  |TAMS 0x0000000752600000, 0x0000000752600000| Untracked 
|  78|0x0000000752800000, 0x0000000752800000, 0x0000000752a00000|  0%| F|  |TAMS 0x0000000752800000, 0x0000000752800000| Untracked 
|  79|0x0000000752a00000, 0x0000000752a00000, 0x0000000752c00000|  0%| F|  |TAMS 0x0000000752a00000, 0x0000000752a00000| Untracked 
|  80|0x0000000752c00000, 0x0000000752c00000, 0x0000000752e00000|  0%| F|  |TAMS 0x0000000752c00000, 0x0000000752c00000| Untracked 
|  81|0x0000000752e00000, 0x0000000752e00000, 0x0000000753000000|  0%| F|  |TAMS 0x0000000752e00000, 0x0000000752e00000| Untracked 
|  82|0x0000000753000000, 0x0000000753000000, 0x0000000753200000|  0%| F|  |TAMS 0x0000000753000000, 0x0000000753000000| Untracked 
|  83|0x0000000753200000, 0x0000000753200000, 0x0000000753400000|  0%| F|  |TAMS 0x0000000753200000, 0x0000000753200000| Untracked 
|  84|0x0000000753400000, 0x0000000753400000, 0x0000000753600000|  0%| F|  |TAMS 0x0000000753400000, 0x0000000753400000| Untracked 
|  85|0x0000000753600000, 0x0000000753600000, 0x0000000753800000|  0%| F|  |TAMS 0x0000000753600000, 0x0000000753600000| Untracked 
|  86|0x0000000753800000, 0x0000000753800000, 0x0000000753a00000|  0%| F|  |TAMS 0x0000000753800000, 0x0000000753800000| Untracked 
|  87|0x0000000753a00000, 0x0000000753a00000, 0x0000000753c00000|  0%| F|  |TAMS 0x0000000753a00000, 0x0000000753a00000| Untracked 
|  88|0x0000000753c00000, 0x0000000753c00000, 0x0000000753e00000|  0%| F|  |TAMS 0x0000000753c00000, 0x0000000753c00000| Untracked 
|  89|0x0000000753e00000, 0x0000000753e00000, 0x0000000754000000|  0%| F|  |TAMS 0x0000000753e00000, 0x0000000753e00000| Untracked 
|  90|0x0000000754000000, 0x0000000754000000, 0x0000000754200000|  0%| F|  |TAMS 0x0000000754000000, 0x0000000754000000| Untracked 
|  91|0x0000000754200000, 0x0000000754365110, 0x0000000754400000| 69%| E|  |TAMS 0x0000000754200000, 0x0000000754200000| Complete 

Card table byte_map: [0x00000265e1c70000,0x00000265e2230000] _byte_map_base: 0x00000265de22a000

Marking Bits (Prev, Next): (CMBitMap*) 0x00000265cd4195e0, (CMBitMap*) 0x00000265cd419620
 Prev Bits: [0x00000265e27f0000, 0x00000265e55c0000)
 Next Bits: [0x00000265e55c0000, 0x00000265e8390000)

Polling page: 0x00000265cd490000

Metaspace:

Usage:
  Non-class:      4.37 MB used.
      Class:    421.96 KB used.
       Both:      4.78 MB used.

Virtual space:
  Non-class space:        8.00 MB reserved,       4.44 MB ( 55%) committed,  1 nodes.
      Class space:        1.00 GB reserved,     512.00 KB ( <1%) committed,  1 nodes.
             Both:        1.01 GB reserved,       4.94 MB ( <1%) committed. 

Chunk freelists:
   Non-Class:  2.99 MB
       Class:  3.56 MB
        Both:  6.55 MB

MaxMetaspaceSize: unlimited
CompressedClassSpaceSize: 1.00 GB
Initial GC threshold: 21.00 MB
Current GC threshold: 21.00 MB
CDS: off
MetaspaceReclaimPolicy: balanced
 - commit_granule_bytes: 65536.
 - commit_granule_words: 8192.
 - virtual_space_node_default_size: 1048576.
 - enlarge_chunks_in_place: 1.
 - new_chunks_are_fully_committed: 0.
 - uncommit_free_chunks: 1.
 - use_allocation_guard: 0.
 - handle_deallocations: 1.


Internal statistics:

num_allocs_failed_limit: 0.
num_arena_births: 4.
num_arena_deaths: 0.
num_vsnodes_births: 2.
num_vsnodes_deaths: 0.
num_space_committed: 79.
num_space_uncommitted: 0.
num_chunks_returned_to_freelist: 0.
num_chunks_taken_from_freelist: 9.
num_chunk_merges: 0.
num_chunk_splits: 3.
num_chunks_enlarged: 1.
num_purges: 0.
num_inconsistent_stats: 0.

CodeHeap 'non-profiled nmethods': size=120000Kb used=26Kb max_used=26Kb free=119973Kb
 bounds [0x00000265d9b60000, 0x00000265d9dd0000, 0x00000265e1090000]
CodeHeap 'profiled nmethods': size=120000Kb used=228Kb max_used=228Kb free=119771Kb
 bounds [0x00000265d2090000, 0x00000265d2300000, 0x00000265d95c0000]
CodeHeap 'non-nmethods': size=5760Kb used=1051Kb max_used=1067Kb free=4708Kb
 bounds [0x00000265d95c0000, 0x00000265d9830000, 0x00000265d9b60000]
 total_blobs=438 nmethods=127 adapters=224
 compilation: enabled
              stopped_count=0, restarted_count=0
 full_count=0

Compilation events (20 events):
Event: 0.275 Thread 0x00000265eb442e50  110       3       java.util.zip.ZipFile$Source::initCEN (591 bytes)
Event: 0.278 Thread 0x00000265eb442e50 nmethod 110 0x00000265d20b9310 code [0x00000265d20b9840, 0x00000265d20bc958]
Event: 0.279 Thread 0x00000265eb442e50  111   !   3       java.util.zip.ZipFile$Source::checkAndAddEntry (209 bytes)
Event: 0.279 Thread 0x00000265eb43fd90  114       4       java.util.zip.ZipUtils::CENHOW (9 bytes)
Event: 0.280 Thread 0x00000265eb442e50 nmethod 111 0x00000265d20bdc90 code [0x00000265d20be000, 0x00000265d20bf3c8]
Event: 0.280 Thread 0x00000265eb442e50  112       3       java.util.zip.ZipCoder$UTF8ZipCoder::checkedHash (91 bytes)
Event: 0.280 Thread 0x00000265eb43fd90 nmethod 114 0x00000265d9b66110 code [0x00000265d9b66280, 0x00000265d9b66338]
Event: 0.280 Thread 0x00000265eb43fd90  115 %     4       java.util.zip.ZipFile$Source::initCEN @ 240 (591 bytes)
Event: 0.280 Thread 0x00000265eb442e50 nmethod 112 0x00000265d20bff10 code [0x00000265d20c0100, 0x00000265d20c0518]
Event: 0.280 Thread 0x00000265eb442e50  113       3       java.util.zip.ZipFile$Source::isMetaName (141 bytes)
Event: 0.281 Thread 0x00000265eb442e50 nmethod 113 0x00000265d20c0710 code [0x00000265d20c08c0, 0x00000265d20c0dd8]
Event: 0.282 Thread 0x00000265eb442e50  117       3       java.lang.String::<init> (15 bytes)
Event: 0.282 Thread 0x00000265eb442e50 nmethod 117 0x00000265d20c0f90 code [0x00000265d20c1120, 0x00000265d20c12f8]
Event: 0.283 Thread 0x00000265eb442e50  118       3       java.util.Arrays::copyOfRange (64 bytes)
Event: 0.284 Thread 0x00000265eb442e50 nmethod 118 0x00000265d20c1390 code [0x00000265d20c1600, 0x00000265d20c1f18]
Event: 0.284 Thread 0x00000265eb442e50  121       3       java.util.HashMap::putVal (300 bytes)
Event: 0.285 Thread 0x00000265eb442e50 nmethod 121 0x00000265d20c2290 code [0x00000265d20c2520, 0x00000265d20c37b8]
Event: 0.285 Thread 0x00000265eb442e50  127       3       java.util.TreeMap::put (221 bytes)
Event: 0.286 Thread 0x00000265eb442e50 nmethod 127 0x00000265d20c3c90 code [0x00000265d20c3ee0, 0x00000265d20c4b28]
Event: 0.286 Thread 0x00000265eb442e50  119       3       java.util.HashMap::resize (356 bytes)

GC Heap History (0 events):
No events

Dll operation events (1 events):
Event: 0.009 Loaded shared library C:\Program Files\Android\Android Studio1\jbr\bin\java.dll

Deoptimization events (20 events):
Event: 0.252 Thread 0x00000265cd3c3980 DEOPT PACKING pc=0x00000265d20a990c sp=0x000000e3ca5fa590
Event: 0.252 Thread 0x00000265cd3c3980 DEOPT UNPACKING pc=0x00000265d9617143 sp=0x000000e3ca5f9a20 mode 0
Event: 0.252 Thread 0x00000265cd3c3980 DEOPT PACKING pc=0x00000265d20a990c sp=0x000000e3ca5fa590
Event: 0.252 Thread 0x00000265cd3c3980 DEOPT UNPACKING pc=0x00000265d9617143 sp=0x000000e3ca5f9a20 mode 0
Event: 0.279 Thread 0x00000265cd3c3980 Uncommon trap: trap_request=0xffffff45 fr.pc=0x00000265d9b64d48 relative=0x0000000000000608
Event: 0.279 Thread 0x00000265cd3c3980 Uncommon trap: reason=unstable_if action=reinterpret pc=0x00000265d9b64d48 method=java.util.zip.ZipCoder$UTF8ZipCoder.checkedHash([BII)I @ 75 c2
Event: 0.279 Thread 0x00000265cd3c3980 DEOPT PACKING pc=0x00000265d9b64d48 sp=0x000000e3ca5fa5c0
Event: 0.279 Thread 0x00000265cd3c3980 DEOPT UNPACKING pc=0x00000265d96169a3 sp=0x000000e3ca5fa488 mode 2
Event: 0.279 Thread 0x00000265cd3c3980 Uncommon trap: trap_request=0xffffff45 fr.pc=0x00000265d9b6437c relative=0x000000000000025c
Event: 0.279 Thread 0x00000265cd3c3980 Uncommon trap: reason=unstable_if action=reinterpret pc=0x00000265d9b6437c method=java.util.zip.ZipCoder$UTF8ZipCoder.checkedHash([BII)I @ 75 c2
Event: 0.279 Thread 0x00000265cd3c3980 DEOPT PACKING pc=0x00000265d9b6437c sp=0x000000e3ca5fa4f0
Event: 0.279 Thread 0x00000265cd3c3980 DEOPT UNPACKING pc=0x00000265d96169a3 sp=0x000000e3ca5fa480 mode 2
Event: 0.279 Thread 0x00000265cd3c3980 Uncommon trap: trap_request=0xffffff45 fr.pc=0x00000265d9b656f8 relative=0x0000000000000158
Event: 0.279 Thread 0x00000265cd3c3980 Uncommon trap: reason=unstable_if action=reinterpret pc=0x00000265d9b656f8 method=java.util.zip.ZipFile$Source.isMetaName([BII)Z @ 15 c2
Event: 0.279 Thread 0x00000265cd3c3980 DEOPT PACKING pc=0x00000265d9b656f8 sp=0x000000e3ca5fa5d0
Event: 0.279 Thread 0x00000265cd3c3980 DEOPT UNPACKING pc=0x00000265d96169a3 sp=0x000000e3ca5fa560 mode 2
Event: 0.279 Thread 0x00000265cd3c3980 Uncommon trap: trap_request=0xffffff45 fr.pc=0x00000265d9b63d9c relative=0x000000000000027c
Event: 0.279 Thread 0x00000265cd3c3980 Uncommon trap: reason=unstable_if action=reinterpret pc=0x00000265d9b63d9c method=java.util.zip.ZipCoder$UTF8ZipCoder.checkedHash([BII)I @ 75 c2
Event: 0.279 Thread 0x00000265cd3c3980 DEOPT PACKING pc=0x00000265d9b63d9c sp=0x000000e3ca5fa4d0
Event: 0.279 Thread 0x00000265cd3c3980 DEOPT UNPACKING pc=0x00000265d96169a3 sp=0x000000e3ca5fa480 mode 2

Classes unloaded (0 events):
No events

Classes redefined (0 events):
No events

Internal exceptions (0 events):
No events

VM Operations (4 events):
Event: 0.283 Executing VM operation: HandshakeAllThreads
Event: 0.283 Executing VM operation: HandshakeAllThreads done
Event: 0.283 Executing VM operation: HandshakeAllThreads
Event: 0.283 Executing VM operation: HandshakeAllThreads done

Events (20 events):
Event: 0.280 loading class java/util/TreeMap$KeyIterator
Event: 0.280 loading class java/util/TreeMap$PrivateEntryIterator
Event: 0.280 loading class java/util/TreeMap$PrivateEntryIterator done
Event: 0.280 loading class java/util/TreeMap$KeyIterator done
Event: 0.282 loading class java/io/IOException
Event: 0.282 loading class java/io/IOException done
Event: 0.282 loading class java/util/concurrent/ConcurrentHashMap$ForwardingNode
Event: 0.282 loading class java/util/concurrent/ConcurrentHashMap$ForwardingNode done
Event: 0.282 loading class java/lang/ProcessEnvironment
Event: 0.283 loading class java/lang/ProcessEnvironment done
Event: 0.283 loading class java/lang/ProcessEnvironment$NameComparator
Event: 0.283 loading class java/lang/ProcessEnvironment$NameComparator done
Event: 0.283 loading class java/lang/ProcessEnvironment$EntryComparator
Event: 0.283 loading class java/lang/ProcessEnvironment$EntryComparator done
Event: 0.283 loading class java/lang/ProcessEnvironment$CheckedEntrySet
Event: 0.283 loading class java/lang/ProcessEnvironment$CheckedEntrySet done
Event: 0.283 loading class java/lang/ProcessEnvironment$CheckedEntrySet$1
Event: 0.284 loading class java/lang/ProcessEnvironment$CheckedEntrySet$1 done
Event: 0.284 loading class java/lang/ProcessEnvironment$CheckedEntry
Event: 0.284 loading class java/lang/ProcessEnvironment$CheckedEntry done


Dynamic libraries:
0x00007ff61aa00000 - 0x00007ff61aa0a000 	C:\Program Files\Android\Android Studio1\jbr\bin\java.exe
0x00007ff9de950000 - 0x00007ff9deb48000 	C:\WINDOWS\SYSTEM32\ntdll.dll
0x00007ff9de470000 - 0x00007ff9de52d000 	C:\WINDOWS\System32\KERNEL32.DLL
0x00007ff9dc100000 - 0x00007ff9dc3f6000 	C:\WINDOWS\System32\KERNELBASE.dll
0x00007ff9dc8a0000 - 0x00007ff9dc9a0000 	C:\WINDOWS\System32\ucrtbase.dll
0x00007ff9d0ac0000 - 0x00007ff9d0adb000 	C:\Program Files\Android\Android Studio1\jbr\bin\VCRUNTIME140.dll
0x00007ff9d6560000 - 0x00007ff9d6577000 	C:\Program Files\Android\Android Studio1\jbr\bin\jli.dll
0x00007ff9de1f0000 - 0x00007ff9de38e000 	C:\WINDOWS\System32\USER32.dll
0x00007ff9dc560000 - 0x00007ff9dc582000 	C:\WINDOWS\System32\win32u.dll
0x00007ff9de1c0000 - 0x00007ff9de1ec000 	C:\WINDOWS\System32\GDI32.dll
0x00007ff9dc670000 - 0x00007ff9dc78a000 	C:\WINDOWS\System32\gdi32full.dll
0x00007ff9c9e80000 - 0x00007ff9ca11a000 	C:\WINDOWS\WinSxS\amd64_microsoft.windows.common-controls_6595b64144ccf1df_6.0.19041.3636_none_60b6a03d71f818d5\COMCTL32.dll
0x00007ff9de810000 - 0x00007ff9de8ae000 	C:\WINDOWS\System32\msvcrt.dll
0x00007ff9dc790000 - 0x00007ff9dc82d000 	C:\WINDOWS\System32\msvcp_win.dll
0x00007ff9dca10000 - 0x00007ff9dca40000 	C:\WINDOWS\System32\IMM32.DLL
0x00007ff9d7300000 - 0x00007ff9d730c000 	C:\Program Files\Android\Android Studio1\jbr\bin\vcruntime140_1.dll
0x00007ff9b3a70000 - 0x00007ff9b3afd000 	C:\Program Files\Android\Android Studio1\jbr\bin\msvcp140.dll
0x00007ff9b0c30000 - 0x00007ff9b189e000 	C:\Program Files\Android\Android Studio1\jbr\bin\server\jvm.dll
0x00007ff9dca50000 - 0x00007ff9dcb03000 	C:\WINDOWS\System32\ADVAPI32.dll
0x00007ff9dd540000 - 0x00007ff9dd5df000 	C:\WINDOWS\System32\sechost.dll
0x00007ff9de6e0000 - 0x00007ff9de806000 	C:\WINDOWS\System32\RPCRT4.dll
0x00007ff9dc020000 - 0x00007ff9dc047000 	C:\WINDOWS\System32\bcrypt.dll
0x00007ff9d7cc0000 - 0x00007ff9d7cc9000 	C:\WINDOWS\SYSTEM32\WSOCK32.dll
0x00007ff9c9e10000 - 0x00007ff9c9e37000 	C:\WINDOWS\SYSTEM32\WINMM.dll
0x00007ff9dd700000 - 0x00007ff9dd76b000 	C:\WINDOWS\System32\WS2_32.dll
0x00007ff9d4280000 - 0x00007ff9d428a000 	C:\WINDOWS\SYSTEM32\VERSION.dll
0x00007ff9d9ed0000 - 0x00007ff9d9ee2000 	C:\WINDOWS\SYSTEM32\kernel.appcore.dll
0x00007ff9d7b60000 - 0x00007ff9d7b6a000 	C:\Program Files\Android\Android Studio1\jbr\bin\jimage.dll
0x00007ff9c59a0000 - 0x00007ff9c5b84000 	C:\WINDOWS\SYSTEM32\DBGHELP.DLL
0x00007ff9c5960000 - 0x00007ff9c5994000 	C:\WINDOWS\SYSTEM32\dbgcore.DLL
0x00007ff9dc5e0000 - 0x00007ff9dc662000 	C:\WINDOWS\System32\bcryptPrimitives.dll
0x00007ff9d7590000 - 0x00007ff9d75b5000 	C:\Program Files\Android\Android Studio1\jbr\bin\java.dll
0x00007ff9d7000000 - 0x00007ff9d7018000 	C:\Program Files\Android\Android Studio1\jbr\bin\zip.dll
0x00007ff9dd8c0000 - 0x00007ff9de005000 	C:\WINDOWS\System32\SHELL32.dll
0x00007ff9da0d0000 - 0x00007ff9da86b000 	C:\WINDOWS\SYSTEM32\windows.storage.dll
0x00007ff9dd1e0000 - 0x00007ff9dd534000 	C:\WINDOWS\System32\combase.dll
0x00007ff9db9e0000 - 0x00007ff9dba0d000 	C:\WINDOWS\SYSTEM32\Wldp.dll
0x00007ff9dd780000 - 0x00007ff9dd82d000 	C:\WINDOWS\System32\SHCORE.dll
0x00007ff9de410000 - 0x00007ff9de465000 	C:\WINDOWS\System32\shlwapi.dll
0x00007ff9dbf50000 - 0x00007ff9dbf75000 	C:\WINDOWS\SYSTEM32\profapi.dll
0x00007ff9d6ea0000 - 0x00007ff9d6eb9000 	C:\Program Files\Android\Android Studio1\jbr\bin\net.dll
0x00007ff9d42b0000 - 0x00007ff9d43ba000 	C:\WINDOWS\SYSTEM32\WINHTTP.dll
0x00007ff9db6e0000 - 0x00007ff9db74a000 	C:\WINDOWS\system32\mswsock.dll
0x00007ff9d6d50000 - 0x00007ff9d6d66000 	C:\Program Files\Android\Android Studio1\jbr\bin\nio.dll

dbghelp: loaded successfully - version: 4.0.5 - missing functions: none
symbol engine: initialized successfully - sym options: 0x614 - pdb path: .;C:\Program Files\Android\Android Studio1\jbr\bin;C:\WINDOWS\SYSTEM32;C:\WINDOWS\WinSxS\amd64_microsoft.windows.common-controls_6595b64144ccf1df_6.0.19041.3636_none_60b6a03d71f818d5;C:\Program Files\Android\Android Studio1\jbr\bin\server

VM Arguments:
java_command: git4idea.http.GitAskPassApp Username for 'https://github.com': 
java_class_path (initial): C:/Program Files/Android/Android Studio1/plugins/vcs-git/lib/git4idea-rt.jar;C:/Program Files/Android/Android Studio1/lib/externalProcess-rt.jar;C:/Program Files/Android/Android Studio1/lib/app.jar;C:/Program Files/Android/Android Studio1/lib/3rd-party-rt.jar
Launcher Type: SUN_STANDARD

[Global flags]
     intx CICompilerCount                          = 3                                         {product} {ergonomic}
     uint ConcGCThreads                            = 1                                         {product} {ergonomic}
     uint G1ConcRefinementThreads                  = 4                                         {product} {ergonomic}
   size_t G1HeapRegionSize                         = 2097152                                   {product} {ergonomic}
    uintx GCDrainStackTargetSize                   = 64                                        {product} {ergonomic}
   size_t InitialHeapSize                          = 192937984                                 {product} {ergonomic}
   size_t MarkStackSize                            = 4194304                                   {product} {ergonomic}
   size_t MaxHeapSize                              = 3074424832                                {product} {ergonomic}
   size_t MaxNewSize                               = 1843396608                                {product} {ergonomic}
   size_t MinHeapDeltaBytes                        = 2097152                                   {product} {ergonomic}
   size_t MinHeapSize                              = 8388608                                   {product} {ergonomic}
    uintx NonNMethodCodeHeapSize                   = 5832780                                {pd product} {ergonomic}
    uintx NonProfiledCodeHeapSize                  = 122912730                              {pd product} {ergonomic}
    uintx ProfiledCodeHeapSize                     = 122912730                              {pd product} {ergonomic}
    uintx ReservedCodeCacheSize                    = 251658240                              {pd product} {ergonomic}
     bool SegmentedCodeCache                       = true                                      {product} {ergonomic}
   size_t SoftMaxHeapSize                          = 3074424832                             {manageable} {ergonomic}
     bool UseCompressedClassPointers               = true                           {product lp64_product} {ergonomic}
     bool UseCompressedOops                        = true                           {product lp64_product} {ergonomic}
     bool UseG1GC                                  = true                                      {product} {ergonomic}
     bool UseLargePagesIndividualAllocation        = false                                  {pd product} {ergonomic}

Logging:
Log output configuration:
 #0: stdout all=warning uptime,level,tags
 #1: stderr all=off uptime,level,tags

Environment Variables:
JAVA_HOME=C:\Program Files\Java\jdk-11
PATH=C:/Program Files/Git/mingw64/libexec/git-core;C:/Program Files/Git/mingw64/libexec/git-core;C:\Program Files\Git\mingw64\bin;C:\Program Files\Git\usr\bin;C:\Users\ABDO\bin;C:\Program Files\Common Files\Oracle\Java\javapath;C:\Program Files (x86)\Common Files\Intel\Shared Libraries\redist\intel64\compiler;C:\WINDOWS\system32;C:\WINDOWS;C:\WINDOWS\System32\Wbem;C:\WINDOWS\System32\WindowsPowerShell\v1.0\;C:\WINDOWS\System32\OpenSSH\;C:\Program Files\dotnet\;C:\Program Files\Git\cmd;C:\gradle\gradle-8.2.1\bin;C:\Program Files\Java\jdk-11\bin;C:\Program Files\Android\Android Studio1\gradle\gradle-8.0\bin
USERNAME=ABDO
DISPLAY=:0.0
LC_ALL=en_US.UTF-8
TERM=xterm-256color
TMPDIR=C:\Users\ABDO\AppData\Local\Temp
OS=Windows_NT
PROCESSOR_IDENTIFIER=Intel64 Family 6 Model 60 Stepping 3, GenuineIntel
TMP=C:\Users\ABDO\AppData\Local\Temp
TEMP=C:\Users\ABDO\AppData\Local\Temp


JNI global refs:
JNI global refs: 7, weak refs: 0

JNI global refs memory usage: 843, weak refs: 209


---------------  S Y S T E M  ---------------

OS:
 Windows 10 , 64 bit Build 19041 (10.0.19041.3636)
OS uptime: 7 days 21:11 hours

CPU: total 4 (initial active 4) (2 cores per cpu, 2 threads per core) family 6 model 60 stepping 3 microcode 0x28, cx8, cmov, fxsr, ht, mmx, sse, sse2, sse3, ssse3, sse4.1, sse4.2, popcnt, lzcnt, tsc, tscinvbit, avx, avx2, aes, erms, clmul, bmi1, bmi2, fma, vzeroupper, clflush

Memory: 4k page, system-wide physical 11721M (803M free)
TotalPageFile size 24521M (AvailPageFile size 1M)
current process WorkingSet (physical memory assigned to process): 46M, peak: 46M
current process commit charge ("private bytes"): 256M, peak: 256M

vm_info: OpenJDK 64-Bit Server VM (17.0.6+0-b2043.56-10027231) for windows-amd64 JRE (17.0.6+0-b2043.56-10027231), built on Apr 28 2023 00:43:19 by "androidbuild" with MS VC++ 16.10 / 16.11 (VS2019)

END.
