#
# There is insufficient memory for the Java Runtime Environment to continue.
# Native memory allocation (mmap) failed to map 245366784 bytes for G1 virtual space
# Possible reasons:
#   The system is out of physical RAM or swap space
#   The process is running with CompressedOops enabled, and the Java Heap may be blocking the growth of the native heap
# Possible solutions:
#   Reduce memory load on the system
#   Increase physical memory or swap space
#   Check if swap backing store is full
#   Decrease Java heap size (-Xmx/-Xms)
#   Decrease number of Java threads
#   Decrease Java thread stack sizes (-Xss)
#   Set larger code cache with -XX:ReservedCodeCacheSize=
#   JVM is running with Zero Based Compressed Oops mode in which the Java heap is
#     placed in the first 32GB address space. The Java Heap base address is the
#     maximum limit for the native heap growth. Please use -XX:HeapBaseMinAddress
#     to set the Java Heap base and to place the Java Heap above 32GB virtual address.
# This output file may be truncated or incomplete.
#
#  Out of Memory Error (os_windows.cpp:3769), pid=30816, tid=39464
#
# JRE version: OpenJDK Runtime Environment (17.0.6) (build 17.0.6+0-b2043.56-10027231)
# Java VM: OpenJDK 64-Bit Server VM (17.0.6+0-b2043.56-10027231, mixed mode, tiered, compressed oops, compressed class ptrs, g1 gc, windows-amd64)
# No core dump will be written. Minidumps are not enabled by default on client versions of Windows
#

---------------  S U M M A R Y ------------

Command Line: org.jetbrains.kotlin.cli.jvm.K2JVMCompiler @C:\Users\ABDO\Desktop\i-Freeze\SecuriteAndroidApp\app\build\20240211_6813352297974698793.compiler.options

Host: Intel(R) Core(TM) i5-4200M CPU @ 2.50GHz, 4 cores, 11G,  Windows 10 , 64 bit Build 19041 (10.0.19041.3636)
Time: Sun Feb 11 16:01:49 2024 Egypt Standard Time elapsed time: 43.971726 seconds (0d 0h 0m 43s)

---------------  T H R E A D  ---------------

Current thread (0x000002d3c0972720):  VMThread "VM Thread" [stack: 0x000000d69f400000,0x000000d69f500000] [id=39464]

Stack: [0x000000d69f400000,0x000000d69f500000]
Native frames: (J=compiled Java code, j=interpreted, Vv=VM code, C=native code)
V  [jvm.dll+0x683c9a]
V  [jvm.dll+0x8427a4]
V  [jvm.dll+0x843f9e]
V  [jvm.dll+0x844603]
V  [jvm.dll+0x249b75]
V  [jvm.dll+0x680b69]
V  [jvm.dll+0x67505a]
V  [jvm.dll+0x309acb]
V  [jvm.dll+0x310f86]
V  [jvm.dll+0x3608ee]
V  [jvm.dll+0x360b1f]
V  [jvm.dll+0x2dfbf8]
V  [jvm.dll+0x2ddec4]
V  [jvm.dll+0x2dd4cc]
V  [jvm.dll+0x321f3b]
V  [jvm.dll+0x848ccb]
V  [jvm.dll+0x849a04]
V  [jvm.dll+0x849f1d]
V  [jvm.dll+0x84a2f4]
V  [jvm.dll+0x84a3c0]
V  [jvm.dll+0x7f274a]
V  [jvm.dll+0x682ad5]
C  [ucrtbase.dll+0x21bb2]
C  [KERNEL32.DLL+0x17344]
C  [ntdll.dll+0x526b1]

VM_Operation (0x000000d69eefadf0): G1CollectForAllocation, mode: safepoint, requested by thread 0x000002d3a3366b00


---------------  P R O C E S S  ---------------

Threads class SMR info:
_java_thread_list=0x000002d3c93b92e0, length=13, elements={
0x000002d3a3366b00, 0x000002d3c1413260, 0x000002d3c1414350, 0x000002d3c1441fd0,
0x000002d3c1445eb0, 0x000002d3c1446860, 0x000002d3c1447210, 0x000002d3c144cb20,
0x000002d3c14559e0, 0x000002d3c145cf00, 0x000002d3c15c64b0, 0x000002d3c15d8890,
0x000002d3c4dd75d0
}

Java Threads: ( => current thread )
  0x000002d3a3366b00 JavaThread "main" [_thread_blocked, id=37316, stack(0x000000d69ee00000,0x000000d69ef00000)]
  0x000002d3c1413260 JavaThread "Reference Handler" daemon [_thread_blocked, id=36036, stack(0x000000d69f500000,0x000000d69f600000)]
  0x000002d3c1414350 JavaThread "Finalizer" daemon [_thread_blocked, id=34360, stack(0x000000d69f600000,0x000000d69f700000)]
  0x000002d3c1441fd0 JavaThread "Signal Dispatcher" daemon [_thread_blocked, id=40448, stack(0x000000d69f700000,0x000000d69f800000)]
  0x000002d3c1445eb0 JavaThread "Attach Listener" daemon [_thread_blocked, id=39752, stack(0x000000d69f800000,0x000000d69f900000)]
  0x000002d3c1446860 JavaThread "Service Thread" daemon [_thread_blocked, id=40112, stack(0x000000d69f900000,0x000000d69fa00000)]
  0x000002d3c1447210 JavaThread "Monitor Deflation Thread" daemon [_thread_blocked, id=38416, stack(0x000000d69fa00000,0x000000d69fb00000)]
  0x000002d3c144cb20 JavaThread "C2 CompilerThread0" daemon [_thread_blocked, id=40144, stack(0x000000d69fb00000,0x000000d69fc00000)]
  0x000002d3c14559e0 JavaThread "C1 CompilerThread0" daemon [_thread_blocked, id=38072, stack(0x000000d69fc00000,0x000000d69fd00000)]
  0x000002d3c145cf00 JavaThread "Sweeper thread" daemon [_thread_blocked, id=39604, stack(0x000000d69fd00000,0x000000d69fe00000)]
  0x000002d3c15c64b0 JavaThread "Notification Thread" daemon [_thread_blocked, id=35944, stack(0x000000d69fe00000,0x000000d69ff00000)]
  0x000002d3c15d8890 JavaThread "Common-Cleaner" daemon [_thread_blocked, id=39596, stack(0x000000d6a0000000,0x000000d6a0100000)]
  0x000002d3c4dd75d0 JavaThread "C2 CompilerThread1" daemon [_thread_blocked, id=32868, stack(0x000000d69ed00000,0x000000d69ee00000)]

Other Threads:
=>0x000002d3c0972720 VMThread "VM Thread" [stack: 0x000000d69f400000,0x000000d69f500000] [id=39464]
  0x000002d3a33d0e40 WatcherThread [stack: 0x000000d69ff00000,0x000000d6a0000000] [id=39252]
  0x000002d3a33b7720 GCTaskThread "GC Thread#0" [stack: 0x000000d69ef00000,0x000000d69f000000] [id=32852]
  0x000002d3c1998b40 GCTaskThread "GC Thread#1" [stack: 0x000000d6a0100000,0x000000d6a0200000] [id=36080]
  0x000002d3c199ae00 GCTaskThread "GC Thread#2" [stack: 0x000000d6a0200000,0x000000d6a0300000] [id=37964]
  0x000002d3c199b0b0 GCTaskThread "GC Thread#3" [stack: 0x000000d6a0300000,0x000000d6a0400000] [id=33920]
  0x000002d3a33c51b0 ConcurrentGCThread "G1 Main Marker" [stack: 0x000000d69f000000,0x000000d69f100000] [id=40672]
  0x000002d3a33c5bc0 ConcurrentGCThread "G1 Conc#0" [stack: 0x000000d69f100000,0x000000d69f200000] [id=29228]
  0x000002d3c07d00a0 ConcurrentGCThread "G1 Refine#0" [stack: 0x000000d69f200000,0x000000d69f300000] [id=38976]
  0x000002d3c361bb70 ConcurrentGCThread "G1 Refine#1" [stack: 0x000000d6a0500000,0x000000d6a0600000] [id=36712]
  0x000002d3c07d0ac0 ConcurrentGCThread "G1 Service" [stack: 0x000000d69f300000,0x000000d69f400000] [id=29848]

Threads with active compile tasks:
C2 CompilerThread0    44003 17624       4       androidx.compose.compiler.plugins.kotlin.lower.DurableKeyTransformer::signatureString (152 bytes)
C2 CompilerThread1    44003 17627       4       androidx.compose.compiler.plugins.kotlin.lower.DurableKeyTransformer::visitCall (55 bytes)

VM state: at safepoint (normal execution)

VM Mutex/Monitor currently owned by a thread:  ([mutex/lock_event])
[0x000002d3a3363c10] Threads_lock - owner thread: 0x000002d3c0972720
[0x000002d3a3363160] Heap_lock - owner thread: 0x000002d3a3366b00

Heap address: 0x0000000748c00000, size: 2932 MB, Compressed Oops mode: Zero based, Oop shift amount: 3

CDS archive(s) not mapped
Compressed class space mapped at: 0x0000000800000000-0x0000000840000000, reserved size: 1073741824
Narrow klass base: 0x0000000800000000, Narrow klass shift: 0, Narrow klass range: 0x40000000

GC Precious Log:
 CPUs: 4 total, 4 available
 Memory: 11721M
 Large Page Support: Disabled
 NUMA Support: Disabled
 Compressed Oops: Enabled (Zero based)
 Heap Region Size: 2M
 Heap Min Capacity: 8M
 Heap Initial Capacity: 184M
 Heap Max Capacity: 2932M
 Pre-touch: Disabled
 Parallel Workers: 4
 Concurrent Workers: 1
 Concurrent Refinement Workers: 4
 Periodic GC: Disabled

Heap:
 garbage-first heap   total 200704K, used 141758K [0x0000000748c00000, 0x0000000800000000)
  region size 2048K, 2 young (4096K), 2 survivors (4096K)
 Metaspace       used 81772K, committed 82112K, reserved 1122304K
  class space    used 9116K, committed 9280K, reserved 1048576K

Heap Regions: E=young(eden), S=young(survivor), O=old, HS=humongous(starts), HC=humongous(continues), CS=collection set, F=free, OA=open archive, CA=closed archive, TAMS=top-at-mark-start (previous, next)
|   0|0x0000000748c00000, 0x0000000748e00000, 0x0000000748e00000|100%|HS|  |TAMS 0x0000000748e00000, 0x0000000748c00000| Complete 
|   1|0x0000000748e00000, 0x0000000749000000, 0x0000000749000000|100%|HC|  |TAMS 0x0000000749000000, 0x0000000748e00000| Complete 
|   2|0x0000000749000000, 0x00000007491fae00, 0x0000000749200000| 98%| O|  |TAMS 0x00000007491fae00, 0x0000000749000000| Untracked 
|   3|0x0000000749200000, 0x0000000749400000, 0x0000000749400000|100%|HS|  |TAMS 0x0000000749400000, 0x0000000749200000| Complete 
|   4|0x0000000749400000, 0x0000000749600000, 0x0000000749600000|100%|HC|  |TAMS 0x0000000749600000, 0x0000000749400000| Complete 
|   5|0x0000000749600000, 0x0000000749800000, 0x0000000749800000|100%| O|  |TAMS 0x0000000749800000, 0x0000000749600000| Untracked 
|   6|0x0000000749800000, 0x0000000749a00000, 0x0000000749a00000|100%| O|  |TAMS 0x0000000749a00000, 0x0000000749800000| Untracked 
|   7|0x0000000749a00000, 0x0000000749c00000, 0x0000000749c00000|100%| O|  |TAMS 0x0000000749c00000, 0x0000000749a00000| Untracked 
|   8|0x0000000749c00000, 0x0000000749e00000, 0x0000000749e00000|100%| O|  |TAMS 0x0000000749e00000, 0x0000000749c00000| Untracked 
|   9|0x0000000749e00000, 0x000000074a000000, 0x000000074a000000|100%| O|  |TAMS 0x000000074a000000, 0x0000000749e00000| Untracked 
|  10|0x000000074a000000, 0x000000074a200000, 0x000000074a200000|100%| O|  |TAMS 0x000000074a200000, 0x000000074a000000| Untracked 
|  11|0x000000074a200000, 0x000000074a400000, 0x000000074a400000|100%| O|  |TAMS 0x000000074a400000, 0x000000074a200000| Untracked 
|  12|0x000000074a400000, 0x000000074a600000, 0x000000074a600000|100%| O|  |TAMS 0x000000074a600000, 0x000000074a400000| Untracked 
|  13|0x000000074a600000, 0x000000074a800000, 0x000000074a800000|100%| O|  |TAMS 0x000000074a800000, 0x000000074a600000| Untracked 
|  14|0x000000074a800000, 0x000000074aa00000, 0x000000074aa00000|100%| O|  |TAMS 0x000000074aa00000, 0x000000074a800000| Untracked 
|  15|0x000000074aa00000, 0x000000074ac00000, 0x000000074ac00000|100%| O|  |TAMS 0x000000074ac00000, 0x000000074aa00000| Untracked 
|  16|0x000000074ac00000, 0x000000074ae00000, 0x000000074ae00000|100%|HS|  |TAMS 0x000000074ae00000, 0x000000074ac00000| Complete 
|  17|0x000000074ae00000, 0x000000074b000000, 0x000000074b000000|100%| O|  |TAMS 0x000000074b000000, 0x000000074ae00000| Untracked 
|  18|0x000000074b000000, 0x000000074b200000, 0x000000074b200000|100%| O|  |TAMS 0x000000074b200000, 0x000000074b000000| Untracked 
|  19|0x000000074b200000, 0x000000074b400000, 0x000000074b400000|100%| O|  |TAMS 0x000000074b400000, 0x000000074b200000| Untracked 
|  20|0x000000074b400000, 0x000000074b600000, 0x000000074b600000|100%| O|  |TAMS 0x000000074b600000, 0x000000074b400000| Untracked 
|  21|0x000000074b600000, 0x000000074b800000, 0x000000074b800000|100%| O|  |TAMS 0x000000074b800000, 0x000000074b600000| Untracked 
|  22|0x000000074b800000, 0x000000074ba00000, 0x000000074ba00000|100%| O|  |TAMS 0x000000074b800000, 0x000000074b800000| Untracked 
|  23|0x000000074ba00000, 0x000000074bc00000, 0x000000074bc00000|100%| O|  |TAMS 0x000000074bc00000, 0x000000074ba00000| Untracked 
|  24|0x000000074bc00000, 0x000000074be00000, 0x000000074be00000|100%| O|  |TAMS 0x000000074bc00000, 0x000000074bc00000| Untracked 
|  25|0x000000074be00000, 0x000000074c000000, 0x000000074c000000|100%| O|  |TAMS 0x000000074c000000, 0x000000074be00000| Untracked 
|  26|0x000000074c000000, 0x000000074c200000, 0x000000074c200000|100%| O|  |TAMS 0x000000074c200000, 0x000000074c000000| Untracked 
|  27|0x000000074c200000, 0x000000074c400000, 0x000000074c400000|100%| O|  |TAMS 0x000000074c400000, 0x000000074c200000| Untracked 
|  28|0x000000074c400000, 0x000000074c600000, 0x000000074c600000|100%| O|  |TAMS 0x000000074c600000, 0x000000074c400000| Untracked 
|  29|0x000000074c600000, 0x000000074c800000, 0x000000074c800000|100%| O|  |TAMS 0x000000074c800000, 0x000000074c600000| Untracked 
|  30|0x000000074c800000, 0x000000074ca00000, 0x000000074ca00000|100%| O|  |TAMS 0x000000074ca00000, 0x000000074c800000| Untracked 
|  31|0x000000074ca00000, 0x000000074cc00000, 0x000000074cc00000|100%| O|  |TAMS 0x000000074cc00000, 0x000000074ca00000| Untracked 
|  32|0x000000074cc00000, 0x000000074ce00000, 0x000000074ce00000|100%| O|  |TAMS 0x000000074ce00000, 0x000000074cc00000| Untracked 
|  33|0x000000074ce00000, 0x000000074d000000, 0x000000074d000000|100%| O|  |TAMS 0x000000074d000000, 0x000000074ce00000| Untracked 
|  34|0x000000074d000000, 0x000000074d200000, 0x000000074d200000|100%| O|  |TAMS 0x000000074d200000, 0x000000074d000000| Untracked 
|  35|0x000000074d200000, 0x000000074d400000, 0x000000074d400000|100%| O|  |TAMS 0x000000074d400000, 0x000000074d200000| Untracked 
|  36|0x000000074d400000, 0x000000074d600000, 0x000000074d600000|100%| O|  |TAMS 0x000000074d600000, 0x000000074d400000| Untracked 
|  37|0x000000074d600000, 0x000000074d800000, 0x000000074d800000|100%| O|  |TAMS 0x000000074d800000, 0x000000074d600000| Untracked 
|  38|0x000000074d800000, 0x000000074da00000, 0x000000074da00000|100%|HS|  |TAMS 0x000000074da00000, 0x000000074d800000| Complete 
|  39|0x000000074da00000, 0x000000074dc00000, 0x000000074dc00000|100%| O|  |TAMS 0x000000074dc00000, 0x000000074da00000| Untracked 
|  40|0x000000074dc00000, 0x000000074de00000, 0x000000074de00000|100%| O|  |TAMS 0x000000074de00000, 0x000000074dc00000| Untracked 
|  41|0x000000074de00000, 0x000000074e000000, 0x000000074e000000|100%| O|  |TAMS 0x000000074e000000, 0x000000074de00000| Untracked 
|  42|0x000000074e000000, 0x000000074e200000, 0x000000074e200000|100%| O|  |TAMS 0x000000074e200000, 0x000000074e000000| Untracked 
|  43|0x000000074e200000, 0x000000074e400000, 0x000000074e400000|100%| O|  |TAMS 0x000000074e400000, 0x000000074e200000| Untracked 
|  44|0x000000074e400000, 0x000000074e600000, 0x000000074e600000|100%| O|  |TAMS 0x000000074e600000, 0x000000074e400000| Untracked 
|  45|0x000000074e600000, 0x000000074e800000, 0x000000074e800000|100%| O|  |TAMS 0x000000074e800000, 0x000000074e600000| Untracked 
|  46|0x000000074e800000, 0x000000074ea00000, 0x000000074ea00000|100%| O|  |TAMS 0x000000074ea00000, 0x000000074e800000| Untracked 
|  47|0x000000074ea00000, 0x000000074ec00000, 0x000000074ec00000|100%| O|  |TAMS 0x000000074ec00000, 0x000000074ea00000| Untracked 
|  48|0x000000074ec00000, 0x000000074ee00000, 0x000000074ee00000|100%| O|  |TAMS 0x000000074edd4200, 0x000000074ec00000| Untracked 
|  49|0x000000074ee00000, 0x000000074f000000, 0x000000074f000000|100%| O|  |TAMS 0x000000074ee00000, 0x000000074ee00000| Untracked 
|  50|0x000000074f000000, 0x000000074f200000, 0x000000074f200000|100%| O|  |TAMS 0x000000074f000000, 0x000000074f000000| Untracked 
|  51|0x000000074f200000, 0x000000074f400000, 0x000000074f400000|100%| O|  |TAMS 0x000000074f200000, 0x000000074f200000| Untracked 
|  52|0x000000074f400000, 0x000000074f600000, 0x000000074f600000|100%| O|  |TAMS 0x000000074f400000, 0x000000074f400000| Untracked 
|  53|0x000000074f600000, 0x000000074f800000, 0x000000074f800000|100%| O|  |TAMS 0x000000074f600000, 0x000000074f600000| Untracked 
|  54|0x000000074f800000, 0x000000074fa00000, 0x000000074fa00000|100%| O|  |TAMS 0x000000074f800000, 0x000000074f800000| Untracked 
|  55|0x000000074fa00000, 0x000000074fc00000, 0x000000074fc00000|100%| O|  |TAMS 0x000000074fa00000, 0x000000074fa00000| Untracked 
|  56|0x000000074fc00000, 0x000000074fe00000, 0x000000074fe00000|100%| O|  |TAMS 0x000000074fc00000, 0x000000074fc00000| Untracked 
|  57|0x000000074fe00000, 0x0000000750000000, 0x0000000750000000|100%| O|  |TAMS 0x000000074fe00000, 0x000000074fe00000| Untracked 
|  58|0x0000000750000000, 0x0000000750200000, 0x0000000750200000|100%| O|  |TAMS 0x0000000750000000, 0x0000000750000000| Untracked 
|  59|0x0000000750200000, 0x0000000750400000, 0x0000000750400000|100%| O|  |TAMS 0x0000000750200000, 0x0000000750200000| Untracked 
|  60|0x0000000750400000, 0x0000000750600000, 0x0000000750600000|100%| O|  |TAMS 0x0000000750400000, 0x0000000750400000| Untracked 
|  61|0x0000000750600000, 0x0000000750800000, 0x0000000750800000|100%| O|  |TAMS 0x0000000750600000, 0x0000000750600000| Untracked 
|  62|0x0000000750800000, 0x0000000750a00000, 0x0000000750a00000|100%| O|  |TAMS 0x0000000750800000, 0x0000000750800000| Untracked 
|  63|0x0000000750a00000, 0x0000000750c00000, 0x0000000750c00000|100%| O|  |TAMS 0x0000000750a00000, 0x0000000750a00000| Untracked 
|  64|0x0000000750c00000, 0x0000000750e00000, 0x0000000750e00000|100%| O|  |TAMS 0x0000000750c00000, 0x0000000750c00000| Untracked 
|  65|0x0000000750e00000, 0x0000000751000000, 0x0000000751000000|100%| O|  |TAMS 0x0000000750e00000, 0x0000000750e00000| Untracked 
|  66|0x0000000751000000, 0x0000000751200000, 0x0000000751200000|100%| O|  |TAMS 0x0000000751000000, 0x0000000751000000| Untracked 
|  67|0x0000000751200000, 0x000000075134fe00, 0x0000000751400000| 65%| O|  |TAMS 0x0000000751200000, 0x0000000751200000| Untracked 
|  68|0x0000000751400000, 0x0000000751400000, 0x0000000751600000|  0%| F|  |TAMS 0x0000000751400000, 0x0000000751400000| Untracked 
|  69|0x0000000751600000, 0x0000000751600000, 0x0000000751800000|  0%| F|  |TAMS 0x0000000751600000, 0x0000000751600000| Untracked 
|  70|0x0000000751800000, 0x0000000751800000, 0x0000000751a00000|  0%| F|  |TAMS 0x0000000751800000, 0x0000000751800000| Untracked 
|  71|0x0000000751a00000, 0x0000000751a00000, 0x0000000751c00000|  0%| F|  |TAMS 0x0000000751a00000, 0x0000000751a00000| Untracked 
|  72|0x0000000751c00000, 0x0000000751c00000, 0x0000000751e00000|  0%| F|  |TAMS 0x0000000751c00000, 0x0000000751c00000| Untracked 
|  73|0x0000000751e00000, 0x0000000751e00000, 0x0000000752000000|  0%| F|  |TAMS 0x0000000751e00000, 0x0000000751e00000| Untracked 
|  74|0x0000000752000000, 0x0000000752000000, 0x0000000752200000|  0%| F|  |TAMS 0x0000000752000000, 0x0000000752000000| Untracked 
|  75|0x0000000752200000, 0x0000000752200000, 0x0000000752400000|  0%| F|  |TAMS 0x0000000752200000, 0x0000000752200000| Untracked 
|  76|0x0000000752400000, 0x0000000752400000, 0x0000000752600000|  0%| F|  |TAMS 0x0000000752400000, 0x0000000752400000| Untracked 
|  77|0x0000000752600000, 0x0000000752600000, 0x0000000752800000|  0%| F|  |TAMS 0x0000000752600000, 0x0000000752600000| Untracked 
|  78|0x0000000752800000, 0x0000000752800000, 0x0000000752a00000|  0%| F|  |TAMS 0x0000000752800000, 0x0000000752800000| Untracked 
|  79|0x0000000752a00000, 0x0000000752a00000, 0x0000000752c00000|  0%| F|  |TAMS 0x0000000752a00000, 0x0000000752a00000| Untracked 
|  80|0x0000000752c00000, 0x0000000752c00000, 0x0000000752e00000|  0%| F|  |TAMS 0x0000000752c00000, 0x0000000752c00000| Untracked 
|  81|0x0000000752e00000, 0x0000000752e00000, 0x0000000753000000|  0%| F|  |TAMS 0x0000000752e00000, 0x0000000752e00000| Untracked 
|  82|0x0000000753000000, 0x0000000753000000, 0x0000000753200000|  0%| F|  |TAMS 0x0000000753000000, 0x0000000753000000| Untracked 
|  83|0x0000000753200000, 0x0000000753324e80, 0x0000000753400000| 57%| S|CS|TAMS 0x0000000753200000, 0x0000000753200000| Complete 
|  84|0x0000000753400000, 0x0000000753600000, 0x0000000753600000|100%| S|CS|TAMS 0x0000000753400000, 0x0000000753400000| Complete 
|  85|0x0000000753600000, 0x0000000753600000, 0x0000000753800000|  0%| F|  |TAMS 0x0000000753600000, 0x0000000753600000| Untracked 
|  86|0x0000000753800000, 0x0000000753800000, 0x0000000753a00000|  0%| F|  |TAMS 0x0000000753800000, 0x0000000753800000| Untracked 
|  87|0x0000000753a00000, 0x0000000753a00000, 0x0000000753c00000|  0%| F|  |TAMS 0x0000000753a00000, 0x0000000753a00000| Untracked 
|  88|0x0000000753c00000, 0x0000000753c00000, 0x0000000753e00000|  0%| F|  |TAMS 0x0000000753c00000, 0x0000000753c00000| Untracked 
|  89|0x0000000753e00000, 0x0000000753e00000, 0x0000000754000000|  0%| F|  |TAMS 0x0000000753e00000, 0x0000000753e00000| Untracked 
|  90|0x0000000754000000, 0x0000000754000000, 0x0000000754200000|  0%| F|  |TAMS 0x0000000754000000, 0x0000000754000000| Untracked 
|  91|0x0000000754200000, 0x0000000754200000, 0x0000000754400000|  0%| F|  |TAMS 0x0000000754200000, 0x0000000754200000| Untracked 
|  92|0x0000000754400000, 0x0000000754400000, 0x0000000754600000|  0%| F|  |TAMS 0x0000000754400000, 0x0000000754400000| Untracked 
|  93|0x0000000754600000, 0x0000000754600000, 0x0000000754800000|  0%| F|  |TAMS 0x0000000754600000, 0x0000000754600000| Untracked 
|  94|0x0000000754800000, 0x0000000754800000, 0x0000000754a00000|  0%| F|  |TAMS 0x0000000754800000, 0x0000000754800000| Untracked 
|  95|0x0000000754a00000, 0x0000000754a00000, 0x0000000754c00000|  0%| F|  |TAMS 0x0000000754a00000, 0x0000000754a00000| Untracked 
|  96|0x0000000754c00000, 0x0000000754c00000, 0x0000000754e00000|  0%| F|  |TAMS 0x0000000754c00000, 0x0000000754c00000| Untracked 
|  97|0x0000000754e00000, 0x0000000754e00000, 0x0000000755000000|  0%| F|  |TAMS 0x0000000754e00000, 0x0000000754e00000| Untracked 

Card table byte_map: [0x000002d3b7bf0000,0x000002d3b81b0000] _byte_map_base: 0x000002d3b41aa000

Marking Bits (Prev, Next): (CMBitMap*) 0x000002d3a33b9180, (CMBitMap*) 0x000002d3a33b9140
 Prev Bits: [0x000002d3bb540000, 0x000002d3be310000)
 Next Bits: [0x000002d3b8770000, 0x000002d3bb540000)

Polling page: 0x000002d3a3430000

Metaspace:

Usage:
  Non-class:     70.95 MB used.
      Class:      8.90 MB used.
       Both:     79.86 MB used.

Virtual space:
  Non-class space:       72.00 MB reserved,      71.12 MB ( 99%) committed,  9 nodes.
      Class space:        1.00 GB reserved,       9.06 MB ( <1%) committed,  1 nodes.
             Both:        1.07 GB reserved,      80.19 MB (  7%) committed. 

Chunk freelists:
   Non-Class:  32.00 KB
       Class:  2.92 MB
        Both:  2.95 MB

MaxMetaspaceSize: unlimited
CompressedClassSpaceSize: 1.00 GB
Initial GC threshold: 21.00 MB
Current GC threshold: 116.50 MB
CDS: off
MetaspaceReclaimPolicy: balanced
 - commit_granule_bytes: 65536.
 - commit_granule_words: 8192.
 - virtual_space_node_default_size: 1048576.
 - enlarge_chunks_in_place: 1.
 - new_chunks_are_fully_committed: 0.
 - uncommit_free_chunks: 1.
 - use_allocation_guard: 0.
 - handle_deallocations: 1.


Internal statistics:

num_allocs_failed_limit: 3.
num_arena_births: 432.
num_arena_deaths: 0.
num_vsnodes_births: 10.
num_vsnodes_deaths: 0.
num_space_committed: 1281.
num_space_uncommitted: 0.
num_chunks_returned_to_freelist: 3.
num_chunks_taken_from_freelist: 3170.
num_chunk_merges: 3.
num_chunk_splits: 2436.
num_chunks_enlarged: 2066.
num_purges: 0.
num_inconsistent_stats: 0.

CodeHeap 'non-profiled nmethods': size=120000Kb used=9079Kb max_used=9079Kb free=110920Kb
 bounds [0x000002d3afad0000, 0x000002d3b03b0000, 0x000002d3b7000000]
CodeHeap 'profiled nmethods': size=120000Kb used=40135Kb max_used=40135Kb free=79864Kb
 bounds [0x000002d3a8000000, 0x000002d3aa740000, 0x000002d3af530000]
CodeHeap 'non-nmethods': size=5760Kb used=1407Kb max_used=1506Kb free=4352Kb
 bounds [0x000002d3af530000, 0x000002d3af7a0000, 0x000002d3afad0000]
 total_blobs=14506 nmethods=13772 adapters=642
 compilation: enabled
              stopped_count=0, restarted_count=0
 full_count=0

Compilation events (20 events):
Event: 43.940 Thread 0x000002d3c144cb20 17621       4       androidx.compose.compiler.plugins.kotlin.lower.DurableKeyTransformer$visitCall$1::invoke (5 bytes)
Event: 43.940 Thread 0x000002d3c144cb20 nmethod 17621 0x000002d3b03aa210 code [0x000002d3b03aa3a0, 0x000002d3b03aa448]
Event: 43.941 Thread 0x000002d3c14559e0 nmethod 17623 0x000002d3aa732290 code [0x000002d3aa7324c0, 0x000002d3aa732ca8]
Event: 43.941 Thread 0x000002d3c144cb20 17622       4       androidx.compose.compiler.plugins.kotlin.lower.DurableKeyTransformer$visitCall$1$1::invoke (5 bytes)
Event: 43.942 Thread 0x000002d3c144cb20 nmethod 17622 0x000002d3b03aa510 code [0x000002d3b03aa6a0, 0x000002d3b03aa7b8]
Event: 43.942 Thread 0x000002d3c144cb20 17625       4       androidx.compose.compiler.plugins.kotlin.lower.DurableKeyTransformer$visitCall$1$2::invoke (5 bytes)
Event: 43.944 Thread 0x000002d3c14559e0 17626       1       org.jetbrains.kotlin.ir.expressions.impl.IrDelegatingConstructorCallImpl::getSymbol (5 bytes)
Event: 43.944 Thread 0x000002d3c144cb20 nmethod 17625 0x000002d3b03aa990 code [0x000002d3b03aab20, 0x000002d3b03aac38]
Event: 43.944 Thread 0x000002d3c14559e0 nmethod 17626 0x000002d3b03aae10 code [0x000002d3b03aafa0, 0x000002d3b03ab078]
Event: 43.944 Thread 0x000002d3c144cb20 17624       4       androidx.compose.compiler.plugins.kotlin.lower.DurableKeyTransformer::signatureString (152 bytes)
Event: 43.946 Thread 0x000002d3c14559e0 17628       3       java.lang.Integer::toString (55 bytes)
Event: 43.946 Thread 0x000002d3c14559e0 nmethod 17628 0x000002d3aa732f90 code [0x000002d3aa733160, 0x000002d3aa7334f8]
Event: 43.947 Thread 0x000002d3c14559e0 17629       3       java.lang.String::valueOf (5 bytes)
Event: 43.947 Thread 0x000002d3c14559e0 nmethod 17629 0x000002d3aa733690 code [0x000002d3aa733820, 0x000002d3aa733928]
Event: 43.949 Thread 0x000002d3c4dd75d0 nmethod 17589 0x000002d3b03ab110 code [0x000002d3b03ab3c0, 0x000002d3b03acb58]
Event: 43.949 Thread 0x000002d3c4dd75d0 17630       4       org.jetbrains.kotlin.ir.declarations.impl.IrFunctionCommonImpl::getReturnType (27 bytes)
Event: 43.949 Thread 0x000002d3c14559e0 17631       3       org.jetbrains.kotlin.ir.expressions.impl.IrElseBranchImpl::<init> (39 bytes)
Event: 43.949 Thread 0x000002d3c4dd75d0 nmethod 17630 0x000002d3b03adb10 code [0x000002d3b03adc80, 0x000002d3b03add18]
Event: 43.949 Thread 0x000002d3c4dd75d0 17627       4       androidx.compose.compiler.plugins.kotlin.lower.DurableKeyTransformer::visitCall (55 bytes)
Event: 43.950 Thread 0x000002d3c14559e0 nmethod 17631 0x000002d3aa733a10 code [0x000002d3aa733cc0, 0x000002d3aa734998]

GC Heap History (20 events):
Event: 24.126 GC heap after
{Heap after GC invocations=39 (full 0):
 garbage-first heap   total 200704K, used 99442K [0x0000000748c00000, 0x0000000800000000)
  region size 2048K, 3 young (6144K), 3 survivors (6144K)
 Metaspace       used 70962K, committed 71296K, reserved 1114112K
  class space    used 8160K, committed 8320K, reserved 1048576K
}
Event: 24.134 GC heap before
{Heap before GC invocations=39 (full 0):
 garbage-first heap   total 200704K, used 101490K [0x0000000748c00000, 0x0000000800000000)
  region size 2048K, 4 young (8192K), 3 survivors (6144K)
 Metaspace       used 70962K, committed 71296K, reserved 1114112K
  class space    used 8160K, committed 8320K, reserved 1048576K
}
Event: 24.144 GC heap after
{Heap after GC invocations=40 (full 0):
 garbage-first heap   total 200704K, used 99012K [0x0000000748c00000, 0x0000000800000000)
  region size 2048K, 1 young (2048K), 1 survivors (2048K)
 Metaspace       used 70962K, committed 71296K, reserved 1114112K
  class space    used 8160K, committed 8320K, reserved 1048576K
}
Event: 25.388 GC heap before
{Heap before GC invocations=40 (full 0):
 garbage-first heap   total 200704K, used 160452K [0x0000000748c00000, 0x0000000800000000)
  region size 2048K, 31 young (63488K), 1 survivors (2048K)
 Metaspace       used 71209K, committed 71552K, reserved 1114112K
  class space    used 8162K, committed 8320K, reserved 1048576K
}
Event: 25.398 GC heap after
{Heap after GC invocations=41 (full 0):
 garbage-first heap   total 200704K, used 105228K [0x0000000748c00000, 0x0000000800000000)
  region size 2048K, 4 young (8192K), 4 survivors (8192K)
 Metaspace       used 71209K, committed 71552K, reserved 1114112K
  class space    used 8162K, committed 8320K, reserved 1048576K
}
Event: 28.358 GC heap before
{Heap before GC invocations=42 (full 0):
 garbage-first heap   total 200704K, used 160524K [0x0000000748c00000, 0x0000000800000000)
  region size 2048K, 31 young (63488K), 4 survivors (8192K)
 Metaspace       used 71631K, committed 71936K, reserved 1114112K
  class space    used 8178K, committed 8320K, reserved 1048576K
}
Event: 28.374 GC heap after
{Heap after GC invocations=43 (full 0):
 garbage-first heap   total 200704K, used 110522K [0x0000000748c00000, 0x0000000800000000)
  region size 2048K, 3 young (6144K), 3 survivors (6144K)
 Metaspace       used 71631K, committed 71936K, reserved 1114112K
  class space    used 8178K, committed 8320K, reserved 1048576K
}
Event: 32.032 GC heap before
{Heap before GC invocations=43 (full 0):
 garbage-first heap   total 200704K, used 161722K [0x0000000748c00000, 0x0000000800000000)
  region size 2048K, 28 young (57344K), 3 survivors (6144K)
 Metaspace       used 71960K, committed 72256K, reserved 1114112K
  class space    used 8186K, committed 8320K, reserved 1048576K
}
Event: 32.056 GC heap after
{Heap after GC invocations=44 (full 0):
 garbage-first heap   total 200704K, used 114487K [0x0000000748c00000, 0x0000000800000000)
  region size 2048K, 2 young (4096K), 2 survivors (4096K)
 Metaspace       used 71960K, committed 72256K, reserved 1114112K
  class space    used 8186K, committed 8320K, reserved 1048576K
}
Event: 35.539 GC heap before
{Heap before GC invocations=44 (full 0):
 garbage-first heap   total 200704K, used 165687K [0x0000000748c00000, 0x0000000800000000)
  region size 2048K, 27 young (55296K), 2 survivors (4096K)
 Metaspace       used 72440K, committed 72768K, reserved 1114112K
  class space    used 8208K, committed 8320K, reserved 1048576K
}
Event: 35.553 GC heap after
{Heap after GC invocations=45 (full 0):
 garbage-first heap   total 200704K, used 118405K [0x0000000748c00000, 0x0000000800000000)
  region size 2048K, 4 young (8192K), 4 survivors (8192K)
 Metaspace       used 72440K, committed 72768K, reserved 1114112K
  class space    used 8208K, committed 8320K, reserved 1048576K
}
Event: 39.007 GC heap before
{Heap before GC invocations=45 (full 0):
 garbage-first heap   total 200704K, used 167557K [0x0000000748c00000, 0x0000000800000000)
  region size 2048K, 28 young (57344K), 4 survivors (8192K)
 Metaspace       used 72767K, committed 73152K, reserved 1122304K
  class space    used 8225K, committed 8384K, reserved 1048576K
}
Event: 39.027 GC heap after
{Heap after GC invocations=46 (full 0):
 garbage-first heap   total 200704K, used 120615K [0x0000000748c00000, 0x0000000800000000)
  region size 2048K, 4 young (8192K), 4 survivors (8192K)
 Metaspace       used 72767K, committed 73152K, reserved 1122304K
  class space    used 8225K, committed 8384K, reserved 1048576K
}
Event: 40.254 GC heap before
{Heap before GC invocations=46 (full 0):
 garbage-first heap   total 200704K, used 167719K [0x0000000748c00000, 0x0000000800000000)
  region size 2048K, 27 young (55296K), 4 survivors (8192K)
 Metaspace       used 73489K, committed 73792K, reserved 1122304K
  class space    used 8269K, committed 8384K, reserved 1048576K
}
Event: 40.268 GC heap after
{Heap after GC invocations=47 (full 0):
 garbage-first heap   total 200704K, used 122091K [0x0000000748c00000, 0x0000000800000000)
  region size 2048K, 1 young (2048K), 1 survivors (2048K)
 Metaspace       used 73489K, committed 73792K, reserved 1122304K
  class space    used 8269K, committed 8384K, reserved 1048576K
}
Event: 42.255 GC heap before
{Heap before GC invocations=47 (full 0):
 garbage-first heap   total 200704K, used 169195K [0x0000000748c00000, 0x0000000800000000)
  region size 2048K, 24 young (49152K), 1 survivors (2048K)
 Metaspace       used 79664K, committed 80000K, reserved 1122304K
  class space    used 8879K, committed 9024K, reserved 1048576K
}
Event: 42.269 GC heap after
{Heap after GC invocations=48 (full 0):
 garbage-first heap   total 200704K, used 126178K [0x0000000748c00000, 0x0000000800000000)
  region size 2048K, 3 young (6144K), 3 survivors (6144K)
 Metaspace       used 79664K, committed 80000K, reserved 1122304K
  class space    used 8879K, committed 9024K, reserved 1048576K
}
Event: 43.585 GC heap before
{Heap before GC invocations=48 (full 0):
 garbage-first heap   total 200704K, used 169186K [0x0000000748c00000, 0x0000000800000000)
  region size 2048K, 24 young (49152K), 3 survivors (6144K)
 Metaspace       used 81217K, committed 81536K, reserved 1122304K
  class space    used 9031K, committed 9152K, reserved 1048576K
}
Event: 43.613 GC heap after
{Heap after GC invocations=49 (full 0):
 garbage-first heap   total 200704K, used 137928K [0x0000000748c00000, 0x0000000800000000)
  region size 2048K, 3 young (6144K), 3 survivors (6144K)
 Metaspace       used 81217K, committed 81536K, reserved 1122304K
  class space    used 9031K, committed 9152K, reserved 1048576K
}
Event: 43.951 GC heap before
{Heap before GC invocations=49 (full 0):
 garbage-first heap   total 200704K, used 164552K [0x0000000748c00000, 0x0000000800000000)
  region size 2048K, 16 young (32768K), 3 survivors (6144K)
 Metaspace       used 81772K, committed 82112K, reserved 1122304K
  class space    used 9116K, committed 9280K, reserved 1048576K
}

Dll operation events (2 events):
Event: 0.013 Loaded shared library C:\Program Files\Android\Android Studio1\jbr\bin\java.dll
Event: 2.797 Loaded shared library C:\Program Files\Android\Android Studio1\jbr\bin\verify.dll

Deoptimization events (20 events):
Event: 43.787 Thread 0x000002d3a3366b00 DEOPT PACKING pc=0x000002d3aa5e1fb1 sp=0x000000d69eefbe30
Event: 43.787 Thread 0x000002d3a3366b00 DEOPT UNPACKING pc=0x000002d3af587143 sp=0x000000d69eefb340 mode 0
Event: 43.807 Thread 0x000002d3a3366b00 DEOPT PACKING pc=0x000002d3aa55d1e5 sp=0x000000d69eefd810
Event: 43.807 Thread 0x000002d3a3366b00 DEOPT UNPACKING pc=0x000002d3af587143 sp=0x000000d69eefcc60 mode 0
Event: 43.880 Thread 0x000002d3a3366b00 Uncommon trap: trap_request=0xffffffc6 fr.pc=0x000002d3b0396db8 relative=0x00000000000016d8
Event: 43.880 Thread 0x000002d3a3366b00 Uncommon trap: reason=bimorphic_or_optimized_type_check action=maybe_recompile pc=0x000002d3b0396db8 method=org.jetbrains.kotlin.ir.declarations.IrFunction.transformChildren(Lorg/jetbrains/kotlin/ir/visitors/IrElementTransformer;Ljava/lang/Object;)V @ 8 c
Event: 43.880 Thread 0x000002d3a3366b00 DEOPT PACKING pc=0x000002d3b0396db8 sp=0x000000d69eef6d80
Event: 43.880 Thread 0x000002d3a3366b00 DEOPT UNPACKING pc=0x000002d3af5869a3 sp=0x000000d69eef6d90 mode 2
Event: 43.880 Thread 0x000002d3a3366b00 Uncommon trap: trap_request=0xffffffc6 fr.pc=0x000002d3b0396db8 relative=0x00000000000016d8
Event: 43.880 Thread 0x000002d3a3366b00 Uncommon trap: reason=bimorphic_or_optimized_type_check action=maybe_recompile pc=0x000002d3b0396db8 method=org.jetbrains.kotlin.ir.declarations.IrFunction.transformChildren(Lorg/jetbrains/kotlin/ir/visitors/IrElementTransformer;Ljava/lang/Object;)V @ 8 c
Event: 43.880 Thread 0x000002d3a3366b00 DEOPT PACKING pc=0x000002d3b0396db8 sp=0x000000d69eef6d80
Event: 43.880 Thread 0x000002d3a3366b00 DEOPT UNPACKING pc=0x000002d3af5869a3 sp=0x000000d69eef6d90 mode 2
Event: 43.880 Thread 0x000002d3a3366b00 Uncommon trap: trap_request=0xffffffc6 fr.pc=0x000002d3b0396db8 relative=0x00000000000016d8
Event: 43.880 Thread 0x000002d3a3366b00 Uncommon trap: reason=bimorphic_or_optimized_type_check action=maybe_recompile pc=0x000002d3b0396db8 method=org.jetbrains.kotlin.ir.declarations.IrFunction.transformChildren(Lorg/jetbrains/kotlin/ir/visitors/IrElementTransformer;Ljava/lang/Object;)V @ 8 c
Event: 43.880 Thread 0x000002d3a3366b00 DEOPT PACKING pc=0x000002d3b0396db8 sp=0x000000d69eef6d80
Event: 43.880 Thread 0x000002d3a3366b00 DEOPT UNPACKING pc=0x000002d3af5869a3 sp=0x000000d69eef6d90 mode 2
Event: 43.880 Thread 0x000002d3a3366b00 Uncommon trap: trap_request=0xffffffc6 fr.pc=0x000002d3b0396db8 relative=0x00000000000016d8
Event: 43.880 Thread 0x000002d3a3366b00 Uncommon trap: reason=bimorphic_or_optimized_type_check action=maybe_recompile pc=0x000002d3b0396db8 method=org.jetbrains.kotlin.ir.declarations.IrFunction.transformChildren(Lorg/jetbrains/kotlin/ir/visitors/IrElementTransformer;Ljava/lang/Object;)V @ 8 c
Event: 43.880 Thread 0x000002d3a3366b00 DEOPT PACKING pc=0x000002d3b0396db8 sp=0x000000d69eef6d80
Event: 43.880 Thread 0x000002d3a3366b00 DEOPT UNPACKING pc=0x000002d3af5869a3 sp=0x000000d69eef6d90 mode 2

Classes unloaded (0 events):
No events

Classes redefined (0 events):
No events

Internal exceptions (20 events):
Event: 14.036 Thread 0x000002d3a3366b00 Exception <a 'java/lang/NoSuchMethodError'{0x000000074f507288}: 'void java.lang.invoke.DirectMethodHandle$Holder.invokeSpecial(java.lang.Object, java.lang.Object, int, java.lang.Object)'> (0x000000074f507288) 
thrown [s\src\hotspot\share\interpreter\linkResolver.cpp, line 771]
Event: 14.141 Thread 0x000002d3a3366b00 Exception <a 'java/lang/IncompatibleClassChangeError'{0x000000074f392f40}: Found class java.lang.Object, but interface was expected> (0x000000074f392f40) 
thrown [s\src\hotspot\share\interpreter\linkResolver.cpp, line 838]
Event: 14.351 Thread 0x000002d3a3366b00 Exception <a 'java/lang/NoSuchMethodError'{0x00000007520853d0}: 'java.lang.Object java.lang.invoke.DirectMethodHandle$Holder.newInvokeSpecial(java.lang.Object, java.lang.Object, java.lang.Object, java.lang.Object, java.lang.Object, java.lang.Object, java.lang.Object)'> (0x00000007520853d0) 
thrown [s\src\hotspot\share\interpreter\linkResolver.cpp, line 771]
Event: 14.351 Thread 0x000002d3a3366b00 Exception <a 'java/lang/NoSuchMethodError'{0x000000075208a230}: 'java.lang.Object java.lang.invoke.Invokers$Holder.linkToTargetMethod(java.lang.Object, java.lang.Object, java.lang.Object, java.lang.Object, java.lang.Object, java.lang.Object, java.lang.Object)'> (0x000000075208a230) 
thrown [s\src\hotspot\share\interpreter\linkResolver.cpp, line 771]
Event: 14.516 Thread 0x000002d3a3366b00 Implicit null exception at 0x000002d3afaea872 to 0x000002d3afaeae58
Event: 14.541 Thread 0x000002d3a3366b00 Exception <a 'java/lang/NoSuchMethodError'{0x0000000751fe5da0}: 'java.lang.Object java.lang.invoke.DirectMethodHandle$Holder.invokeInterface(java.lang.Object, java.lang.Object, java.lang.Object)'> (0x0000000751fe5da0) 
thrown [s\src\hotspot\share\interpreter\linkResolver.cpp, line 771]
Event: 14.541 Thread 0x000002d3a3366b00 Exception <a 'java/lang/IncompatibleClassChangeError'{0x0000000751fe9710}: Found class java.lang.Object, but interface was expected> (0x0000000751fe9710) 
thrown [s\src\hotspot\share\interpreter\linkResolver.cpp, line 838]
Event: 14.553 Thread 0x000002d3a3366b00 Implicit null exception at 0x000002d3afaec1f2 to 0x000002d3afaec7ec
Event: 17.728 Thread 0x000002d3a3366b00 Exception <a 'java/lang/NoSuchMethodError'{0x0000000751642178}: 'java.lang.Object java.lang.invoke.DirectMethodHandle$Holder.newInvokeSpecial(java.lang.Object, int, java.lang.Object, java.lang.Object)'> (0x0000000751642178) 
thrown [s\src\hotspot\share\interpreter\linkResolver.cpp, line 771]
Event: 17.793 Thread 0x000002d3a3366b00 Exception <a 'java/lang/NoSuchMethodError'{0x000000075140c7f0}: 'java.lang.Object java.lang.invoke.DirectMethodHandle$Holder.invokeStatic(java.lang.Object, int, java.lang.Object)'> (0x000000075140c7f0) 
thrown [s\src\hotspot\share\interpreter\linkResolver.cpp, line 771]
Event: 18.074 Thread 0x000002d3a3366b00 Implicit null exception at 0x000002d3afdacaaf to 0x000002d3afdacb64
Event: 20.826 Thread 0x000002d3a3366b00 Exception <a 'java/lang/NoSuchMethodError'{0x000000074fe21688}: 'void java.lang.invoke.DirectMethodHandle$Holder.invokeStatic(java.lang.Object, java.lang.Object, java.lang.Object)'> (0x000000074fe21688) 
thrown [s\src\hotspot\share\interpreter\linkResolver.cpp, line 771]
Event: 22.493 Thread 0x000002d3a3366b00 Implicit null exception at 0x000002d3aff640be to 0x000002d3aff64670
Event: 40.767 Thread 0x000002d3a3366b00 Exception <a 'java/lang/NoSuchMethodError'{0x0000000754514b68}: 'java.lang.Object java.lang.invoke.DirectMethodHandle$Holder.invokeStaticInit(java.lang.Object, java.lang.Object, java.lang.Object, java.lang.Object)'> (0x0000000754514b68) 
thrown [s\src\hotspot\share\interpreter\linkResolver.cpp, line 771]
Event: 41.145 Thread 0x000002d3a3366b00 Exception <a 'java/lang/NoSuchMethodError'{0x0000000753620650}: 'java.lang.Object java.lang.invoke.DirectMethodHandle$Holder.newInvokeSpecial(java.lang.Object, java.lang.Object, java.lang.Object, int, int)'> (0x0000000753620650) 
thrown [s\src\hotspot\share\interpreter\linkResolver.cpp, line 771]
Event: 41.146 Thread 0x000002d3a3366b00 Exception <a 'java/lang/NoSuchMethodError'{0x0000000753624490}: 'java.lang.Object java.lang.invoke.DirectMethodHandle$Holder.invokeSpecial(java.lang.Object, java.lang.Object, java.lang.Object, java.lang.Object, int, int)'> (0x0000000753624490) 
thrown [s\src\hotspot\share\interpreter\linkResolver.cpp, line 771]
Event: 41.224 Thread 0x000002d3a3366b00 Exception <a 'java/lang/NoSuchMethodError'{0x0000000753497e28}: 'java.lang.Object java.lang.invoke.Invokers$Holder.linkToTargetMethod(java.lang.Object, java.lang.Object, int, int, java.lang.Object, java.lang.Object, java.lang.Object, java.lang.Object, java.lang.Object)'> (0x0000000753497e28) 
thrown [s\src\hotspot\share\interpreter\linkResolver.cpp, line 771]
Event: 41.256 Thread 0x000002d3a3366b00 Implicit null exception at 0x000002d3afb38ff0 to 0x000002d3afb3922c
Event: 41.486 Thread 0x000002d3a3366b00 Exception <a 'java/lang/NoSuchMethodError'{0x0000000752f2d5e0}: 'java.lang.Object java.lang.invoke.DirectMethodHandle$Holder.newInvokeSpecial(java.lang.Object, java.lang.Object, int, int, java.lang.Object, java.lang.Object, java.lang.Object)'> (0x0000000752f2d5e0) 
thrown [s\src\hotspot\share\interpreter\linkResolver.cpp, line 771]
Event: 41.487 Thread 0x000002d3a3366b00 Exception <a 'java/lang/NoSuchMethodError'{0x0000000752f31e88}: 'java.lang.Object java.lang.invoke.DirectMethodHandle$Holder.invokeSpecial(java.lang.Object, java.lang.Object, java.lang.Object, int, int, java.lang.Object, java.lang.Object, java.lang.Object)'> (0x0000000752f31e88) 
thrown [s\src\hotspot\share\interpreter\linkResolver.cpp, line 771]

VM Operations (20 events):
Event: 43.295 Executing VM operation: HandshakeAllThreads done
Event: 43.312 Executing VM operation: HandshakeAllThreads
Event: 43.312 Executing VM operation: HandshakeAllThreads done
Event: 43.314 Executing VM operation: HandshakeAllThreads
Event: 43.315 Executing VM operation: HandshakeAllThreads done
Event: 43.436 Executing VM operation: ICBufferFull
Event: 43.436 Executing VM operation: ICBufferFull done
Event: 43.584 Executing VM operation: G1CollectForAllocation
Event: 43.613 Executing VM operation: G1CollectForAllocation done
Event: 43.639 Executing VM operation: HandshakeAllThreads
Event: 43.639 Executing VM operation: HandshakeAllThreads done
Event: 43.640 Executing VM operation: HandshakeAllThreads
Event: 43.640 Executing VM operation: HandshakeAllThreads done
Event: 43.653 Executing VM operation: HandshakeAllThreads
Event: 43.653 Executing VM operation: HandshakeAllThreads done
Event: 43.658 Executing VM operation: HandshakeAllThreads
Event: 43.658 Executing VM operation: HandshakeAllThreads done
Event: 43.864 Executing VM operation: ICBufferFull
Event: 43.865 Executing VM operation: ICBufferFull done
Event: 43.951 Executing VM operation: G1CollectForAllocation

Events (20 events):
Event: 41.139 Thread 0x000002d3c145cf00 flushing nmethod 0x000002d3aa146810
Event: 41.139 Thread 0x000002d3c145cf00 flushing nmethod 0x000002d3aa17fd90
Event: 41.139 Thread 0x000002d3c145cf00 flushing nmethod 0x000002d3aa190810
Event: 41.139 Thread 0x000002d3c145cf00 flushing nmethod 0x000002d3aa191290
Event: 41.139 Thread 0x000002d3c145cf00 flushing nmethod 0x000002d3aa198d90
Event: 41.139 Thread 0x000002d3c145cf00 flushing nmethod 0x000002d3aa1a5190
Event: 41.140 Thread 0x000002d3c145cf00 flushing nmethod 0x000002d3aa26ae90
Event: 41.140 Thread 0x000002d3c145cf00 flushing nmethod 0x000002d3aa26c610
Event: 41.141 Thread 0x000002d3c145cf00 flushing nmethod 0x000002d3aa315990
Event: 41.141 Thread 0x000002d3c145cf00 flushing nmethod 0x000002d3aa35a310
Event: 41.141 Thread 0x000002d3c145cf00 flushing nmethod 0x000002d3aa361e90
Event: 41.141 Thread 0x000002d3c145cf00 flushing nmethod 0x000002d3aa362790
Event: 41.141 Thread 0x000002d3c145cf00 flushing nmethod 0x000002d3aa3c5790
Event: 41.276 Thread 0x000002d3c4dd75d0 Thread added: 0x000002d3c4dd75d0
Event: 42.960 Thread 0x000002d3c145cf00 flushing nmethod 0x000002d3b0335a10
Event: 42.960 Thread 0x000002d3c145cf00 flushing nmethod 0x000002d3a801ce10
Event: 42.970 Thread 0x000002d3c145cf00 flushing nmethod 0x000002d3a8aa7410
Event: 42.972 Thread 0x000002d3c145cf00 flushing nmethod 0x000002d3a8cab790
Event: 42.984 Thread 0x000002d3c145cf00 flushing nmethod 0x000002d3a9afb710
Event: 42.990 Thread 0x000002d3c145cf00 flushing nmethod 0x000002d3a9f57090


Dynamic libraries:
0x00007ff7c5ed0000 - 0x00007ff7c5eda000 	C:\Program Files\Android\Android Studio1\jbr\bin\java.exe
0x00007fffa4c70000 - 0x00007fffa4e68000 	C:\WINDOWS\SYSTEM32\ntdll.dll
0x00007fffa4950000 - 0x00007fffa4a0d000 	C:\WINDOWS\System32\KERNEL32.DLL
0x00007fffa2340000 - 0x00007fffa2636000 	C:\WINDOWS\System32\KERNELBASE.dll
0x00007fffa2800000 - 0x00007fffa2900000 	C:\WINDOWS\System32\ucrtbase.dll
0x00007fff8e890000 - 0x00007fff8e8a7000 	C:\Program Files\Android\Android Studio1\jbr\bin\jli.dll
0x00007fff9d470000 - 0x00007fff9d48b000 	C:\Program Files\Android\Android Studio1\jbr\bin\VCRUNTIME140.dll
0x00007fffa3bd0000 - 0x00007fffa3d6e000 	C:\WINDOWS\System32\USER32.dll
0x00007fff90320000 - 0x00007fff905ba000 	C:\WINDOWS\WinSxS\amd64_microsoft.windows.common-controls_6595b64144ccf1df_6.0.19041.3636_none_60b6a03d71f818d5\COMCTL32.dll
0x00007fffa2c00000 - 0x00007fffa2c22000 	C:\WINDOWS\System32\win32u.dll
0x00007fffa48b0000 - 0x00007fffa494e000 	C:\WINDOWS\System32\msvcrt.dll
0x00007fffa4710000 - 0x00007fffa473c000 	C:\WINDOWS\System32\GDI32.dll
0x00007fffa2a60000 - 0x00007fffa2b7a000 	C:\WINDOWS\System32\gdi32full.dll
0x00007fffa2760000 - 0x00007fffa27fd000 	C:\WINDOWS\System32\msvcp_win.dll
0x00007fffa42d0000 - 0x00007fffa4300000 	C:\WINDOWS\System32\IMM32.DLL
0x00007fff9f500000 - 0x00007fff9f50c000 	C:\Program Files\Android\Android Studio1\jbr\bin\vcruntime140_1.dll
0x00007fff8b9c0000 - 0x00007fff8ba4d000 	C:\Program Files\Android\Android Studio1\jbr\bin\msvcp140.dll
0x00007fff20270000 - 0x00007fff20ede000 	C:\Program Files\Android\Android Studio1\jbr\bin\server\jvm.dll
0x00007fffa2cc0000 - 0x00007fffa2d73000 	C:\WINDOWS\System32\ADVAPI32.dll
0x00007fffa4540000 - 0x00007fffa45df000 	C:\WINDOWS\System32\sechost.dll
0x00007fffa45e0000 - 0x00007fffa4706000 	C:\WINDOWS\System32\RPCRT4.dll
0x00007fffa2b80000 - 0x00007fffa2ba7000 	C:\WINDOWS\System32\bcrypt.dll
0x00007fff9dcf0000 - 0x00007fff9dcf9000 	C:\WINDOWS\SYSTEM32\WSOCK32.dll
0x00007fff90610000 - 0x00007fff90637000 	C:\WINDOWS\SYSTEM32\WINMM.dll
0x00007fffa4bc0000 - 0x00007fffa4c2b000 	C:\WINDOWS\System32\WS2_32.dll
0x00007fff9c670000 - 0x00007fff9c67a000 	C:\WINDOWS\SYSTEM32\VERSION.dll
0x00007fffa01f0000 - 0x00007fffa0202000 	C:\WINDOWS\SYSTEM32\kernel.appcore.dll
0x00007fff9de40000 - 0x00007fff9de4a000 	C:\Program Files\Android\Android Studio1\jbr\bin\jimage.dll
0x00007fff8d0f0000 - 0x00007fff8d2d4000 	C:\WINDOWS\SYSTEM32\DBGHELP.DLL
0x00007fff8e4f0000 - 0x00007fff8e524000 	C:\WINDOWS\SYSTEM32\dbgcore.DLL
0x00007fffa2c30000 - 0x00007fffa2cb2000 	C:\WINDOWS\System32\bcryptPrimitives.dll
0x00007fff9b660000 - 0x00007fff9b685000 	C:\Program Files\Android\Android Studio1\jbr\bin\java.dll
0x00007fff9bab0000 - 0x00007fff9bac8000 	C:\Program Files\Android\Android Studio1\jbr\bin\zip.dll
0x00007fffa2d80000 - 0x00007fffa34c5000 	C:\WINDOWS\System32\SHELL32.dll
0x00007fffa03f0000 - 0x00007fffa0b8b000 	C:\WINDOWS\SYSTEM32\windows.storage.dll
0x00007fffa34d0000 - 0x00007fffa3824000 	C:\WINDOWS\System32\combase.dll
0x00007fffa1d70000 - 0x00007fffa1d9d000 	C:\WINDOWS\SYSTEM32\Wldp.dll
0x00007fffa4490000 - 0x00007fffa453d000 	C:\WINDOWS\System32\SHCORE.dll
0x00007fffa4430000 - 0x00007fffa4485000 	C:\WINDOWS\System32\shlwapi.dll
0x00007fffa2270000 - 0x00007fffa2295000 	C:\WINDOWS\SYSTEM32\profapi.dll
0x00007fff9b790000 - 0x00007fff9b7a9000 	C:\Program Files\Android\Android Studio1\jbr\bin\net.dll
0x00007fff9a470000 - 0x00007fff9a57a000 	C:\WINDOWS\SYSTEM32\WINHTTP.dll
0x00007fffa1ad0000 - 0x00007fffa1b3a000 	C:\WINDOWS\system32\mswsock.dll
0x00007fff980a0000 - 0x00007fff980b6000 	C:\Program Files\Android\Android Studio1\jbr\bin\nio.dll
0x00007fff9c0f0000 - 0x00007fff9c100000 	C:\Program Files\Android\Android Studio1\jbr\bin\verify.dll

dbghelp: loaded successfully - version: 4.0.5 - missing functions: none
symbol engine: initialized successfully - sym options: 0x614 - pdb path: .;C:\Program Files\Android\Android Studio1\jbr\bin;C:\WINDOWS\SYSTEM32;C:\WINDOWS\WinSxS\amd64_microsoft.windows.common-controls_6595b64144ccf1df_6.0.19041.3636_none_60b6a03d71f818d5;C:\Program Files\Android\Android Studio1\jbr\bin\server

VM Arguments:
java_command: org.jetbrains.kotlin.cli.jvm.K2JVMCompiler @C:\Users\ABDO\Desktop\i-Freeze\SecuriteAndroidApp\app\build\20240211_6813352297974698793.compiler.options
java_class_path (initial): C:\Users\ABDO\.gradle\caches\modules-2\files-2.1\org.jetbrains.kotlin\kotlin-compiler-embeddable\1.8.10\b0757fd774344d54ce93f5ad6c30ba1c1731c8ff\kotlin-compiler-embeddable-1.8.10.jar;C:\Users\ABDO\.gradle\caches\modules-2\files-2.1\org.jetbrains.kotlin\kotlin-stdlib\1.8.10\6d5560a229477df9406943d5feda5618e98eb64c\kotlin-stdlib-1.8.10.jar;C:\Users\ABDO\.gradle\caches\modules-2\files-2.1\org.jetbrains.kotlin\kotlin-script-runtime\1.8.10\b13ea9c7e46d589139e56086a878763290e20bd5\kotlin-script-runtime-1.8.10.jar;C:\Users\ABDO\.gradle\caches\modules-2\files-2.1\org.jetbrains.kotlin\kotlin-reflect\1.6.10\1cbe9c92c12a94eea200d23c2bbaedaf3daf5132\kotlin-reflect-1.6.10.jar;C:\Users\ABDO\.gradle\caches\modules-2\files-2.1\org.jetbrains.kotlin\kotlin-daemon-embeddable\1.8.10\ad8541d9bc1cf9e52c3204161247910c2cf601d4\kotlin-daemon-embeddable-1.8.10.jar;C:\Users\ABDO\.gradle\caches\modules-2\files-2.1\org.jetbrains.intellij.deps\trove4j\1.0.20200330\3afb14d5f9ceb459d724e907a21145e8ff394f02\trove4j-1.0.20200330.jar;C:\Users\ABDO\.gradle\caches\modules-2\files-2.1\net.java.dev.jna\jna\5.6.0\330f2244e9030119ab3030fc3fededc86713d9cc\jna-5.6.0.jar;C:\Users\ABDO\.gradle\caches\modules-2\files-2.1\org.jetbrains.kotlin\kotlin-stdlib-common\1.8.10\a61b182458550492c12aee66157d7b524a63a5ec\kotlin-stdlib-common-1.8.10.jar;C:\Users\ABDO\.gradle\caches\modules-2\files-2.1\org.jetbrains\annotations\13.0\919f0dfe192fb4e063e7dacadee7f8bb9a2672a9\annotations-13.0.jar
Launcher Type: SUN_STANDARD

[Global flags]
     intx CICompilerCount                          = 3                                         {product} {ergonomic}
     uint ConcGCThreads                            = 1                                         {product} {ergonomic}
     uint G1ConcRefinementThreads                  = 4                                         {product} {ergonomic}
   size_t G1HeapRegionSize                         = 2097152                                   {product} {ergonomic}
    uintx GCDrainStackTargetSize                   = 64                                        {product} {ergonomic}
   size_t InitialHeapSize                          = 192937984                                 {product} {ergonomic}
   size_t MarkStackSize                            = 4194304                                   {product} {ergonomic}
   size_t MaxHeapSize                              = 3074424832                                {product} {ergonomic}
   size_t MaxNewSize                               = 1843396608                                {product} {ergonomic}
   size_t MinHeapDeltaBytes                        = 2097152                                   {product} {ergonomic}
   size_t MinHeapSize                              = 8388608                                   {product} {ergonomic}
    uintx NonNMethodCodeHeapSize                   = 5832780                                {pd product} {ergonomic}
    uintx NonProfiledCodeHeapSize                  = 122912730                              {pd product} {ergonomic}
    uintx ProfiledCodeHeapSize                     = 122912730                              {pd product} {ergonomic}
    uintx ReservedCodeCacheSize                    = 251658240                              {pd product} {ergonomic}
     bool SegmentedCodeCache                       = true                                      {product} {ergonomic}
   size_t SoftMaxHeapSize                          = 3074424832                             {manageable} {ergonomic}
     bool UseCompressedClassPointers               = true                           {product lp64_product} {ergonomic}
     bool UseCompressedOops                        = true                           {product lp64_product} {ergonomic}
     bool UseG1GC                                  = true                                      {product} {ergonomic}
     bool UseLargePagesIndividualAllocation        = false                                  {pd product} {ergonomic}

Logging:
Log output configuration:
 #0: stdout all=warning uptime,level,tags
 #1: stderr all=off uptime,level,tags

Environment Variables:
JAVA_HOME=C:\Program Files\Java\jdk-11
PATH=C:\Program Files\Common Files\Oracle\Java\javapath;C:\Program Files (x86)\Common Files\Intel\Shared Libraries\redist\intel64\compiler;C:\WINDOWS\system32;C:\WINDOWS;C:\WINDOWS\System32\Wbem;C:\WINDOWS\System32\WindowsPowerShell\v1.0\;C:\WINDOWS\System32\OpenSSH\;C:\Program Files\dotnet\;C:\Program Files\Git\cmd;C:\gradle\gradle-8.2.1\bin;C:\Program Files\Java\jdk-11\bin;C:\Program Files\Android\Android Studio1\gradle\gradle-8.0\bin;C:\Users\ABDO\AppData\Local\Programs\Microsoft VS Code\bin
USERNAME=ABDO
OS=Windows_NT
PROCESSOR_IDENTIFIER=Intel64 Family 6 Model 60 Stepping 3, GenuineIntel
TMP=C:\Users\ABDO\AppData\Local\Temp
TEMP=C:\Users\ABDO\AppData\Local\Temp


JNI global refs:
JNI global refs: 10, weak refs: 2

JNI global refs memory usage: 843, weak refs: 841


---------------  S Y S T E M  ---------------

OS:
 Windows 10 , 64 bit Build 19041 (10.0.19041.3636)
OS uptime: 2 days 6:19 hours

CPU: total 4 (initial active 4) (2 cores per cpu, 2 threads per core) family 6 model 60 stepping 3 microcode 0x28, cx8, cmov, fxsr, ht, mmx, sse, sse2, sse3, ssse3, sse4.1, sse4.2, popcnt, lzcnt, tsc, tscinvbit, avx, avx2, aes, erms, clmul, bmi1, bmi2, fma, vzeroupper, clflush

Memory: 4k page, system-wide physical 11721M (623M free)
TotalPageFile size 24521M (AvailPageFile size 223M)
current process WorkingSet (physical memory assigned to process): 450M, peak: 451M
current process commit charge ("private bytes"): 478M, peak: 712M

vm_info: OpenJDK 64-Bit Server VM (17.0.6+0-b2043.56-10027231) for windows-amd64 JRE (17.0.6+0-b2043.56-10027231), built on Apr 28 2023 00:43:19 by "androidbuild" with MS VC++ 16.10 / 16.11 (VS2019)

END.
